
aurora -b -a 3 -c -T -Y3 -l4 -d0 -e /dev/ttyUSB0 

szttyDevice: /dev/ttyUSB0
yDelay:     4
yTimeout    0 mS
yMaxRunTime ~
devLCKfile: </var/lock/LCK..ttyUSB0>
devLCKfileNew: </var/lock/LCK..ttyUSB0.20051>
Got Params

RunTime     20200225-09:27:53 v1.9.3 
Endian    : Little
tm_gmtoff : yes
PID       : 20051

Attempting to get lock on Serial Port /dev/ttyUSB0...
Checking for lock
PID: 20051 COMMAND: "aurora" LckPID: 20051 LckCOMMAND: "aurora" LckPIDcommand "aurora" = me
Appears we got the lock.

Opening Serial Port /dev/ttyUSB0...  Serial Port /dev/ttyUSB0 successfully opened.
Configuring serial device... Flushing unread data first...  Success!
Flushing serial device buffer... Success!

Comm Check: Let's see if the Aurora is listening... 
Elapsed time since last comm 0 us
Attempt 1
Clearing read buffer Success!
szSerBufferSave OK! 03 3a 00 00 00 00 00 00 00 00 
command: 03 3a 00 00 00 00 00 00 be 36 
Flushing serial device buffer... Success!
Sending command... sent 10 characters
Draining serial device buffer... Success!
Cleared data buffer: 00 00 00 00 00 00 00 00 00 00 
Read char #1 RC=1 (33) waited/max     8393/4000000  uS 
Read char #2 RC=1 (55) waited/max        7/4000000  uS 
Read char #3 RC=1 (4e) waited/max        7/4000000  uS 
Read char #4 RC=1 (4e) waited/max        7/4000000  uS 
Read char #5 RC=1 (7a) waited/max        7/4000000  uS 
Read char #6 RC=1 (68) waited/max        7/4000000  uS 
Read char #7 RC=0 (00) 
answer:  Got -1 characters

Elapsed time since last comm 0 us
Attempt 2
Clearing read buffer Success!
szSerBufferSave OK! 03 3a 00 00 00 00 00 00 00 00 
command: 03 3a 00 00 00 00 00 00 be 36 
Flushing serial device buffer... Success!
Sending command... sent 10 characters
Draining serial device buffer... Success!
Cleared data buffer: 00 00 00 00 00 00 00 00 00 00 
Read char #1 RC=1 (00) waited/max      763/4000000  uS 
Read char #2 RC=1 (06) waited/max        7/4000000  uS 
Read char #3 RC=1 (33) waited/max        7/4000000  uS 
Read char #4 RC=1 (55) waited/max        7/4000000  uS 
Read char #5 RC=1 (4e) waited/max        7/4000000  uS 
Read char #6 RC=1 (4e) waited/max        7/4000000  uS 
Read char #7 RC=1 (7a) waited/max        7/4000000  uS 
Read char #8 RC=1 (68) waited/max        7/4000000  uS 
answer:  00 06 33 55 4e 4e 7a 68 
received 8 characters
CRC receive OK 687a
Transmission State Check: 0
Model ID "3" qMultiplier -1.0000000 -- PVI-3.6-OUTD --
Comm Check: OK

Elapsed time since last comm 215 us
Attempt 1
Clearing read buffer Success!
szSerBufferSave OK! 03 3b 04 00 00 00 00 00 00 00 
command: 03 3b 04 00 00 00 00 00 c7 b9 
Flushing serial device buffer... Success!
Sending command... sent 10 characters
Draining serial device buffer... Success!
Cleared data buffer: 00 00 00 00 00 00 00 00 00 00 
Read char #1 RC=0 (00) waited/max   408108/4000000  uS 
answer:  Got -1 characters

Elapsed time since last comm 0 us
Attempt 2
Clearing read buffer Success!
szSerBufferSave OK! 03 3b 04 00 00 00 00 00 00 00 
command: 03 3b 04 00 00 00 00 00 c7 b9 
Flushing serial device buffer... Success!
Sending command... sent 10 characters
Draining serial device buffer... Success!
Cleared data buffer: 00 00 00 00 00 00 00 00 00 00 
Read char #1 RC=0 (00) 
answer:  Got -1 characters

Elapsed time since last comm 0 us
Attempt 3
Clearing read buffer Success!
szSerBufferSave OK! 03 3b 04 00 00 00 00 00 00 00 
command: 03 3b 04 00 00 00 00 00 c7 b9 
Flushing serial device buffer... Success!
Sending command... sent 10 characters
Draining serial device buffer... Success!
Cleared data buffer: 00 00 00 00 00 00 00 00 00 00 
Read char #1 RC=1 (00) waited/max     1986/4000000  uS 
Read char #2 RC=1 (06) waited/max        8/4000000  uS 
Read char #3 RC=1 (42) waited/max        7/4000000  uS 
Read char #4 RC=1 (48) waited/max        7/4000000  uS 
Read char #5 RC=1 (14) waited/max        6/4000000  uS 
Read char #6 RC=1 (7d) waited/max        6/4000000  uS 
Read char #7 RC=1 (f1) waited/max        6/4000000  uS 
Read char #8 RC=1 (79) waited/max        7/4000000  uS 
answer:  00 06 42 48 14 7d f1 79 
received 8 characters
CRC receive OK 79f1
Transmission State Check: 0
szCvrtFloat    50.020008 0x4248147d
value        50.020008

Elapsed time since last comm 84 us
Attempt 1
Clearing read buffer Success!
szSerBufferSave OK! 03 3b 01 00 00 00 00 00 00 00 
command: 03 3b 01 00 00 00 00 00 40 ad 
Flushing serial device buffer... Success!
Sending command... sent 10 characters
Draining serial device buffer... Success!
Cleared data buffer: 00 00 00 00 00 00 00 00 00 00 
Read char #1 RC=0 (00) waited/max   407443/4000000  uS 
answer:  Got -1 characters

Elapsed time since last comm 0 us
Attempt 2
Clearing read buffer Success!
szSerBufferSave OK! 03 3b 01 00 00 00 00 00 00 00 
command: 03 3b 01 00 00 00 00 00 40 ad 
Flushing serial device buffer... Success!
Sending command... sent 10 characters
Draining serial device buffer... Success!
Cleared data buffer: 00 00 00 00 00 00 00 00 00 00 
Read char #1 RC=1 (2b) waited/max    14846/4000000  uS 
Read char #2 RC=1 (15) waited/max        7/4000000  uS 
Read char #3 RC=0 (00) 
answer:  Got -1 characters

Elapsed time since last comm 0 us
Attempt 3
Clearing read buffer Success!
szSerBufferSave OK! 03 3b 01 00 00 00 00 00 00 00 
command: 03 3b 01 00 00 00 00 00 40 ad 
Flushing serial device buffer... Success!
Sending command... sent 10 characters
Draining serial device buffer... Success!
Cleared data buffer: 00 00 00 00 00 00 00 00 00 00 
Read char #1 RC=1 (00) waited/max    23212/4000000  uS 
Read char #2 RC=1 (06) waited/max        7/4000000  uS 
Read char #3 RC=1 (43) waited/max        7/4000000  uS 
Read char #4 RC=1 (74) waited/max        7/4000000  uS 
Read char #5 RC=1 (92) waited/max        7/4000000  uS 
Read char #6 RC=1 (02) waited/max        7/4000000  uS 
Read char #7 RC=1 (2b) waited/max        7/4000000  uS 
Read char #8 RC=1 (15) waited/max        6/4000000  uS 
answer:  00 06 43 74 92 02 2b 15 
received 8 characters
CRC receive OK 152b
Transmission State Check: 0
szCvrtFloat   244.570343 0x43749202
value       244.570343

Elapsed time since last comm 83 us
Attempt 1
Clearing read buffer Success!
szSerBufferSave OK! 03 3b 02 00 00 00 00 00 00 00 
command: 03 3b 02 00 00 00 00 00 3d a1 
Flushing serial device buffer... Success!
Sending command... sent 10 characters
Draining serial device buffer... Success!
Cleared data buffer: 00 00 00 00 00 00 00 00 00 00 
Read char #1 RC=0 (00) waited/max   408910/4000000  uS 
answer:  Got -1 characters

Elapsed time since last comm 0 us
Attempt 2
Clearing read buffer Success!
szSerBufferSave OK! 03 3b 02 00 00 00 00 00 00 00 
command: 03 3b 02 00 00 00 00 00 3d a1 
Flushing serial device buffer... Success!
Sending command... sent 10 characters
Draining serial device buffer... Success!
Cleared data buffer: 00 00 00 00 00 00 00 00 00 00 
Read char #1 RC=1 (00) waited/max      320/4000000  uS 
Read char #2 RC=1 (06) waited/max        7/4000000  uS 
Read char #3 RC=1 (3f) waited/max        7/4000000  uS 
Read char #4 RC=1 (90) waited/max        7/4000000  uS 
Read char #5 RC=1 (3e) waited/max        6/4000000  uS 
Read char #6 RC=1 (55) waited/max        7/4000000  uS 
Read char #7 RC=1 (ff) waited/max        7/4000000  uS 
Read char #8 RC=1 (92) waited/max        7/4000000  uS 
answer:  00 06 3f 90 3e 55 ff 92 
received 8 characters
CRC receive OK 92ff
Transmission State Check: 0
szCvrtFloat     1.126902 0x3f903e55
value         1.126902

Elapsed time since last comm 73 us
Attempt 1
Clearing read buffer Success!
szSerBufferSave OK! 03 3b 03 00 00 00 00 00 00 00 
command: 03 3b 03 00 00 00 00 00 16 a5 
Flushing serial device buffer... Success!
Sending command... sent 10 characters
Draining serial device buffer... Success!
Cleared data buffer: 00 00 00 00 00 00 00 00 00 00 
Read char #1 RC=0 (00) 
answer:  Got -1 characters

Elapsed time since last comm 0 us
Attempt 2
Clearing read buffer Success!
szSerBufferSave OK! 03 3b 03 00 00 00 00 00 00 00 
command: 03 3b 03 00 00 00 00 00 16 a5 
Flushing serial device buffer... Success!
Sending command... sent 10 characters
Draining serial device buffer... Success!
Cleared data buffer: 00 00 00 00 00 00 00 00 00 00 
Read char #1 RC=1 (87) waited/max    15129/4000000  uS 
Read char #2 RC=1 (bb) waited/max        8/4000000  uS 
Read char #3 RC=1 (a1) waited/max        6/4000000  uS 
Read char #4 RC=1 (c1) waited/max        7/4000000  uS 
Read char #5 RC=1 (15) waited/max        7/4000000  uS 
Read char #6 RC=0 (00) waited/max   402932/4000000  uS 
answer:  Got -1 characters

Elapsed time since last comm 0 us
Attempt 3
Clearing read buffer Success!
szSerBufferSave OK! 03 3b 03 00 00 00 00 00 00 00 
command: 03 3b 03 00 00 00 00 00 16 a5 
Flushing serial device buffer... Success!
Sending command... sent 10 characters
Draining serial device buffer... Success!
Cleared data buffer: 00 00 00 00 00 00 00 00 00 00 
Read char #1 RC=1 (00) waited/max     7540/4000000  uS 
Read char #2 RC=1 (06) waited/max        7/4000000  uS 
Read char #3 RC=1 (43) waited/max        7/4000000  uS 
Read char #4 RC=1 (86) waited/max        7/4000000  uS 
Read char #5 RC=1 (ec) waited/max        7/4000000  uS 
Read char #6 RC=1 (52) waited/max        6/4000000  uS 
Read char #7 RC=1 (f6) waited/max        7/4000000  uS 
Read char #8 RC=1 (14) waited/max        6/4000000  uS 
answer:  00 06 43 86 ec 52 f6 14 
received 8 characters
CRC receive OK 14f6
Transmission State Check: 0
szCvrtFloat   269.846252 0x4386ec52
value       269.846252

Elapsed time since last comm 83 us
Attempt 1
Clearing read buffer Success!
szSerBufferSave OK! 03 3b 17 00 00 00 00 00 00 00 
command: 03 3b 17 00 00 00 00 00 0a f7 
Flushing serial device buffer... Success!
Sending command... sent 10 characters
Draining serial device buffer... Success!
Cleared data buffer: 00 00 00 00 00 00 00 00 00 00 
Read char #1 RC=0 (00) waited/max   407456/4000000  uS 
answer:  Got -1 characters

Elapsed time since last comm 0 us
Attempt 2
Clearing read buffer Success!
szSerBufferSave OK! 03 3b 17 00 00 00 00 00 00 00 
command: 03 3b 17 00 00 00 00 00 0a f7 
Flushing serial device buffer... Success!
Sending command... sent 10 characters
Draining serial device buffer... Success!
Cleared data buffer: 00 00 00 00 00 00 00 00 00 00 
Read char #1 RC=1 (c8) waited/max    10390/4000000  uS 
Read char #2 RC=1 (47) waited/max        7/4000000  uS 
Read char #3 RC=1 (b6) waited/max        7/4000000  uS 
Read char #4 RC=1 (e6) waited/max        7/4000000  uS 
Read char #5 RC=1 (e8) waited/max        7/4000000  uS 
Read char #6 RC=0 (00) 
answer:  Got -1 characters

Elapsed time since last comm 0 us
Attempt 3
Clearing read buffer Success!
szSerBufferSave OK! 03 3b 17 00 00 00 00 00 00 00 
command: 03 3b 17 00 00 00 00 00 0a f7 
Flushing serial device buffer... Success!
Sending command... sent 10 characters
Draining serial device buffer... Success!
Cleared data buffer: 00 00 00 00 00 00 00 00 00 00 
Read char #1 RC=1 (00) waited/max     2747/4000000  uS 
Read char #2 RC=1 (06) waited/max        7/4000000  uS 
Read char #3 RC=1 (43) waited/max        6/4000000  uS 
Read char #4 RC=1 (c8) waited/max        7/4000000  uS 
Read char #5 RC=1 (47) waited/max        6/4000000  uS 
Read char #6 RC=1 (b6) waited/max        7/4000000  uS 
Read char #7 RC=1 (e6) waited/max        7/4000000  uS 
Read char #8 RC=1 (e8) waited/max    15441/4000000  uS 
answer:  00 06 43 c8 47 b6 e6 e8 
received 8 characters
CRC receive OK e8e6
Transmission State Check: 0
szCvrtFloat   400.560242 0x43c847b6
value       400.560242

Elapsed time since last comm 86 us
Attempt 1
Clearing read buffer Success!
szSerBufferSave OK! 03 3b 19 00 00 00 00 00 00 00 
command: 03 3b 19 00 00 00 00 00 a8 ce 
Flushing serial device buffer... Success!
Sending command... sent 10 characters
Draining serial device buffer... Success!
Cleared data buffer: 00 00 00 00 00 00 00 00 00 00 
Read char #1 RC=0 (00) waited/max   408842/4000000  uS 
answer:  Got -1 characters

Elapsed time since last comm 0 us
Attempt 2
Clearing read buffer Success!
szSerBufferSave OK! 03 3b 19 00 00 00 00 00 00 00 
command: 03 3b 19 00 00 00 00 00 a8 ce 
Flushing serial device buffer... Success!
Sending command... sent 10 characters
Draining serial device buffer... Success!
Cleared data buffer: 00 00 00 00 00 00 00 00 00 00 
Read char #1 RC=0 (00) 
answer:  Got -1 characters

Elapsed time since last comm 0 us
Attempt 3
Clearing read buffer Success!
szSerBufferSave OK! 03 3b 19 00 00 00 00 00 00 00 
command: 03 3b 19 00 00 00 00 00 a8 ce 
Flushing serial device buffer... Success!
Sending command... sent 10 characters
Draining serial device buffer... Success!
Cleared data buffer: 00 00 00 00 00 00 00 00 00 00 
Read char #1 RC=1 (00) waited/max    13964/4000000  uS 
Read char #2 RC=1 (06) waited/max        7/4000000  uS 
Read char #3 RC=1 (3e) waited/max        7/4000000  uS 
Read char #4 RC=1 (c7) waited/max        7/4000000  uS 
Read char #5 RC=1 (38) waited/max        6/4000000  uS 
Read char #6 RC=1 (bf) waited/max        6/4000000  uS 
Read char #7 RC=1 (26) waited/max        7/4000000  uS 
Read char #8 RC=1 (9d) waited/max        7/4000000  uS 
answer:  00 06 3e c7 38 bf 26 9d 
received 8 characters
CRC receive OK 9d26
Transmission State Check: 0
szCvrtFloat     0.389105 0x3ec738bf
value         0.389105

Elapsed time since last comm 78 us
Attempt 1
Clearing read buffer Success!
szSerBufferSave OK! 03 3b 1a 00 00 00 00 00 00 00 
command: 03 3b 1a 00 00 00 00 00 d5 c2 
Flushing serial device buffer... Success!
Sending command... sent 10 characters
Draining serial device buffer... Success!
Cleared data buffer: 00 00 00 00 00 00 00 00 00 00 
Read char #1 RC=1 (00) waited/max      460/4000000  uS 
Read char #2 RC=1 (06) waited/max        7/4000000  uS 
Read char #3 RC=1 (43) waited/max        7/4000000  uS 
Read char #4 RC=1 (ca) waited/max        6/4000000  uS 
Read char #5 RC=1 (6b) waited/max        7/4000000  uS 
Read char #6 RC=1 (44) waited/max        7/4000000  uS 
Read char #7 RC=1 (50) waited/max        6/4000000  uS 
Read char #8 RC=1 (03) waited/max        7/4000000  uS 
answer:  00 06 43 ca 6b 44 50 03 
received 8 characters
CRC receive OK 0350
Transmission State Check: 0
szCvrtFloat   404.838013 0x43ca6b44
value       404.838013

Elapsed time since last comm 76 us
Attempt 1
Clearing read buffer Success!
szSerBufferSave OK! 03 3b 1b 00 00 00 00 00 00 00 
command: 03 3b 1b 00 00 00 00 00 fe c6 
Flushing serial device buffer... Success!
Sending command... sent 10 characters
Draining serial device buffer... Success!
Cleared data buffer: 00 00 00 00 00 00 00 00 00 00 
Read char #1 RC=0 (00) waited/max   408735/4000000  uS 
answer:  Got -1 characters

Elapsed time since last comm 0 us
Attempt 2
Clearing read buffer Success!
szSerBufferSave OK! 03 3b 1b 00 00 00 00 00 00 00 
command: 03 3b 1b 00 00 00 00 00 fe c6 
Flushing serial device buffer... Success!
Sending command... sent 10 characters
Draining serial device buffer... Success!
Cleared data buffer: 00 00 00 00 00 00 00 00 00 00 
Read char #1 RC=0 (00) 
answer:  Got -1 characters

Elapsed time since last comm 0 us
Attempt 3
Clearing read buffer Success!
szSerBufferSave OK! 03 3b 1b 00 00 00 00 00 00 00 
command: 03 3b 1b 00 00 00 00 00 fe c6 
Flushing serial device buffer... Success!
Sending command... sent 10 characters
Draining serial device buffer... Success!
Cleared data buffer: 00 00 00 00 00 00 00 00 00 00 
Read char #1 RC=0 (00) waited/max   407659/4000000  uS 
answer:  Got -1 characters
_ERROR_ (59 27)

Restoring Serial Port settings /dev/ttyUSB0... Success!
Flushing serial device buffer... Success!
Closing Serial Port /dev/ttyUSB0... Success!

devLCKfile: </var/lock/LCK..ttyUSB0>
devLCKfileNew: </var/lock/LCK..ttyUSB0.20051>
Clearing Serial Port Lock (20051)... done.

20200225-09:28:00: aurora: ERROR: Received bad return code (-1 59 27)

Complete 20200225-09:28:00

