
aurora -b -a 3 -c -T -Y3 -l4 -d0 -e /dev/ttyUSB0 

szttyDevice: /dev/ttyUSB0
yDelay:     4
yTimeout    0 mS
yMaxRunTime ~
devLCKfile: </var/lock/LCK..ttyUSB0>
devLCKfileNew: </var/lock/LCK..ttyUSB0.19799>
Got Params

RunTime     20200225-09:22:35 v1.9.3 
Endian    : Little
tm_gmtoff : yes
PID       : 19799

Attempting to get lock on Serial Port /dev/ttyUSB0...
Checking for lock
PID: 19799 COMMAND: "aurora" LckPID: 19799 LckCOMMAND: "aurora" LckPIDcommand "aurora" = me
Appears we got the lock.

Opening Serial Port /dev/ttyUSB0...  Serial Port /dev/ttyUSB0 successfully opened.
Configuring serial device... Flushing unread data first...  Success!
Flushing serial device buffer... Success!

Comm Check: Let's see if the Aurora is listening... 
Elapsed time since last comm 0 us
Attempt 1
Clearing read buffer Success!
szSerBufferSave OK! 03 3a 00 00 00 00 00 00 00 00 
command: 03 3a 00 00 00 00 00 00 be 36 
Flushing serial device buffer... Success!
Sending command... sent 10 characters
Draining serial device buffer... Success!
Cleared data buffer: 00 00 00 00 00 00 00 00 00 00 
Read char #1 RC=1 (00) waited/max    71643/4000000  uS 
Read char #2 RC=1 (06) waited/max       10/4000000  uS 
Read char #3 RC=1 (33) waited/max        7/4000000  uS 
Read char #4 RC=1 (55) waited/max        7/4000000  uS 
Read char #5 RC=1 (4e) waited/max        7/4000000  uS 
Read char #6 RC=1 (4e) waited/max        6/4000000  uS 
Read char #7 RC=1 (7a) waited/max    15147/4000000  uS 
Read char #8 RC=1 (68) waited/max        8/4000000  uS 
answer:  00 06 33 55 4e 4e 7a 68 
received 8 characters
CRC receive OK 687a
Transmission State Check: 0
Model ID "3" qMultiplier -1.0000000 -- PVI-3.6-OUTD --
Comm Check: OK

Elapsed time since last comm 220 us
Attempt 1
Clearing read buffer Success!
szSerBufferSave OK! 03 3b 04 00 00 00 00 00 00 00 
command: 03 3b 04 00 00 00 00 00 c7 b9 
Flushing serial device buffer... Success!
Sending command... sent 10 characters
Draining serial device buffer... Success!
Cleared data buffer: 00 00 00 00 00 00 00 00 00 00 
Read char #1 RC=0 (00) waited/max   408946/4000000  uS 
answer:  Got -1 characters

Elapsed time since last comm 0 us
Attempt 2
Clearing read buffer Success!
szSerBufferSave OK! 03 3b 04 00 00 00 00 00 00 00 
command: 03 3b 04 00 00 00 00 00 c7 b9 
Flushing serial device buffer... Success!
Sending command... sent 10 characters
Draining serial device buffer... Success!
Cleared data buffer: 00 00 00 00 00 00 00 00 00 00 
Read char #1 RC=1 (1e) waited/max    10152/4000000  uS 
Read char #2 RC=0 (00) 
answer:  Got -1 characters

Elapsed time since last comm 0 us
Attempt 3
Clearing read buffer Success!
szSerBufferSave OK! 03 3b 04 00 00 00 00 00 00 00 
command: 03 3b 04 00 00 00 00 00 c7 b9 
Flushing serial device buffer... Success!
Sending command... sent 10 characters
Draining serial device buffer... Success!
Cleared data buffer: 00 00 00 00 00 00 00 00 00 00 
Read char #1 RC=1 (00) waited/max     2510/4000000  uS 
Read char #2 RC=1 (06) waited/max        7/4000000  uS 
Read char #3 RC=1 (42) waited/max        7/4000000  uS 
Read char #4 RC=1 (47) waited/max        7/4000000  uS 
Read char #5 RC=1 (fa) waited/max        7/4000000  uS 
Read char #6 RC=1 (e1) waited/max        7/4000000  uS 
Read char #7 RC=1 (5a) waited/max        7/4000000  uS 
Read char #8 RC=1 (1e) waited/max        6/4000000  uS 
answer:  00 06 42 47 fa e1 5a 1e 
received 8 characters
CRC receive OK 1e5a
Transmission State Check: 0
szCvrtFloat    49.994999 0x4247fae1
value        49.994999

Elapsed time since last comm 84 us
Attempt 1
Clearing read buffer Success!
szSerBufferSave OK! 03 3b 01 00 00 00 00 00 00 00 
command: 03 3b 01 00 00 00 00 00 40 ad 
Flushing serial device buffer... Success!
Sending command... sent 10 characters
Draining serial device buffer... Success!
Cleared data buffer: 00 00 00 00 00 00 00 00 00 00 
Read char #1 RC=0 (00) waited/max   408393/4000000  uS 
answer:  Got -1 characters

Elapsed time since last comm 0 us
Attempt 2
Clearing read buffer Success!
szSerBufferSave OK! 03 3b 01 00 00 00 00 00 00 00 
command: 03 3b 01 00 00 00 00 00 40 ad 
Flushing serial device buffer... Success!
Sending command... sent 10 characters
Draining serial device buffer... Success!
Cleared data buffer: 00 00 00 00 00 00 00 00 00 00 
Read char #1 RC=1 (00) waited/max     1360/4000000  uS 
Read char #2 RC=1 (06) waited/max        7/4000000  uS 
Read char #3 RC=1 (43) waited/max        7/4000000  uS 
Read char #4 RC=1 (75) waited/max        7/4000000  uS 
Read char #5 RC=1 (79) waited/max        6/4000000  uS 
Read char #6 RC=1 (7d) waited/max        7/4000000  uS 
Read char #7 RC=1 (b6) waited/max        7/4000000  uS 
Read char #8 RC=1 (c9) waited/max        7/4000000  uS 
answer:  00 06 43 75 79 7d b6 c9 
received 8 characters
CRC receive OK c9b6
Transmission State Check: 0
szCvrtFloat   245.474564 0x4375797d
value       245.474564

Elapsed time since last comm 84 us
Attempt 1
Clearing read buffer Success!
szSerBufferSave OK! 03 3b 02 00 00 00 00 00 00 00 
command: 03 3b 02 00 00 00 00 00 3d a1 
Flushing serial device buffer... Success!
Sending command... sent 10 characters
Draining serial device buffer... Success!
Cleared data buffer: 00 00 00 00 00 00 00 00 00 00 
Read char #1 RC=0 (00) 
answer:  Got -1 characters

Elapsed time since last comm 0 us
Attempt 2
Clearing read buffer Success!
szSerBufferSave OK! 03 3b 02 00 00 00 00 00 00 00 
command: 03 3b 02 00 00 00 00 00 3d a1 
Flushing serial device buffer... Success!
Sending command... sent 10 characters
Draining serial device buffer... Success!
Cleared data buffer: 00 00 00 00 00 00 00 00 00 00 
Read char #1 RC=0 (00) waited/max   407737/4000000  uS 
answer:  Got -1 characters

Elapsed time since last comm 0 us
Attempt 3
Clearing read buffer Success!
szSerBufferSave OK! 03 3b 02 00 00 00 00 00 00 00 
command: 03 3b 02 00 00 00 00 00 3d a1 
Flushing serial device buffer... Success!
Sending command... sent 10 characters
Draining serial device buffer... Success!
Cleared data buffer: 00 00 00 00 00 00 00 00 00 00 
Read char #1 RC=1 (00) waited/max    16588/4000000  uS 
Read char #2 RC=1 (06) waited/max        8/4000000  uS 
Read char #3 RC=1 (3f) waited/max        7/4000000  uS 
Read char #4 RC=1 (b7) waited/max        7/4000000  uS 
Read char #5 RC=1 (98) waited/max        7/4000000  uS 
Read char #6 RC=1 (ac) waited/max        7/4000000  uS 
Read char #7 RC=1 (a0) waited/max        7/4000000  uS 
Read char #8 RC=1 (8c) waited/max        7/4000000  uS 
answer:  00 06 3f b7 98 ac a0 8c 
received 8 characters
CRC receive OK 8ca0
Transmission State Check: 0
szCvrtFloat     1.434347 0x3fb798ac
value         1.434347

Elapsed time since last comm 75 us
Attempt 1
Clearing read buffer Success!
szSerBufferSave OK! 03 3b 03 00 00 00 00 00 00 00 
command: 03 3b 03 00 00 00 00 00 16 a5 
Flushing serial device buffer... Success!
Sending command... sent 10 characters
Draining serial device buffer... Success!
Cleared data buffer: 00 00 00 00 00 00 00 00 00 00 
Read char #1 RC=0 (00) waited/max   408674/4000000  uS 
answer:  Got -1 characters

Elapsed time since last comm 0 us
Attempt 2
Clearing read buffer Success!
szSerBufferSave OK! 03 3b 03 00 00 00 00 00 00 00 
command: 03 3b 03 00 00 00 00 00 16 a5 
Flushing serial device buffer... Success!
Sending command... sent 10 characters
Draining serial device buffer... Success!
Cleared data buffer: 00 00 00 00 00 00 00 00 00 00 
Read char #1 RC=1 (00) waited/max     9480/4000000  uS 
Read char #2 RC=1 (06) waited/max        7/4000000  uS 
Read char #3 RC=1 (43) waited/max        7/4000000  uS 
Read char #4 RC=1 (ae) waited/max        6/4000000  uS 
Read char #5 RC=1 (32) waited/max        6/4000000  uS 
Read char #6 RC=1 (ba) waited/max        8/4000000  uS 
Read char #7 RC=1 (62) waited/max        6/4000000  uS 
Read char #8 RC=1 (7f) waited/max        6/4000000  uS 
answer:  00 06 43 ae 32 ba 62 7f 
received 8 characters
CRC receive OK 7f62
Transmission State Check: 0
szCvrtFloat   348.396301 0x43ae32ba
value       348.396301

Elapsed time since last comm 81 us
Attempt 1
Clearing read buffer Success!
szSerBufferSave OK! 03 3b 17 00 00 00 00 00 00 00 
command: 03 3b 17 00 00 00 00 00 0a f7 
Flushing serial device buffer... Success!
Sending command... sent 10 characters
Draining serial device buffer... Success!
Cleared data buffer: 00 00 00 00 00 00 00 00 00 00 
Read char #1 RC=0 (00) waited/max   407639/4000000  uS 
answer:  Got -1 characters

Elapsed time since last comm 0 us
Attempt 2
Clearing read buffer Success!
szSerBufferSave OK! 03 3b 17 00 00 00 00 00 00 00 
command: 03 3b 17 00 00 00 00 00 0a f7 
Flushing serial device buffer... Success!
Sending command... sent 10 characters
Draining serial device buffer... Success!
Cleared data buffer: 00 00 00 00 00 00 00 00 00 00 
Read char #1 RC=0 (00) waited/max   408038/4000000  uS 
answer:  Got -1 characters

Elapsed time since last comm 0 us
Attempt 3
Clearing read buffer Success!
szSerBufferSave OK! 03 3b 17 00 00 00 00 00 00 00 
command: 03 3b 17 00 00 00 00 00 0a f7 
Flushing serial device buffer... Success!
Sending command... sent 10 characters
Draining serial device buffer... Success!
Cleared data buffer: 00 00 00 00 00 00 00 00 00 00 
Read char #1 RC=1 (00) waited/max    16644/4000000  uS 
Read char #2 RC=1 (06) waited/max        7/4000000  uS 
Read char #3 RC=1 (43) waited/max        6/4000000  uS 
Read char #4 RC=1 (ca) waited/max        7/4000000  uS 
Read char #5 RC=1 (52) waited/max        7/4000000  uS 
Read char #6 RC=1 (26) waited/max        6/4000000  uS 
Read char #7 RC=1 (fe) waited/max        7/4000000  uS 
Read char #8 RC=1 (22) waited/max        6/4000000  uS 
answer:  00 06 43 ca 52 26 fe 22 
received 8 characters
CRC receive OK 22fe
Transmission State Check: 0
szCvrtFloat   404.641785 0x43ca5226
value       404.641785

Elapsed time since last comm 85 us
Attempt 1
Clearing read buffer Success!
szSerBufferSave OK! 03 3b 19 00 00 00 00 00 00 00 
command: 03 3b 19 00 00 00 00 00 a8 ce 
Flushing serial device buffer... Success!
Sending command... sent 10 characters
Draining serial device buffer... Success!
Cleared data buffer: 00 00 00 00 00 00 00 00 00 00 
Read char #1 RC=0 (00) 
answer:  Got -1 characters

Elapsed time since last comm 0 us
Attempt 2
Clearing read buffer Success!
szSerBufferSave OK! 03 3b 19 00 00 00 00 00 00 00 
command: 03 3b 19 00 00 00 00 00 a8 ce 
Flushing serial device buffer... Success!
Sending command... sent 10 characters
Draining serial device buffer... Success!
Cleared data buffer: 00 00 00 00 00 00 00 00 00 00 
Read char #1 RC=0 (00) waited/max   407310/4000000  uS 
answer:  Got -1 characters

Elapsed time since last comm 0 us
Attempt 3
Clearing read buffer Success!
szSerBufferSave OK! 03 3b 19 00 00 00 00 00 00 00 
command: 03 3b 19 00 00 00 00 00 a8 ce 
Flushing serial device buffer... Success!
Sending command... sent 10 characters
Draining serial device buffer... Success!
Cleared data buffer: 00 00 00 00 00 00 00 00 00 00 
Read char #1 RC=1 (00) waited/max    11733/4000000  uS 
Read char #2 RC=1 (06) waited/max        7/4000000  uS 
Read char #3 RC=1 (3e) waited/max    15880/4000000  uS 
Read char #4 RC=1 (f6) waited/max        8/4000000  uS 
Read char #5 RC=1 (a7) waited/max        6/4000000  uS 
Read char #6 RC=1 (c8) waited/max        7/4000000  uS 
Read char #7 RC=1 (f9) waited/max        7/4000000  uS 
Read char #8 RC=1 (dc) waited/max        7/4000000  uS 
answer:  00 06 3e f6 a7 c8 f9 dc 
received 8 characters
CRC receive OK dcf9
Transmission State Check: 0
szCvrtFloat     0.481749 0x3ef6a7c8
value         0.481749

Elapsed time since last comm 79 us
Attempt 1
Clearing read buffer Success!
szSerBufferSave OK! 03 3b 1a 00 00 00 00 00 00 00 
command: 03 3b 1a 00 00 00 00 00 d5 c2 
Flushing serial device buffer... Success!
Sending command... sent 10 characters
Draining serial device buffer... Success!
Cleared data buffer: 00 00 00 00 00 00 00 00 00 00 
Read char #1 RC=0 (00) 
answer:  Got -1 characters

Elapsed time since last comm 0 us
Attempt 2
Clearing read buffer Success!
szSerBufferSave OK! 03 3b 1a 00 00 00 00 00 00 00 
command: 03 3b 1a 00 00 00 00 00 d5 c2 
Flushing serial device buffer... Success!
Sending command... sent 10 characters
Draining serial device buffer... Success!
Cleared data buffer: 00 00 00 00 00 00 00 00 00 00 
Read char #1 RC=0 (00) waited/max   408644/4000000  uS 
answer:  Got -1 characters

Elapsed time since last comm 0 us
Attempt 3
Clearing read buffer Success!
szSerBufferSave OK! 03 3b 1a 00 00 00 00 00 00 00 
command: 03 3b 1a 00 00 00 00 00 d5 c2 
Flushing serial device buffer... Success!
Sending command... sent 10 characters
Draining serial device buffer... Success!
Cleared data buffer: 00 00 00 00 00 00 00 00 00 00 
Read char #1 RC=1 (00) waited/max    12953/4000000  uS 
Read char #2 RC=1 (06) waited/max        7/4000000  uS 
Read char #3 RC=1 (43) waited/max        7/4000000  uS 
Read char #4 RC=1 (cd) waited/max        7/4000000  uS 
Read char #5 RC=1 (28) waited/max        7/4000000  uS 
Read char #6 RC=1 (09) waited/max        7/4000000  uS 
Read char #7 RC=1 (ba) waited/max        7/4000000  uS 
Read char #8 RC=1 (7a) waited/max        6/4000000  uS 
answer:  00 06 43 cd 28 09 ba 7a 
received 8 characters
CRC receive OK 7aba
Transmission State Check: 0
szCvrtFloat   410.312775 0x43cd2809
value       410.312775

Elapsed time since last comm 86 us
Attempt 1
Clearing read buffer Success!
szSerBufferSave OK! 03 3b 1b 00 00 00 00 00 00 00 
command: 03 3b 1b 00 00 00 00 00 fe c6 
Flushing serial device buffer... Success!
Sending command... sent 10 characters
Draining serial device buffer... Success!
Cleared data buffer: 00 00 00 00 00 00 00 00 00 00 
Read char #1 RC=0 (00) 
answer:  Got -1 characters

Elapsed time since last comm 0 us
Attempt 2
Clearing read buffer Success!
szSerBufferSave OK! 03 3b 1b 00 00 00 00 00 00 00 
command: 03 3b 1b 00 00 00 00 00 fe c6 
Flushing serial device buffer... Success!
Sending command... sent 10 characters
Draining serial device buffer... Success!
Cleared data buffer: 00 00 00 00 00 00 00 00 00 00 
Read char #1 RC=1 (00) waited/max     1816/4000000  uS 
Read char #2 RC=1 (06) waited/max        7/4000000  uS 
Read char #3 RC=1 (3e) waited/max        7/4000000  uS 
Read char #4 RC=1 (fa) waited/max        7/4000000  uS 
Read char #5 RC=1 (c7) waited/max        6/4000000  uS 
Read char #6 RC=1 (b2) waited/max        7/4000000  uS 
Read char #7 RC=1 (d2) waited/max        7/4000000  uS 
Read char #8 RC=1 (c0) waited/max        6/4000000  uS 
answer:  00 06 3e fa c7 b2 d2 c0 
received 8 characters
CRC receive OK c0d2
Transmission State Check: 0
szCvrtFloat     0.489805 0x3efac7b2
value         0.489805

Elapsed time since last comm 79 us
Attempt 1
Clearing read buffer Success!
szSerBufferSave OK! 03 3b 15 00 00 00 00 00 00 00 
command: 03 3b 15 00 00 00 00 00 5c ff 
Flushing serial device buffer... Success!
Sending command... sent 10 characters
Draining serial device buffer... Success!
Cleared data buffer: 00 00 00 00 00 00 00 00 00 00 
Read char #1 RC=0 (00) waited/max   408582/4000000  uS 
answer:  Got -1 characters

Elapsed time since last comm 0 us
Attempt 2
Clearing read buffer Success!
szSerBufferSave OK! 03 3b 15 00 00 00 00 00 00 00 
command: 03 3b 15 00 00 00 00 00 5c ff 
Flushing serial device buffer... Success!
Sending command... sent 10 characters
Draining serial device buffer... Success!
Cleared data buffer: 00 00 00 00 00 00 00 00 00 00 
Read char #1 RC=1 (00) waited/max      685/4000000  uS 
Read char #2 RC=1 (06) waited/max        7/4000000  uS 
Read char #3 RC=1 (41) waited/max        7/4000000  uS 
Read char #4 RC=1 (f3) waited/max        7/4000000  uS 
Read char #5 RC=1 (fd) waited/max        7/4000000  uS 
Read char #6 RC=1 (9a) waited/max        7/4000000  uS 
Read char #7 RC=1 (e8) waited/max        7/4000000  uS 
Read char #8 RC=1 (52) waited/max        7/4000000  uS 
answer:  00 06 41 f3 fd 9a e8 52 
received 8 characters
CRC receive OK 52e8
Transmission State Check: 0
szCvrtFloat    30.498829 0x41f3fd9a
value        30.498829

Elapsed time since last comm 85 us
Attempt 1
Clearing read buffer Success!
szSerBufferSave OK! 03 3b 16 00 00 00 00 00 00 00 
command: 03 3b 16 00 00 00 00 00 21 f3 
Flushing serial device buffer... Success!
Sending command... sent 10 characters
Draining serial device buffer... Success!
Cleared data buffer: 00 00 00 00 00 00 00 00 00 00 
Read char #1 RC=1 (e9) waited/max    11125/4000000  uS 
Read char #2 RC=1 (72) waited/max        7/4000000  uS 
Read char #3 RC=1 (d9) waited/max        7/4000000  uS 
Read char #4 RC=1 (9c) waited/max        7/4000000  uS 
Read char #5 RC=1 (db) waited/max        6/4000000  uS 
Read char #6 RC=0 (00) 
answer:  Got -1 characters

Elapsed time since last comm 0 us
Attempt 2
Clearing read buffer Success!
szSerBufferSave OK! 03 3b 16 00 00 00 00 00 00 00 
command: 03 3b 16 00 00 00 00 00 21 f3 
Flushing serial device buffer... Success!
Sending command... sent 10 characters
Draining serial device buffer... Success!
Cleared data buffer: 00 00 00 00 00 00 00 00 00 00 
Read char #1 RC=1 (5b) waited/max     3533/4000000  uS 
Read char #2 RC=1 (8e) waited/max        7/4000000  uS 
Read char #3 RC=1 (31) waited/max        6/4000000  uS 
Read char #4 RC=0 (00) waited/max   404239/4000000  uS 
answer:  Got -1 characters

Elapsed time since last comm 0 us
Attempt 3
Clearing read buffer Success!
szSerBufferSave OK! 03 3b 16 00 00 00 00 00 00 00 
command: 03 3b 16 00 00 00 00 00 21 f3 
Flushing serial device buffer... Success!
Sending command... sent 10 characters
Draining serial device buffer... Success!
Cleared data buffer: 00 00 00 00 00 00 00 00 00 00 
Read char #1 RC=1 (00) waited/max     5903/4000000  uS 
Read char #2 RC=1 (06) waited/max        8/4000000  uS 
Read char #3 RC=1 (41) waited/max        6/4000000  uS 
Read char #4 RC=1 (e9) waited/max        6/4000000  uS 
Read char #5 RC=1 (75) waited/max        6/4000000  uS 
Read char #6 RC=1 (5b) waited/max        7/4000000  uS 
Read char #7 RC=1 (8e) waited/max        7/4000000  uS 
Read char #8 RC=1 (31) waited/max        7/4000000  uS 
answer:  00 06 41 e9 75 5b 8e 31 
received 8 characters
CRC receive OK 318e
Transmission State Check: 0
szCvrtFloat    29.182302 0x41e9755b
value        29.182302

Attempting to get Partial Energy value 
Elapsed time since last comm 148 us
Attempt 1
Clearing read buffer Success!
szSerBufferSave OK! 03 4e 06 00 00 00 00 00 00 00 
command: 03 4e 06 00 00 00 00 00 7e 50 
Flushing serial device buffer... Success!
Sending command... sent 10 characters
Draining serial device buffer... Success!
Cleared data buffer: 00 00 00 00 00 00 00 00 00 00 
Read char #1 RC=0 (00) waited/max   408920/4000000  uS 
answer:  Got -1 characters

Elapsed time since last comm 0 us
Attempt 2
Clearing read buffer Success!
szSerBufferSave OK! 03 4e 06 00 00 00 00 00 00 00 
command: 03 4e 06 00 00 00 00 00 7e 50 
Flushing serial device buffer... Success!
Sending command... sent 10 characters
Draining serial device buffer... Success!
Cleared data buffer: 00 00 00 00 00 00 00 00 00 00 
Read char #1 RC=1 (06) waited/max     8719/4000000  uS 
Read char #2 RC=1 (00) waited/max        7/4000000  uS 
Read char #3 RC=1 (80) waited/max        7/4000000  uS 
Read char #4 RC=1 (18) waited/max        7/4000000  uS 
Read char #5 RC=1 (e0) waited/max        7/4000000  uS 
Read char #6 RC=1 (a4) waited/max        7/4000000  uS 
Read char #7 RC=1 (7c) waited/max        7/4000000  uS 
Read char #8 RC=0 (00) 
answer:  Got -1 characters

Elapsed time since last comm 0 us
Attempt 3
Clearing read buffer Success!
szSerBufferSave OK! 03 4e 06 00 00 00 00 00 00 00 
command: 03 4e 06 00 00 00 00 00 7e 50 
Flushing serial device buffer... Success!
Sending command... sent 10 characters
Draining serial device buffer... Success!
Cleared data buffer: 00 00 00 00 00 00 00 00 00 00 
Read char #1 RC=1 (00) waited/max    17118/4000000  uS 
Read char #2 RC=1 (06) waited/max        7/4000000  uS 
Read char #3 RC=1 (00) waited/max        6/4000000  uS 
Read char #4 RC=1 (80) waited/max        7/4000000  uS 
Read char #5 RC=1 (18) waited/max        6/4000000  uS 
Read char #6 RC=1 (e0) waited/max        7/4000000  uS 
Read char #7 RC=1 (a4) waited/max        6/4000000  uS 
Read char #8 RC=1 (7c) waited/max        7/4000000  uS 
answer:  00 06 00 80 18 e0 a4 7c 
received 8 characters
CRC receive OK 7ca4
Transmission State Check: 0
szCvrtLong        8394976 0x008018e0
value             8394976

Elapsed time since last comm 116 us
Attempt 1
Clearing read buffer Success!
szSerBufferSave OK! 03 4e 00 00 00 00 00 00 00 00 
command: 03 4e 00 00 00 00 00 00 84 48 
Flushing serial device buffer... Success!
Sending command... sent 10 characters
Draining serial device buffer... Success!
Cleared data buffer: 00 00 00 00 00 00 00 00 00 00 
Read char #1 RC=0 (00) waited/max   408311/4000000  uS 
answer:  Got -1 characters

Elapsed time since last comm 0 us
Attempt 2
Clearing read buffer Success!
szSerBufferSave OK! 03 4e 00 00 00 00 00 00 00 00 
command: 03 4e 00 00 00 00 00 00 84 48 
Flushing serial device buffer... Success!
Sending command... sent 10 characters
Draining serial device buffer... Success!
Cleared data buffer: 00 00 00 00 00 00 00 00 00 00 
Read char #1 RC=1 (00) waited/max    11982/4000000  uS 
Read char #2 RC=1 (06) waited/max        8/4000000  uS 
Read char #3 RC=1 (00) waited/max        7/4000000  uS 
Read char #4 RC=1 (00) waited/max        6/4000000  uS 
Read char #5 RC=1 (01) waited/max        7/4000000  uS 
Read char #6 RC=1 (6c) waited/max        6/4000000  uS 
Read char #7 RC=1 (a5) waited/max        7/4000000  uS 
Read char #8 RC=1 (7c) waited/max        6/4000000  uS 
answer:  00 06 00 00 01 6c a5 7c 
received 8 characters
CRC receive OK 7ca5
Transmission State Check: 0
szCvrtLong            364 0x0000016c
value                 364

Elapsed time since last comm 60 us
Attempt 1
Clearing read buffer Success!
szSerBufferSave OK! 03 4e 01 00 00 00 00 00 00 00 
command: 03 4e 01 00 00 00 00 00 af 4c 
Flushing serial device buffer... Success!
Sending command... sent 10 characters
Draining serial device buffer... Success!
Cleared data buffer: 00 00 00 00 00 00 00 00 00 00 
Read char #1 RC=0 (00) 
answer:  Got -1 characters

Elapsed time since last comm 0 us
Attempt 2
Clearing read buffer Success!
szSerBufferSave OK! 03 4e 01 00 00 00 00 00 00 00 
command: 03 4e 01 00 00 00 00 00 af 4c 
Flushing serial device buffer... Success!
Sending command... sent 10 characters
Draining serial device buffer... Success!
Cleared data buffer: 00 00 00 00 00 00 00 00 00 00 
Read char #1 RC=0 (00) waited/max   407668/4000000  uS 
answer:  Got -1 characters

Elapsed time since last comm 0 us
Attempt 3
Clearing read buffer Success!
szSerBufferSave OK! 03 4e 01 00 00 00 00 00 00 00 
command: 03 4e 01 00 00 00 00 00 af 4c 
Flushing serial device buffer... Success!
Sending command... sent 10 characters
Draining serial device buffer... Success!
Cleared data buffer: 00 00 00 00 00 00 00 00 00 00 
Read char #1 RC=1 (00) waited/max     7198/4000000  uS 
Read char #2 RC=1 (06) waited/max        7/4000000  uS 
Read char #3 RC=1 (00) waited/max        7/4000000  uS 
Read char #4 RC=1 (00) waited/max        7/4000000  uS 
Read char #5 RC=1 (13) waited/max        7/4000000  uS 
Read char #6 RC=1 (aa) waited/max        7/4000000  uS 
Read char #7 RC=1 (be) waited/max        6/4000000  uS 
Read char #8 RC=1 (79) waited/max        7/4000000  uS 
answer:  00 06 00 00 13 aa be 79 
received 8 characters
CRC receive OK 79be
Transmission State Check: 0
szCvrtLong           5034 0x000013aa
value                5034

Elapsed time since last comm 107 us
Attempt 1
Clearing read buffer Success!
szSerBufferSave OK! 03 4e 03 00 00 00 00 00 00 00 
command: 03 4e 03 00 00 00 00 00 f9 44 
Flushing serial device buffer... Success!
Sending command... sent 10 characters
Draining serial device buffer... Success!
Cleared data buffer: 00 00 00 00 00 00 00 00 00 00 
Read char #1 RC=0 (00) 
answer:  Got -1 characters

Elapsed time since last comm 0 us
Attempt 2
Clearing read buffer Success!
szSerBufferSave OK! 03 4e 03 00 00 00 00 00 00 00 
command: 03 4e 03 00 00 00 00 00 f9 44 
Flushing serial device buffer... Success!
Sending command... sent 10 characters
Draining serial device buffer... Success!
Cleared data buffer: 00 00 00 00 00 00 00 00 00 00 
Read char #1 RC=0 (00) waited/max   409086/4000000  uS 
answer:  Got -1 characters

Elapsed time since last comm 0 us
Attempt 3
Clearing read buffer Success!
szSerBufferSave OK! 03 4e 03 00 00 00 00 00 00 00 
command: 03 4e 03 00 00 00 00 00 f9 44 
Flushing serial device buffer... Success!
Sending command... sent 10 characters
Draining serial device buffer... Success!
Cleared data buffer: 00 00 00 00 00 00 00 00 00 00 
Read char #1 RC=0 (00) 
answer:  Got -1 characters
_ERROR_ (78 3)

Restoring Serial Port settings /dev/ttyUSB0... Success!
Flushing serial device buffer... Success!
Closing Serial Port /dev/ttyUSB0... Success!

devLCKfile: </var/lock/LCK..ttyUSB0>
devLCKfileNew: </var/lock/LCK..ttyUSB0.19799>
Clearing Serial Port Lock (19799)... done.

20200225-09:22:46: aurora: ERROR: Received bad return code (-1 78 3)

Complete 20200225-09:22:46

