
aurora -b -a 3 -c -T -Y3 -l4 -d0 -e /dev/ttyUSB0 

szttyDevice: /dev/ttyUSB0
yDelay:     4
yTimeout    0 mS
yMaxRunTime ~
devLCKfile: </var/lock/LCK..ttyUSB0>
devLCKfileNew: </var/lock/LCK..ttyUSB0.19674>
Got Params

RunTime     20200225-09:19:54 v1.9.3 
Endian    : Little
tm_gmtoff : yes
PID       : 19674

Attempting to get lock on Serial Port /dev/ttyUSB0...
Checking for lock
PID: 19674 COMMAND: "aurora" LckPID: 19674 LckCOMMAND: "aurora" LckPIDcommand "aurora" = me
Appears we got the lock.

Opening Serial Port /dev/ttyUSB0...  Serial Port /dev/ttyUSB0 successfully opened.
Configuring serial device... Flushing unread data first...  Success!
Flushing serial device buffer... Success!

Comm Check: Let's see if the Aurora is listening... 
Elapsed time since last comm 0 us
Attempt 1
Clearing read buffer Success!
szSerBufferSave OK! 03 3a 00 00 00 00 00 00 00 00 
command: 03 3a 00 00 00 00 00 00 be 36 
Flushing serial device buffer... Success!
Sending command... sent 10 characters
Draining serial device buffer... Success!
Cleared data buffer: 00 00 00 00 00 00 00 00 00 00 
Read char #1 RC=0 (00) waited/max   407485/4000000  uS 
answer:  Got -1 characters

Elapsed time since last comm 0 us
Attempt 2
Clearing read buffer Success!
szSerBufferSave OK! 03 3a 00 00 00 00 00 00 00 00 
command: 03 3a 00 00 00 00 00 00 be 36 
Flushing serial device buffer... Success!
Sending command... sent 10 characters
Draining serial device buffer... Success!
Cleared data buffer: 00 00 00 00 00 00 00 00 00 00 
Read char #1 RC=1 (00) waited/max    74632/4000000  uS 
Read char #2 RC=1 (06) waited/max        8/4000000  uS 
Read char #3 RC=1 (33) waited/max        7/4000000  uS 
Read char #4 RC=1 (55) waited/max        7/4000000  uS 
Read char #5 RC=1 (4e) waited/max        7/4000000  uS 
Read char #6 RC=1 (4e) waited/max        7/4000000  uS 
Read char #7 RC=1 (7a) waited/max        6/4000000  uS 
Read char #8 RC=1 (68) waited/max        7/4000000  uS 
answer:  00 06 33 55 4e 4e 7a 68 
received 8 characters
CRC receive OK 687a
Transmission State Check: 0
Model ID "3" qMultiplier -1.0000000 -- PVI-3.6-OUTD --
Comm Check: OK

Elapsed time since last comm 246 us
Attempt 1
Clearing read buffer Success!
szSerBufferSave OK! 03 3b 04 00 00 00 00 00 00 00 
command: 03 3b 04 00 00 00 00 00 c7 b9 
Flushing serial device buffer... Success!
Sending command... sent 10 characters
Draining serial device buffer... Success!
Cleared data buffer: 00 00 00 00 00 00 00 00 00 00 
Read char #1 RC=0 (00) 
answer:  Got -1 characters

Elapsed time since last comm 0 us
Attempt 2
Clearing read buffer Success!
szSerBufferSave OK! 03 3b 04 00 00 00 00 00 00 00 
command: 03 3b 04 00 00 00 00 00 c7 b9 
Flushing serial device buffer... Success!
Sending command... sent 10 characters
Draining serial device buffer... Success!
Cleared data buffer: 00 00 00 00 00 00 00 00 00 00 
Read char #1 RC=0 (00) waited/max   408875/4000000  uS 
answer:  Got -1 characters

Elapsed time since last comm 0 us
Attempt 3
Clearing read buffer Success!
szSerBufferSave OK! 03 3b 04 00 00 00 00 00 00 00 
command: 03 3b 04 00 00 00 00 00 c7 b9 
Flushing serial device buffer... Success!
Sending command... sent 10 characters
Draining serial device buffer... Success!
Cleared data buffer: 00 00 00 00 00 00 00 00 00 00 
Read char #1 RC=1 (00) waited/max     9842/4000000  uS 
Read char #2 RC=1 (06) waited/max        7/4000000  uS 
Read char #3 RC=1 (42) waited/max        7/4000000  uS 
Read char #4 RC=1 (48) waited/max        7/4000000  uS 
Read char #5 RC=1 (0b) waited/max        7/4000000  uS 
Read char #6 RC=1 (44) waited/max        6/4000000  uS 
Read char #7 RC=1 (ea) waited/max        7/4000000  uS 
Read char #8 RC=1 (c3) waited/max        6/4000000  uS 
answer:  00 06 42 48 0b 44 ea c3 
received 8 characters
CRC receive OK c3ea
Transmission State Check: 0
szCvrtFloat    50.011002 0x42480b44
value        50.011002

Elapsed time since last comm 86 us
Attempt 1
Clearing read buffer Success!
szSerBufferSave OK! 03 3b 01 00 00 00 00 00 00 00 
command: 03 3b 01 00 00 00 00 00 40 ad 
Flushing serial device buffer... Success!
Sending command... sent 10 characters
Draining serial device buffer... Success!
Cleared data buffer: 00 00 00 00 00 00 00 00 00 00 
Read char #1 RC=0 (00) waited/max   407832/4000000  uS 
answer:  Got -1 characters

Elapsed time since last comm 0 us
Attempt 2
Clearing read buffer Success!
szSerBufferSave OK! 03 3b 01 00 00 00 00 00 00 00 
command: 03 3b 01 00 00 00 00 00 40 ad 
Flushing serial device buffer... Success!
Sending command... sent 10 characters
Draining serial device buffer... Success!
Cleared data buffer: 00 00 00 00 00 00 00 00 00 00 
Read char #1 RC=1 (12) waited/max    14714/4000000  uS 
Read char #2 RC=1 (cf) waited/max        7/4000000  uS 
Read char #3 RC=0 (00) 
answer:  Got -1 characters

Elapsed time since last comm 0 us
Attempt 3
Clearing read buffer Success!
szSerBufferSave OK! 03 3b 01 00 00 00 00 00 00 00 
command: 03 3b 01 00 00 00 00 00 40 ad 
Flushing serial device buffer... Success!
Sending command... sent 10 characters
Draining serial device buffer... Success!
Cleared data buffer: 00 00 00 00 00 00 00 00 00 00 
Read char #1 RC=1 (00) waited/max     7074/4000000  uS 
Read char #2 RC=1 (06) waited/max        7/4000000  uS 
Read char #3 RC=1 (43) waited/max    15832/4000000  uS 
Read char #4 RC=1 (74) waited/max        7/4000000  uS 
Read char #5 RC=1 (60) waited/max        6/4000000  uS 
Read char #6 RC=1 (83) waited/max        7/4000000  uS 
Read char #7 RC=1 (12) waited/max        7/4000000  uS 
Read char #8 RC=1 (cf) waited/max        6/4000000  uS 
answer:  00 06 43 74 60 83 12 cf 
received 8 characters
CRC receive OK cf12
Transmission State Check: 0
szCvrtFloat   244.376999 0x43746083
value       244.376999

Elapsed time since last comm 84 us
Attempt 1
Clearing read buffer Success!
szSerBufferSave OK! 03 3b 02 00 00 00 00 00 00 00 
command: 03 3b 02 00 00 00 00 00 3d a1 
Flushing serial device buffer... Success!
Sending command... sent 10 characters
Draining serial device buffer... Success!
Cleared data buffer: 00 00 00 00 00 00 00 00 00 00 
Read char #1 RC=0 (00) waited/max   407218/4000000  uS 
answer:  Got -1 characters

Elapsed time since last comm 0 us
Attempt 2
Clearing read buffer Success!
szSerBufferSave OK! 03 3b 02 00 00 00 00 00 00 00 
command: 03 3b 02 00 00 00 00 00 3d a1 
Flushing serial device buffer... Success!
Sending command... sent 10 characters
Draining serial device buffer... Success!
Cleared data buffer: 00 00 00 00 00 00 00 00 00 00 
Read char #1 RC=0 (00) 
answer:  Got -1 characters

Elapsed time since last comm 0 us
Attempt 3
Clearing read buffer Success!
szSerBufferSave OK! 03 3b 02 00 00 00 00 00 00 00 
command: 03 3b 02 00 00 00 00 00 3d a1 
Flushing serial device buffer... Success!
Sending command... sent 10 characters
Draining serial device buffer... Success!
Cleared data buffer: 00 00 00 00 00 00 00 00 00 00 
Read char #1 RC=1 (00) waited/max    18304/4000000  uS 
Read char #2 RC=1 (06) waited/max        7/4000000  uS 
Read char #3 RC=1 (3f) waited/max        7/4000000  uS 
Read char #4 RC=1 (ca) waited/max        7/4000000  uS 
Read char #5 RC=1 (a0) waited/max        7/4000000  uS 
Read char #6 RC=1 (20) waited/max        7/4000000  uS 
Read char #7 RC=1 (01) waited/max        6/4000000  uS 
Read char #8 RC=1 (c5) waited/max        7/4000000  uS 
answer:  00 06 3f ca a0 20 01 c5 
received 8 characters
CRC receive OK c501
Transmission State Check: 0
szCvrtFloat     1.583012 0x3fcaa020
value         1.583012

Elapsed time since last comm 76 us
Attempt 1
Clearing read buffer Success!
szSerBufferSave OK! 03 3b 03 00 00 00 00 00 00 00 
command: 03 3b 03 00 00 00 00 00 16 a5 
Flushing serial device buffer... Success!
Sending command... sent 10 characters
Draining serial device buffer... Success!
Cleared data buffer: 00 00 00 00 00 00 00 00 00 00 
Read char #1 RC=0 (00) waited/max   408604/4000000  uS 
answer:  Got -1 characters

Elapsed time since last comm 0 us
Attempt 2
Clearing read buffer Success!
szSerBufferSave OK! 03 3b 03 00 00 00 00 00 00 00 
command: 03 3b 03 00 00 00 00 00 16 a5 
Flushing serial device buffer... Success!
Sending command... sent 10 characters
Draining serial device buffer... Success!
Cleared data buffer: 00 00 00 00 00 00 00 00 00 00 
Read char #1 RC=0 (00) 
answer:  Got -1 characters

Elapsed time since last comm 0 us
Attempt 3
Clearing read buffer Success!
szSerBufferSave OK! 03 3b 03 00 00 00 00 00 00 00 
command: 03 3b 03 00 00 00 00 00 16 a5 
Flushing serial device buffer... Success!
Sending command... sent 10 characters
Draining serial device buffer... Success!
Cleared data buffer: 00 00 00 00 00 00 00 00 00 00 
Read char #1 RC=1 (00) waited/max    13516/4000000  uS 
Read char #2 RC=1 (06) waited/max        8/4000000  uS 
Read char #3 RC=1 (43) waited/max        6/4000000  uS 
Read char #4 RC=1 (c1) waited/max        6/4000000  uS 
Read char #5 RC=1 (3a) waited/max        7/4000000  uS 
Read char #6 RC=1 (73) waited/max    15585/4000000  uS 
Read char #7 RC=1 (e5) waited/max        7/4000000  uS 
Read char #8 RC=1 (a5) waited/max        7/4000000  uS 
answer:  00 06 43 c1 3a 73 e5 a5 
received 8 characters
CRC receive OK a5e5
Transmission State Check: 0
szCvrtFloat   386.456635 0x43c13a73
value       386.456635

Elapsed time since last comm 84 us
Attempt 1
Clearing read buffer Success!
szSerBufferSave OK! 03 3b 17 00 00 00 00 00 00 00 
command: 03 3b 17 00 00 00 00 00 0a f7 
Flushing serial device buffer... Success!
Sending command... sent 10 characters
Draining serial device buffer... Success!
Cleared data buffer: 00 00 00 00 00 00 00 00 00 00 
Read char #1 RC=0 (00) waited/max   407993/4000000  uS 
answer:  Got -1 characters

Elapsed time since last comm 0 us
Attempt 2
Clearing read buffer Success!
szSerBufferSave OK! 03 3b 17 00 00 00 00 00 00 00 
command: 03 3b 17 00 00 00 00 00 0a f7 
Flushing serial device buffer... Success!
Sending command... sent 10 characters
Draining serial device buffer... Success!
Cleared data buffer: 00 00 00 00 00 00 00 00 00 00 
Read char #1 RC=1 (00) waited/max    14371/4000000  uS 
Read char #2 RC=1 (06) waited/max        7/4000000  uS 
Read char #3 RC=1 (43) waited/max        7/4000000  uS 
Read char #4 RC=1 (cb) waited/max        7/4000000  uS 
Read char #5 RC=1 (d2) waited/max        7/4000000  uS 
Read char #6 RC=1 (71) waited/max        6/4000000  uS 
Read char #7 RC=1 (d4) waited/max        7/4000000  uS 
Read char #8 RC=1 (d2) waited/max        7/4000000  uS 
answer:  00 06 43 cb d2 71 d4 d2 
received 8 characters
CRC receive OK d2d4
Transmission State Check: 0
szCvrtFloat   407.644073 0x43cbd271
value       407.644073

Elapsed time since last comm 83 us
Attempt 1
Clearing read buffer Success!
szSerBufferSave OK! 03 3b 19 00 00 00 00 00 00 00 
command: 03 3b 19 00 00 00 00 00 a8 ce 
Flushing serial device buffer... Success!
Sending command... sent 10 characters
Draining serial device buffer... Success!
Cleared data buffer: 00 00 00 00 00 00 00 00 00 00 
Read char #1 RC=0 (00) 
answer:  Got -1 characters

Elapsed time since last comm 0 us
Attempt 2
Clearing read buffer Success!
szSerBufferSave OK! 03 3b 19 00 00 00 00 00 00 00 
command: 03 3b 19 00 00 00 00 00 a8 ce 
Flushing serial device buffer... Success!
Sending command... sent 10 characters
Draining serial device buffer... Success!
Cleared data buffer: 00 00 00 00 00 00 00 00 00 00 
Read char #1 RC=0 (00) waited/max   407392/4000000  uS 
answer:  Got -1 characters

Elapsed time since last comm 0 us
Attempt 3
Clearing read buffer Success!
szSerBufferSave OK! 03 3b 19 00 00 00 00 00 00 00 
command: 03 3b 19 00 00 00 00 00 a8 ce 
Flushing serial device buffer... Success!
Sending command... sent 10 characters
Draining serial device buffer... Success!
Cleared data buffer: 00 00 00 00 00 00 00 00 00 00 
Read char #1 RC=0 (00) waited/max   407816/4000000  uS 
answer:  Got -1 characters
_ERROR_ (59 25)

Restoring Serial Port settings /dev/ttyUSB0... Success!
Flushing serial device buffer... Success!
Closing Serial Port /dev/ttyUSB0... Success!

devLCKfile: </var/lock/LCK..ttyUSB0>
devLCKfileNew: </var/lock/LCK..ttyUSB0.19674>
Clearing Serial Port Lock (19674)... done.

20200225-09:19:59: aurora: ERROR: Received bad return code (-1 59 25)

Complete 20200225-09:19:59

