
aurora -b -a 3 -c -T -Y3 -l4 -d0 -e /dev/ttyUSB0 

szttyDevice: /dev/ttyUSB0
yDelay:     4
yTimeout    0 mS
yMaxRunTime ~
devLCKfile: </var/lock/LCK..ttyUSB0>
devLCKfileNew: </var/lock/LCK..ttyUSB0.19847>
Got Params

RunTime     20200225-09:23:53 v1.9.3 
Endian    : Little
tm_gmtoff : yes
PID       : 19847

Attempting to get lock on Serial Port /dev/ttyUSB0...
Checking for lock
PID: 19847 COMMAND: "aurora" LckPID: 19847 LckCOMMAND: "aurora" LckPIDcommand "aurora" = me
Appears we got the lock.

Opening Serial Port /dev/ttyUSB0...  Serial Port /dev/ttyUSB0 successfully opened.
Configuring serial device... Flushing unread data first...  Success!
Flushing serial device buffer... Success!

Comm Check: Let's see if the Aurora is listening... 
Elapsed time since last comm 0 us
Attempt 1
Clearing read buffer Success!
szSerBufferSave OK! 03 3a 00 00 00 00 00 00 00 00 
command: 03 3a 00 00 00 00 00 00 be 36 
Flushing serial device buffer... Success!
Sending command... sent 10 characters
Draining serial device buffer... Success!
Cleared data buffer: 00 00 00 00 00 00 00 00 00 00 
Read char #1 RC=0 (00) waited/max   408858/4000000  uS 
answer:  Got -1 characters

Elapsed time since last comm 0 us
Attempt 2
Clearing read buffer Success!
szSerBufferSave OK! 03 3a 00 00 00 00 00 00 00 00 
command: 03 3a 00 00 00 00 00 00 be 36 
Flushing serial device buffer... Success!
Sending command... sent 10 characters
Draining serial device buffer... Success!
Cleared data buffer: 00 00 00 00 00 00 00 00 00 00 
Read char #1 RC=1 (00) waited/max    12597/4000000  uS 
Read char #2 RC=1 (06) waited/max        8/4000000  uS 
Read char #3 RC=1 (33) waited/max        7/4000000  uS 
Read char #4 RC=1 (55) waited/max        8/4000000  uS 
Read char #5 RC=1 (4e) waited/max        7/4000000  uS 
Read char #6 RC=1 (4e) waited/max        7/4000000  uS 
Read char #7 RC=1 (7a) waited/max        7/4000000  uS 
Read char #8 RC=1 (68) waited/max        7/4000000  uS 
answer:  00 06 33 55 4e 4e 7a 68 
received 8 characters
CRC receive OK 687a
Transmission State Check: 0
Model ID "3" qMultiplier -1.0000000 -- PVI-3.6-OUTD --
Comm Check: OK

Elapsed time since last comm 210 us
Attempt 1
Clearing read buffer Success!
szSerBufferSave OK! 03 3b 04 00 00 00 00 00 00 00 
command: 03 3b 04 00 00 00 00 00 c7 b9 
Flushing serial device buffer... Success!
Sending command... sent 10 characters
Draining serial device buffer... Success!
Cleared data buffer: 00 00 00 00 00 00 00 00 00 00 
Read char #1 RC=0 (00) 
answer:  Got -1 characters

Elapsed time since last comm 0 us
Attempt 2
Clearing read buffer Success!
szSerBufferSave OK! 03 3b 04 00 00 00 00 00 00 00 
command: 03 3b 04 00 00 00 00 00 c7 b9 
Flushing serial device buffer... Success!
Sending command... sent 10 characters
Draining serial device buffer... Success!
Cleared data buffer: 00 00 00 00 00 00 00 00 00 00 
Read char #1 RC=1 (00) waited/max     1437/4000000  uS 
Read char #2 RC=1 (06) waited/max        8/4000000  uS 
Read char #3 RC=1 (42) waited/max        7/4000000  uS 
Read char #4 RC=1 (48) waited/max        7/4000000  uS 
Read char #5 RC=1 (06) waited/max        7/4000000  uS 
Read char #6 RC=1 (25) waited/max        7/4000000  uS 
Read char #7 RC=1 (1d) waited/max        7/4000000  uS 
Read char #8 RC=1 (01) waited/max        7/4000000  uS 
answer:  00 06 42 48 06 25 1d 01 
received 8 characters
CRC receive OK 011d
Transmission State Check: 0
szCvrtFloat    50.006001 0x42480625
value        50.006001

Elapsed time since last comm 82 us
Attempt 1
Clearing read buffer Success!
szSerBufferSave OK! 03 3b 01 00 00 00 00 00 00 00 
command: 03 3b 01 00 00 00 00 00 40 ad 
Flushing serial device buffer... Success!
Sending command... sent 10 characters
Draining serial device buffer... Success!
Cleared data buffer: 00 00 00 00 00 00 00 00 00 00 
Read char #1 RC=0 (00) waited/max   408747/4000000  uS 
answer:  Got -1 characters

Elapsed time since last comm 0 us
Attempt 2
Clearing read buffer Success!
szSerBufferSave OK! 03 3b 01 00 00 00 00 00 00 00 
command: 03 3b 01 00 00 00 00 00 40 ad 
Flushing serial device buffer... Success!
Sending command... sent 10 characters
Draining serial device buffer... Success!
Cleared data buffer: 00 00 00 00 00 00 00 00 00 00 
Read char #1 RC=1 (bb) waited/max    14304/4000000  uS 
Read char #2 RC=1 (80) waited/max        7/4000000  uS 
Read char #3 RC=1 (55) waited/max        8/4000000  uS 
Read char #4 RC=0 (00) 
answer:  Got -1 characters

Elapsed time since last comm 0 us
Attempt 3
Clearing read buffer Success!
szSerBufferSave OK! 03 3b 01 00 00 00 00 00 00 00 
command: 03 3b 01 00 00 00 00 00 40 ad 
Flushing serial device buffer... Success!
Sending command... sent 10 characters
Draining serial device buffer... Success!
Cleared data buffer: 00 00 00 00 00 00 00 00 00 00 
Read char #1 RC=1 (00) waited/max    17245/4000000  uS 
Read char #2 RC=1 (06) waited/max        8/4000000  uS 
Read char #3 RC=1 (43) waited/max        8/4000000  uS 
Read char #4 RC=1 (74) waited/max        7/4000000  uS 
Read char #5 RC=1 (22) waited/max        7/4000000  uS 
Read char #6 RC=1 (96) waited/max        7/4000000  uS 
Read char #7 RC=1 (e8) waited/max        7/4000000  uS 
Read char #8 RC=1 (fd) waited/max        7/4000000  uS 
answer:  00 06 43 74 22 96 e8 fd 
received 8 characters
CRC receive OK fde8
Transmission State Check: 0
szCvrtFloat   244.135101 0x43742296
value       244.135101

Elapsed time since last comm 83 us
Attempt 1
Clearing read buffer Success!
szSerBufferSave OK! 03 3b 02 00 00 00 00 00 00 00 
command: 03 3b 02 00 00 00 00 00 3d a1 
Flushing serial device buffer... Success!
Sending command... sent 10 characters
Draining serial device buffer... Success!
Cleared data buffer: 00 00 00 00 00 00 00 00 00 00 
Read char #1 RC=0 (00) waited/max   408064/4000000  uS 
answer:  Got -1 characters

Elapsed time since last comm 0 us
Attempt 2
Clearing read buffer Success!
szSerBufferSave OK! 03 3b 02 00 00 00 00 00 00 00 
command: 03 3b 02 00 00 00 00 00 3d a1 
Flushing serial device buffer... Success!
Sending command... sent 10 characters
Draining serial device buffer... Success!
Cleared data buffer: 00 00 00 00 00 00 00 00 00 00 
Read char #1 RC=1 (00) waited/max     1537/4000000  uS 
Read char #2 RC=1 (06) waited/max        8/4000000  uS 
Read char #3 RC=1 (3f) waited/max        7/4000000  uS 
Read char #4 RC=1 (a2) waited/max        7/4000000  uS 
Read char #5 RC=1 (4e) waited/max        7/4000000  uS 
Read char #6 RC=1 (5c) waited/max        6/4000000  uS 
Read char #7 RC=1 (ec) waited/max        7/4000000  uS 
Read char #8 RC=1 (cc) waited/max        7/4000000  uS 
answer:  00 06 3f a2 4e 5c ec cc 
received 8 characters
CRC receive OK ccec
Transmission State Check: 0
szCvrtFloat     1.268016 0x3fa24e5c
value         1.268016

Elapsed time since last comm 77 us
Attempt 1
Clearing read buffer Success!
szSerBufferSave OK! 03 3b 03 00 00 00 00 00 00 00 
command: 03 3b 03 00 00 00 00 00 16 a5 
Flushing serial device buffer... Success!
Sending command... sent 10 characters
Draining serial device buffer... Success!
Cleared data buffer: 00 00 00 00 00 00 00 00 00 00 
Read char #1 RC=0 (00) 
answer:  Got -1 characters

Elapsed time since last comm 0 us
Attempt 2
Clearing read buffer Success!
szSerBufferSave OK! 03 3b 03 00 00 00 00 00 00 00 
command: 03 3b 03 00 00 00 00 00 16 a5 
Flushing serial device buffer... Success!
Sending command... sent 10 characters
Draining serial device buffer... Success!
Cleared data buffer: 00 00 00 00 00 00 00 00 00 00 
Read char #1 RC=0 (00) waited/max   407595/4000000  uS 
answer:  Got -1 characters

Elapsed time since last comm 0 us
Attempt 3
Clearing read buffer Success!
szSerBufferSave OK! 03 3b 03 00 00 00 00 00 00 00 
command: 03 3b 03 00 00 00 00 00 16 a5 
Flushing serial device buffer... Success!
Sending command... sent 10 characters
Draining serial device buffer... Success!
Cleared data buffer: 00 00 00 00 00 00 00 00 00 00 
Read char #1 RC=1 (00) waited/max    16800/4000000  uS 
Read char #2 RC=1 (06) waited/max        8/4000000  uS 
Read char #3 RC=1 (43) waited/max        7/4000000  uS 
Read char #4 RC=1 (98) waited/max        7/4000000  uS 
Read char #5 RC=1 (bd) waited/max        7/4000000  uS 
Read char #6 RC=1 (15) waited/max        7/4000000  uS 
Read char #7 RC=1 (ec) waited/max        7/4000000  uS 
Read char #8 RC=1 (7d) waited/max        7/4000000  uS 
answer:  00 06 43 98 bd 15 ec 7d 
received 8 characters
CRC receive OK 7dec
Transmission State Check: 0
szCvrtFloat   305.477203 0x4398bd15
value       305.477203

Elapsed time since last comm 83 us
Attempt 1
Clearing read buffer Success!
szSerBufferSave OK! 03 3b 17 00 00 00 00 00 00 00 
command: 03 3b 17 00 00 00 00 00 0a f7 
Flushing serial device buffer... Success!
Sending command... sent 10 characters
Draining serial device buffer... Success!
Cleared data buffer: 00 00 00 00 00 00 00 00 00 00 
Read char #1 RC=0 (00) 
answer:  Got -1 characters

Elapsed time since last comm 0 us
Attempt 2
Clearing read buffer Success!
szSerBufferSave OK! 03 3b 17 00 00 00 00 00 00 00 
command: 03 3b 17 00 00 00 00 00 0a f7 
Flushing serial device buffer... Success!
Sending command... sent 10 characters
Draining serial device buffer... Success!
Cleared data buffer: 00 00 00 00 00 00 00 00 00 00 
Read char #1 RC=1 (9a) waited/max    11601/4000000  uS 
Read char #2 RC=1 (cb) waited/max        7/4000000  uS 
Read char #3 RC=1 (1b) waited/max        7/4000000  uS 
Read char #4 RC=1 (f5) waited/max        7/4000000  uS 
Read char #5 RC=0 (00) waited/max   406978/4000000  uS 
answer:  Got -1 characters

Elapsed time since last comm 0 us
Attempt 3
Clearing read buffer Success!
szSerBufferSave OK! 03 3b 17 00 00 00 00 00 00 00 
command: 03 3b 17 00 00 00 00 00 0a f7 
Flushing serial device buffer... Success!
Sending command... sent 10 characters
Draining serial device buffer... Success!
Cleared data buffer: 00 00 00 00 00 00 00 00 00 00 
Read char #1 RC=1 (00) waited/max    17944/4000000  uS 
Read char #2 RC=1 (06) waited/max        8/4000000  uS 
Read char #3 RC=1 (43) waited/max        7/4000000  uS 
Read char #4 RC=1 (c9) waited/max        7/4000000  uS 
Read char #5 RC=1 (9a) waited/max        7/4000000  uS 
Read char #6 RC=1 (cb) waited/max        7/4000000  uS 
Read char #7 RC=1 (1b) waited/max        6/4000000  uS 
Read char #8 RC=1 (f5) waited/max        7/4000000  uS 
answer:  00 06 43 c9 9a cb 1b f5 
received 8 characters
CRC receive OK f51b
Transmission State Check: 0
szCvrtFloat   403.209320 0x43c99acb
value       403.209320

Elapsed time since last comm 83 us
Attempt 1
Clearing read buffer Success!
szSerBufferSave OK! 03 3b 19 00 00 00 00 00 00 00 
command: 03 3b 19 00 00 00 00 00 a8 ce 
Flushing serial device buffer... Success!
Sending command... sent 10 characters
Draining serial device buffer... Success!
Cleared data buffer: 00 00 00 00 00 00 00 00 00 00 
Read char #1 RC=0 (00) 
answer:  Got -1 characters

Elapsed time since last comm 0 us
Attempt 2
Clearing read buffer Success!
szSerBufferSave OK! 03 3b 19 00 00 00 00 00 00 00 
command: 03 3b 19 00 00 00 00 00 a8 ce 
Flushing serial device buffer... Success!
Sending command... sent 10 characters
Draining serial device buffer... Success!
Cleared data buffer: 00 00 00 00 00 00 00 00 00 00 
Read char #1 RC=0 (00) waited/max   408295/4000000  uS 
answer:  Got -1 characters

Elapsed time since last comm 0 us
Attempt 3
Clearing read buffer Success!
szSerBufferSave OK! 03 3b 19 00 00 00 00 00 00 00 
command: 03 3b 19 00 00 00 00 00 a8 ce 
Flushing serial device buffer... Success!
Sending command... sent 10 characters
Draining serial device buffer... Success!
Cleared data buffer: 00 00 00 00 00 00 00 00 00 00 
Read char #1 RC=1 (00) waited/max    15114/4000000  uS 
Read char #2 RC=1 (06) waited/max        7/4000000  uS 
Read char #3 RC=1 (3e) waited/max        7/4000000  uS 
Read char #4 RC=1 (db) waited/max        7/4000000  uS 
Read char #5 RC=1 (05) waited/max        7/4000000  uS 
Read char #6 RC=1 (25) waited/max        7/4000000  uS 
Read char #7 RC=1 (19) waited/max        7/4000000  uS 
Read char #8 RC=1 (80) waited/max        7/4000000  uS 
answer:  00 06 3e db 05 25 19 80 
received 8 characters
CRC receive OK 8019
Transmission State Check: 0
szCvrtFloat     0.427774 0x3edb0525
value         0.427774

Elapsed time since last comm 132 us
Attempt 1
Clearing read buffer Success!
szSerBufferSave OK! 03 3b 1a 00 00 00 00 00 00 00 
command: 03 3b 1a 00 00 00 00 00 d5 c2 
Flushing serial device buffer... Success!
Sending command... sent 10 characters
Draining serial device buffer... Success!
Cleared data buffer: 00 00 00 00 00 00 00 00 00 00 
Read char #1 RC=0 (00) waited/max   407268/4000000  uS 
answer:  Got -1 characters

Elapsed time since last comm 0 us
Attempt 2
Clearing read buffer Success!
szSerBufferSave OK! 03 3b 1a 00 00 00 00 00 00 00 
command: 03 3b 1a 00 00 00 00 00 d5 c2 
Flushing serial device buffer... Success!
Sending command... sent 10 characters
Draining serial device buffer... Success!
Cleared data buffer: 00 00 00 00 00 00 00 00 00 00 
Read char #1 RC=1 (00) waited/max     2032/4000000  uS 
Read char #2 RC=1 (06) waited/max        8/4000000  uS 
Read char #3 RC=1 (43) waited/max        7/4000000  uS 
Read char #4 RC=1 (cc) waited/max        7/4000000  uS 
Read char #5 RC=1 (43) waited/max        7/4000000  uS 
Read char #6 RC=1 (78) waited/max        7/4000000  uS 
Read char #7 RC=1 (95) waited/max        7/4000000  uS 
Read char #8 RC=1 (c3) waited/max        7/4000000  uS 
answer:  00 06 43 cc 43 78 95 c3 
received 8 characters
CRC receive OK c395
Transmission State Check: 0
szCvrtFloat   408.527100 0x43cc4378
value       408.527100

Elapsed time since last comm 83 us
Attempt 1
Clearing read buffer Success!
szSerBufferSave OK! 03 3b 1b 00 00 00 00 00 00 00 
command: 03 3b 1b 00 00 00 00 00 fe c6 
Flushing serial device buffer... Success!
Sending command... sent 10 characters
Draining serial device buffer... Success!
Cleared data buffer: 00 00 00 00 00 00 00 00 00 00 
Read char #1 RC=0 (00) 
answer:  Got -1 characters

Elapsed time since last comm 0 us
Attempt 2
Clearing read buffer Success!
szSerBufferSave OK! 03 3b 1b 00 00 00 00 00 00 00 
command: 03 3b 1b 00 00 00 00 00 fe c6 
Flushing serial device buffer... Success!
Sending command... sent 10 characters
Draining serial device buffer... Success!
Cleared data buffer: 00 00 00 00 00 00 00 00 00 00 
Read char #1 RC=1 (00) waited/max    16898/4000000  uS 
Read char #2 RC=1 (06) waited/max        8/4000000  uS 
Read char #3 RC=1 (3e) waited/max        7/4000000  uS 
Read char #4 RC=1 (e2) waited/max        7/4000000  uS 
Read char #5 RC=1 (db) waited/max        7/4000000  uS 
Read char #6 RC=1 (62) waited/max        7/4000000  uS 
Read char #7 RC=1 (39) waited/max        7/4000000  uS 
Read char #8 RC=1 (69) waited/max        7/4000000  uS 
answer:  00 06 3e e2 db 62 39 69 
received 8 characters
CRC receive OK 6939
Transmission State Check: 0
szCvrtFloat     0.443080 0x3ee2db62
value         0.443080

Elapsed time since last comm 76 us
Attempt 1
Clearing read buffer Success!
szSerBufferSave OK! 03 3b 15 00 00 00 00 00 00 00 
command: 03 3b 15 00 00 00 00 00 5c ff 
Flushing serial device buffer... Success!
Sending command... sent 10 characters
Draining serial device buffer... Success!
Cleared data buffer: 00 00 00 00 00 00 00 00 00 00 
Read char #1 RC=0 (00) waited/max   407131/4000000  uS 
answer:  Got -1 characters

Elapsed time since last comm 0 us
Attempt 2
Clearing read buffer Success!
szSerBufferSave OK! 03 3b 15 00 00 00 00 00 00 00 
command: 03 3b 15 00 00 00 00 00 5c ff 
Flushing serial device buffer... Success!
Sending command... sent 10 characters
Draining serial device buffer... Success!
Cleared data buffer: 00 00 00 00 00 00 00 00 00 00 
Read char #1 RC=1 (00) waited/max     9790/4000000  uS 
Read char #2 RC=1 (06) waited/max        8/4000000  uS 
Read char #3 RC=1 (41) waited/max        7/4000000  uS 
Read char #4 RC=1 (f3) waited/max        7/4000000  uS 
Read char #5 RC=1 (fd) waited/max        7/4000000  uS 
Read char #6 RC=1 (9a) waited/max        7/4000000  uS 
Read char #7 RC=1 (e8) waited/max        7/4000000  uS 
Read char #8 RC=1 (52) waited/max        7/4000000  uS 
answer:  00 06 41 f3 fd 9a e8 52 
received 8 characters
CRC receive OK 52e8
Transmission State Check: 0
szCvrtFloat    30.498829 0x41f3fd9a
value        30.498829

Elapsed time since last comm 139 us
Attempt 1
Clearing read buffer Success!
szSerBufferSave OK! 03 3b 16 00 00 00 00 00 00 00 
command: 03 3b 16 00 00 00 00 00 21 f3 
Flushing serial device buffer... Success!
Sending command... sent 10 characters
Draining serial device buffer... Success!
Cleared data buffer: 00 00 00 00 00 00 00 00 00 00 
Read char #1 RC=0 (00) 
answer:  Got -1 characters

Elapsed time since last comm 0 us
Attempt 2
Clearing read buffer Success!
szSerBufferSave OK! 03 3b 16 00 00 00 00 00 00 00 
command: 03 3b 16 00 00 00 00 00 21 f3 
Flushing serial device buffer... Success!
Sending command... sent 10 characters
Draining serial device buffer... Success!
Cleared data buffer: 00 00 00 00 00 00 00 00 00 00 
Read char #1 RC=0 (00) waited/max   408483/4000000  uS 
answer:  Got -1 characters

Elapsed time since last comm 0 us
Attempt 3
Clearing read buffer Success!
szSerBufferSave OK! 03 3b 16 00 00 00 00 00 00 00 
command: 03 3b 16 00 00 00 00 00 21 f3 
Flushing serial device buffer... Success!
Sending command... sent 10 characters
Draining serial device buffer... Success!
Cleared data buffer: 00 00 00 00 00 00 00 00 00 00 
Read char #1 RC=1 (00) waited/max     1002/4000000  uS 
Read char #2 RC=1 (06) waited/max        7/4000000  uS 
Read char #3 RC=1 (41) waited/max        6/4000000  uS 
Read char #4 RC=1 (e9) waited/max        7/4000000  uS 
Read char #5 RC=1 (c6) waited/max        7/4000000  uS 
Read char #6 RC=1 (cf) waited/max        7/4000000  uS 
Read char #7 RC=1 (25) waited/max        6/4000000  uS 
Read char #8 RC=1 (f3) waited/max        7/4000000  uS 
answer:  00 06 41 e9 c6 cf 25 f3 
received 8 characters
CRC receive OK f325
Transmission State Check: 0
szCvrtFloat    29.222075 0x41e9c6cf
value        29.222075

Attempting to get Partial Energy value 
Elapsed time since last comm 150 us
Attempt 1
Clearing read buffer Success!
szSerBufferSave OK! 03 4e 06 00 00 00 00 00 00 00 
command: 03 4e 06 00 00 00 00 00 7e 50 
Flushing serial device buffer... Success!
Sending command... sent 10 characters
Draining serial device buffer... Success!
Cleared data buffer: 00 00 00 00 00 00 00 00 00 00 
Read char #1 RC=0 (00) 
answer:  Got -1 characters

Elapsed time since last comm 0 us
Attempt 2
Clearing read buffer Success!
szSerBufferSave OK! 03 4e 06 00 00 00 00 00 00 00 
command: 03 4e 06 00 00 00 00 00 7e 50 
Flushing serial device buffer... Success!
Sending command... sent 10 characters
Draining serial device buffer... Success!
Cleared data buffer: 00 00 00 00 00 00 00 00 00 00 
Read char #1 RC=1 (00) waited/max    13861/4000000  uS 
Read char #2 RC=1 (06) waited/max        7/4000000  uS 
Read char #3 RC=1 (00) waited/max        7/4000000  uS 
Read char #4 RC=1 (80) waited/max        7/4000000  uS 
Read char #5 RC=1 (18) waited/max        7/4000000  uS 
Read char #6 RC=1 (e6) waited/max        7/4000000  uS 
Read char #7 RC=1 (92) waited/max        7/4000000  uS 
Read char #8 RC=1 (19) waited/max        7/4000000  uS 
answer:  00 06 00 80 18 e6 92 19 
received 8 characters
CRC receive OK 1992
Transmission State Check: 0
szCvrtLong        8394982 0x008018e6
value             8394982

Elapsed time since last comm 63 us
Attempt 1
Clearing read buffer Success!
szSerBufferSave OK! 03 4e 00 00 00 00 00 00 00 00 
command: 03 4e 00 00 00 00 00 00 84 48 
Flushing serial device buffer... Success!
Sending command... sent 10 characters
Draining serial device buffer... Success!
Cleared data buffer: 00 00 00 00 00 00 00 00 00 00 
Read char #1 RC=1 (00) waited/max      351/4000000  uS 
Read char #2 RC=1 (06) waited/max        8/4000000  uS 
Read char #3 RC=1 (00) waited/max        8/4000000  uS 
Read char #4 RC=1 (00) waited/max        7/4000000  uS 
Read char #5 RC=1 (01) waited/max        7/4000000  uS 
Read char #6 RC=1 (73) waited/max        7/4000000  uS 
Read char #7 RC=1 (d3) waited/max        7/4000000  uS 
Read char #8 RC=1 (94) waited/max        7/4000000  uS 
answer:  00 06 00 00 01 73 d3 94 
received 8 characters
CRC receive OK 94d3
Transmission State Check: 0
szCvrtLong            371 0x00000173
value                 371

Elapsed time since last comm 116 us
Attempt 1
Clearing read buffer Success!
szSerBufferSave OK! 03 4e 01 00 00 00 00 00 00 00 
command: 03 4e 01 00 00 00 00 00 af 4c 
Flushing serial device buffer... Success!
Sending command... sent 10 characters
Draining serial device buffer... Success!
Cleared data buffer: 00 00 00 00 00 00 00 00 00 00 
Read char #1 RC=0 (00) waited/max   408899/4000000  uS 
answer:  Got -1 characters

Elapsed time since last comm 0 us
Attempt 2
Clearing read buffer Success!
szSerBufferSave OK! 03 4e 01 00 00 00 00 00 00 00 
command: 03 4e 01 00 00 00 00 00 af 4c 
Flushing serial device buffer... Success!
Sending command... sent 10 characters
Draining serial device buffer... Success!
Cleared data buffer: 00 00 00 00 00 00 00 00 00 00 
Read char #1 RC=0 (00) 
answer:  Got -1 characters

Elapsed time since last comm 0 us
Attempt 3
Clearing read buffer Success!
szSerBufferSave OK! 03 4e 01 00 00 00 00 00 00 00 
command: 03 4e 01 00 00 00 00 00 af 4c 
Flushing serial device buffer... Success!
Sending command... sent 10 characters
Draining serial device buffer... Success!
Cleared data buffer: 00 00 00 00 00 00 00 00 00 00 
Read char #1 RC=0 (00) waited/max   407787/4000000  uS 
answer:  Got -1 characters
_ERROR_ (78 1)

Restoring Serial Port settings /dev/ttyUSB0... Success!
Flushing serial device buffer... Success!
Closing Serial Port /dev/ttyUSB0... Success!

devLCKfile: </var/lock/LCK..ttyUSB0>
devLCKfileNew: </var/lock/LCK..ttyUSB0.19847>
Clearing Serial Port Lock (19847)... done.

20200225-09:24:02: aurora: ERROR: Received bad return code (-1 78 1)

Complete 20200225-09:24:02

