
aurora -b -a 3 -c -T -Y3 -l4 -d0 -e /dev/ttyUSB0 

szttyDevice: /dev/ttyUSB0
yDelay:     4
yTimeout    0 mS
yMaxRunTime ~
devLCKfile: </var/lock/LCK..ttyUSB0>
devLCKfileNew: </var/lock/LCK..ttyUSB0.19540>
Got Params

RunTime     20200225-09:17:01 v1.9.3 
Endian    : Little
tm_gmtoff : yes
PID       : 19540

Attempting to get lock on Serial Port /dev/ttyUSB0...
Checking for lock
PID: 19540 COMMAND: "aurora" LckPID: 19540 LckCOMMAND: "aurora" LckPIDcommand "aurora" = me
Appears we got the lock.

Opening Serial Port /dev/ttyUSB0...  Serial Port /dev/ttyUSB0 successfully opened.
Configuring serial device... Flushing unread data first...  Success!
Flushing serial device buffer... Success!

Comm Check: Let's see if the Aurora is listening... 
Elapsed time since last comm 0 us
Attempt 1
Clearing read buffer Success!
szSerBufferSave OK! 03 3a 00 00 00 00 00 00 00 00 
command: 03 3a 00 00 00 00 00 00 be 36 
Flushing serial device buffer... Success!
Sending command... sent 10 characters
Draining serial device buffer... Success!
Cleared data buffer: 00 00 00 00 00 00 00 00 00 00 
Read char #1 RC=0 (00) waited/max   407081/4000000  uS 
answer:  Got -1 characters

Elapsed time since last comm 0 us
Attempt 2
Clearing read buffer Success!
szSerBufferSave OK! 03 3a 00 00 00 00 00 00 00 00 
command: 03 3a 00 00 00 00 00 00 be 36 
Flushing serial device buffer... Success!
Sending command... sent 10 characters
Draining serial device buffer... Success!
Cleared data buffer: 00 00 00 00 00 00 00 00 00 00 
Read char #1 RC=1 (00) waited/max    53188/4000000  uS 
Read char #2 RC=1 (06) waited/max        4/4000000  uS 
Read char #3 RC=1 (33) waited/max        3/4000000  uS 
Read char #4 RC=1 (55) waited/max        2/4000000  uS 
Read char #5 RC=1 (4e) waited/max        3/4000000  uS 
Read char #6 RC=1 (4e) waited/max        3/4000000  uS 
Read char #7 RC=1 (7a) waited/max        2/4000000  uS 
Read char #8 RC=1 (68) waited/max        3/4000000  uS 
answer:  00 06 33 55 4e 4e 7a 68 
received 8 characters
CRC receive OK 687a
Transmission State Check: 0
Model ID "3" qMultiplier -1.0000000 -- PVI-3.6-OUTD --
Comm Check: OK

Elapsed time since last comm 103 us
Attempt 1
Clearing read buffer Success!
szSerBufferSave OK! 03 3b 04 00 00 00 00 00 00 00 
command: 03 3b 04 00 00 00 00 00 c7 b9 
Flushing serial device buffer... Success!
Sending command... sent 10 characters
Draining serial device buffer... Success!
Cleared data buffer: 00 00 00 00 00 00 00 00 00 00 
Read char #1 RC=0 (00) 
answer:  Got -1 characters

Elapsed time since last comm 0 us
Attempt 2
Clearing read buffer Success!
szSerBufferSave OK! 03 3b 04 00 00 00 00 00 00 00 
command: 03 3b 04 00 00 00 00 00 c7 b9 
Flushing serial device buffer... Success!
Sending command... sent 10 characters
Draining serial device buffer... Success!
Cleared data buffer: 00 00 00 00 00 00 00 00 00 00 
Read char #1 RC=1 (00) waited/max     1914/4000000  uS 
Read char #2 RC=1 (06) waited/max        7/4000000  uS 
Read char #3 RC=1 (42) waited/max        6/4000000  uS 
Read char #4 RC=1 (47) waited/max        7/4000000  uS 
Read char #5 RC=1 (ee) waited/max        7/4000000  uS 
Read char #6 RC=1 (99) waited/max        7/4000000  uS 
Read char #7 RC=1 (64) waited/max        7/4000000  uS 
Read char #8 RC=1 (13) waited/max        7/4000000  uS 
answer:  00 06 42 47 ee 99 64 13 
received 8 characters
CRC receive OK 1364
Transmission State Check: 0
szCvrtFloat    49.983006 0x4247ee99
value        49.983006

Elapsed time since last comm 84 us
Attempt 1
Clearing read buffer Success!
szSerBufferSave OK! 03 3b 01 00 00 00 00 00 00 00 
command: 03 3b 01 00 00 00 00 00 40 ad 
Flushing serial device buffer... Success!
Sending command... sent 10 characters
Draining serial device buffer... Success!
Cleared data buffer: 00 00 00 00 00 00 00 00 00 00 
Read char #1 RC=0 (00) waited/max   409011/4000000  uS 
answer:  Got -1 characters

Elapsed time since last comm 0 us
Attempt 2
Clearing read buffer Success!
szSerBufferSave OK! 03 3b 01 00 00 00 00 00 00 00 
command: 03 3b 01 00 00 00 00 00 40 ad 
Flushing serial device buffer... Success!
Sending command... sent 10 characters
Draining serial device buffer... Success!
Cleared data buffer: 00 00 00 00 00 00 00 00 00 00 
Read char #1 RC=1 (74) waited/max    14763/4000000  uS 
Read char #2 RC=1 (32) waited/max        7/4000000  uS 
Read char #3 RC=1 (14) waited/max        6/4000000  uS 
Read char #4 RC=1 (63) waited/max        7/4000000  uS 
Read char #5 RC=1 (cf) waited/max        7/4000000  uS 
Read char #6 RC=0 (00) 
answer:  Got -1 characters

Elapsed time since last comm 0 us
Attempt 3
Clearing read buffer Success!
szSerBufferSave OK! 03 3b 01 00 00 00 00 00 00 00 
command: 03 3b 01 00 00 00 00 00 40 ad 
Flushing serial device buffer... Success!
Sending command... sent 10 characters
Draining serial device buffer... Success!
Cleared data buffer: 00 00 00 00 00 00 00 00 00 00 
Read char #1 RC=1 (00) waited/max     7123/4000000  uS 
Read char #2 RC=1 (06) waited/max        8/4000000  uS 
Read char #3 RC=1 (43) waited/max        7/4000000  uS 
Read char #4 RC=1 (74) waited/max        7/4000000  uS 
Read char #5 RC=1 (38) waited/max        7/4000000  uS 
Read char #6 RC=1 (45) waited/max        7/4000000  uS 
Read char #7 RC=1 (1f) waited/max    15511/4000000  uS 
Read char #8 RC=1 (71) waited/max        7/4000000  uS 
answer:  00 06 43 74 38 45 1f 71 
received 8 characters
CRC receive OK 711f
Transmission State Check: 0
szCvrtFloat   244.219803 0x43743845
value       244.219803

Elapsed time since last comm 84 us
Attempt 1
Clearing read buffer Success!
szSerBufferSave OK! 03 3b 02 00 00 00 00 00 00 00 
command: 03 3b 02 00 00 00 00 00 3d a1 
Flushing serial device buffer... Success!
Sending command... sent 10 characters
Draining serial device buffer... Success!
Cleared data buffer: 00 00 00 00 00 00 00 00 00 00 
Read char #1 RC=0 (00) waited/max   408392/4000000  uS 
answer:  Got -1 characters

Elapsed time since last comm 0 us
Attempt 2
Clearing read buffer Success!
szSerBufferSave OK! 03 3b 02 00 00 00 00 00 00 00 
command: 03 3b 02 00 00 00 00 00 3d a1 
Flushing serial device buffer... Success!
Sending command... sent 10 characters
Draining serial device buffer... Success!
Cleared data buffer: 00 00 00 00 00 00 00 00 00 00 
Read char #1 RC=1 (00) waited/max     1982/4000000  uS 
Read char #2 RC=1 (06) waited/max        7/4000000  uS 
Read char #3 RC=1 (3f) waited/max        7/4000000  uS 
Read char #4 RC=1 (b7) waited/max        7/4000000  uS 
Read char #5 RC=1 (98) waited/max        6/4000000  uS 
Read char #6 RC=1 (ac) waited/max        7/4000000  uS 
Read char #7 RC=1 (a0) waited/max        7/4000000  uS 
Read char #8 RC=1 (8c) waited/max    15434/4000000  uS 
answer:  00 06 3f b7 98 ac a0 8c 
received 8 characters
CRC receive OK 8ca0
Transmission State Check: 0
szCvrtFloat     1.434347 0x3fb798ac
value         1.434347

Elapsed time since last comm 77 us
Attempt 1
Clearing read buffer Success!
szSerBufferSave OK! 03 3b 03 00 00 00 00 00 00 00 
command: 03 3b 03 00 00 00 00 00 16 a5 
Flushing serial device buffer... Success!
Sending command... sent 10 characters
Draining serial device buffer... Success!
Cleared data buffer: 00 00 00 00 00 00 00 00 00 00 
Read char #1 RC=0 (00) 
answer:  Got -1 characters

Elapsed time since last comm 0 us
Attempt 2
Clearing read buffer Success!
szSerBufferSave OK! 03 3b 03 00 00 00 00 00 00 00 
command: 03 3b 03 00 00 00 00 00 16 a5 
Flushing serial device buffer... Success!
Sending command... sent 10 characters
Draining serial device buffer... Success!
Cleared data buffer: 00 00 00 00 00 00 00 00 00 00 
Read char #1 RC=0 (00) waited/max   407775/4000000  uS 
answer:  Got -1 characters

Elapsed time since last comm 0 us
Attempt 3
Clearing read buffer Success!
szSerBufferSave OK! 03 3b 03 00 00 00 00 00 00 00 
command: 03 3b 03 00 00 00 00 00 16 a5 
Flushing serial device buffer... Success!
Sending command... sent 10 characters
Draining serial device buffer... Success!
Cleared data buffer: 00 00 00 00 00 00 00 00 00 00 
Read char #1 RC=0 (00) waited/max   408228/4000000  uS 
answer:  Got -1 characters
_ERROR_ (59 3)

Restoring Serial Port settings /dev/ttyUSB0... Success!
Flushing serial device buffer... Success!
Closing Serial Port /dev/ttyUSB0... Success!

devLCKfile: </var/lock/LCK..ttyUSB0>
devLCKfileNew: </var/lock/LCK..ttyUSB0.19540>
Clearing Serial Port Lock (19540)... done.

20200225-09:17:04: aurora: ERROR: Received bad return code (-1 59 3)

Complete 20200225-09:17:04

