
aurora -b -a 3 -c -T -Y6 -l5 -d0 -e /dev/ttyUSB0 

szttyDevice: /dev/ttyUSB0
yDelay:     5
yTimeout    0 mS
yMaxRunTime ~
devLCKfile: </var/lock/LCK..ttyUSB0>
devLCKfileNew: </var/lock/LCK..ttyUSB0.31392>
Got Params

RunTime     20200226-06:39:36 v1.9.3 
Endian    : Little
tm_gmtoff : yes
PID       : 31392

Attempting to get lock on Serial Port /dev/ttyUSB0...
Checking for lock
PID: 31392 COMMAND: "aurora" LckPID: 31392 LckCOMMAND: "aurora" LckPIDcommand "aurora" = me
Appears we got the lock.

Opening Serial Port /dev/ttyUSB0...  Serial Port /dev/ttyUSB0 successfully opened.
Configuring serial device... Flushing unread data first...  Success!
Flushing serial device buffer... Success!

Comm Check: Let's see if the Aurora is listening... 
Elapsed time since last comm 0 us
Attempt 1
Clearing read buffer Success!
szSerBufferSave OK! 03 3a 00 00 00 00 00 00 00 00 
command: 03 3a 00 00 00 00 00 00 be 36 
Flushing serial device buffer... Success!
Sending command... sent 10 characters
Draining serial device buffer... Success!
Cleared data buffer: 00 00 00 00 00 00 00 00 00 00 
Read char #1 RC=1 (00) waited/max    15556/5000000  uS 
Read char #2 RC=1 (0e) waited/max    15900/5000000  uS 
Read char #3 RC=1 (33) waited/max        7/5000000  uS 
Read char #4 RC=1 (55) waited/max        7/5000000  uS 
Read char #5 RC=1 (4e) waited/max        7/5000000  uS 
Read char #6 RC=1 (4e) waited/max        7/5000000  uS 
Read char #7 RC=1 (5a) waited/max        7/5000000  uS 
Read char #8 RC=1 (32) waited/max        7/5000000  uS 
answer:  00 0e 33 55 4e 4e 5a 32 
received 8 characters
CRC receive OK 325a
Transmission State Check: 0
Model ID "3" qMultiplier -1.0000000 -- PVI-3.6-OUTD --
Comm Check: OK

Elapsed time since last comm 204 us
Attempt 1
Clearing read buffer Success!
szSerBufferSave OK! 03 3b 04 00 00 00 00 00 00 00 
command: 03 3b 04 00 00 00 00 00 c7 b9 
Flushing serial device buffer... Success!
Sending command... sent 10 characters
Draining serial device buffer... Success!
Cleared data buffer: 00 00 00 00 00 00 00 00 00 00 
Read char #1 RC=1 (00) waited/max    14039/5000000  uS 
Read char #2 RC=1 (0e) waited/max        7/5000000  uS 
Read char #3 RC=1 (42) waited/max        7/5000000  uS 
Read char #4 RC=1 (47) waited/max        7/5000000  uS 
Read char #5 RC=1 (e1) waited/max        7/5000000  uS 
Read char #6 RC=1 (4c) waited/max        7/5000000  uS 
Read char #7 RC=1 (ac) waited/max        7/5000000  uS 
Read char #8 RC=1 (4b) waited/max        7/5000000  uS 
answer:  00 0e 42 47 e1 4c ac 4b 
received 8 characters
CRC receive OK 4bac
Transmission State Check: 0
szCvrtFloat    49.970016 0x4247e14c
value        49.970016

Elapsed time since last comm 77 us
Attempt 1
Clearing read buffer Success!
szSerBufferSave OK! 03 3b 01 00 00 00 00 00 00 00 
command: 03 3b 01 00 00 00 00 00 40 ad 
Flushing serial device buffer... Success!
Sending command... sent 10 characters
Draining serial device buffer... Success!
Cleared data buffer: 00 00 00 00 00 00 00 00 00 00 
Read char #1 RC=0 (00) 
answer:  Got -1 characters

Elapsed time since last comm 0 us
Attempt 2
Clearing read buffer Success!
szSerBufferSave OK! 03 3b 01 00 00 00 00 00 00 00 
command: 03 3b 01 00 00 00 00 00 40 ad 
Flushing serial device buffer... Success!
Sending command... sent 10 characters
Draining serial device buffer... Success!
Cleared data buffer: 00 00 00 00 00 00 00 00 00 00 
Read char #1 RC=1 (00) waited/max    44920/5000000  uS 
Read char #2 RC=1 (0e) waited/max        7/5000000  uS 
Read char #3 RC=1 (43) waited/max        8/5000000  uS 
Read char #4 RC=1 (73) waited/max        7/5000000  uS 
Read char #5 RC=1 (8d) waited/max        7/5000000  uS 
Read char #6 RC=1 (b9) waited/max        7/5000000  uS 
Read char #7 RC=1 (0f) waited/max        7/5000000  uS 
Read char #8 RC=1 (de) waited/max        7/5000000  uS 
answer:  00 0e 43 73 8d b9 0f de 
received 8 characters
CRC receive OK de0f
Transmission State Check: 0
szCvrtFloat   243.553604 0x43738db9
value       243.553604

Elapsed time since last comm 80 us
Attempt 1
Clearing read buffer Success!
szSerBufferSave OK! 03 3b 02 00 00 00 00 00 00 00 
command: 03 3b 02 00 00 00 00 00 3d a1 
Flushing serial device buffer... Success!
Sending command... sent 10 characters
Draining serial device buffer... Success!
Cleared data buffer: 00 00 00 00 00 00 00 00 00 00 
Read char #1 RC=0 (00) waited/max   508227/5000000  uS 
answer:  Got -1 characters

Elapsed time since last comm 0 us
Attempt 2
Clearing read buffer Success!
szSerBufferSave OK! 03 3b 02 00 00 00 00 00 00 00 
command: 03 3b 02 00 00 00 00 00 3d a1 
Flushing serial device buffer... Success!
Sending command... sent 10 characters
Draining serial device buffer... Success!
Cleared data buffer: 00 00 00 00 00 00 00 00 00 00 
Read char #1 RC=1 (00) 
Read char #2 RC=1 (0e) waited/max        8/5000000  uS 
Read char #3 RC=1 (3f) waited/max        7/5000000  uS 
Read char #4 RC=1 (44) waited/max        7/5000000  uS 
Read char #5 RC=1 (a5) waited/max        7/5000000  uS 
Read char #6 RC=1 (68) waited/max    15594/5000000  uS 
Read char #7 RC=1 (22) waited/max        8/5000000  uS 
Read char #8 RC=1 (33) waited/max        7/5000000  uS 
answer:  00 0e 3f 44 a5 68 22 33 
received 8 characters
CRC receive OK 3322
Transmission State Check: 0
szCvrtFloat     0.768149 0x3f44a568
value         0.768149

Elapsed time since last comm 77 us
Attempt 1
Clearing read buffer Success!
szSerBufferSave OK! 03 3b 03 00 00 00 00 00 00 00 
command: 03 3b 03 00 00 00 00 00 16 a5 
Flushing serial device buffer... Success!
Sending command... sent 10 characters
Draining serial device buffer... Success!
Cleared data buffer: 00 00 00 00 00 00 00 00 00 00 
Read char #1 RC=0 (00) waited/max   507133/5000000  uS 
answer:  Got -1 characters

Elapsed time since last comm 0 us
Attempt 2
Clearing read buffer Success!
szSerBufferSave OK! 03 3b 03 00 00 00 00 00 00 00 
command: 03 3b 03 00 00 00 00 00 16 a5 
Flushing serial device buffer... Success!
Sending command... sent 10 characters
Draining serial device buffer... Success!
Cleared data buffer: 00 00 00 00 00 00 00 00 00 00 
Read char #1 RC=1 (00) waited/max    44517/5000000  uS 
Read char #2 RC=1 (0e) waited/max        8/5000000  uS 
Read char #3 RC=1 (00) waited/max        8/5000000  uS 
Read char #4 RC=1 (00) waited/max        8/5000000  uS 
Read char #5 RC=1 (00) waited/max        7/5000000  uS 
Read char #6 RC=1 (00) waited/max        7/5000000  uS 
Read char #7 RC=1 (37) waited/max        7/5000000  uS 
Read char #8 RC=1 (96) waited/max        7/5000000  uS 
answer:  00 0e 00 00 00 00 37 96 
received 8 characters
CRC receive OK 9637
Transmission State Check: 0
szCvrtFloat     0.000000 0x00000000
value         0.000000

Elapsed time since last comm 75 us
Attempt 1
Clearing read buffer Success!
szSerBufferSave OK! 03 3b 17 00 00 00 00 00 00 00 
command: 03 3b 17 00 00 00 00 00 0a f7 
Flushing serial device buffer... Success!
Sending command... sent 10 characters
Draining serial device buffer... Success!
Cleared data buffer: 00 00 00 00 00 00 00 00 00 00 
Read char #1 RC=0 (00) 
answer:  Got -1 characters

Elapsed time since last comm 0 us
Attempt 2
Clearing read buffer Success!
szSerBufferSave OK! 03 3b 17 00 00 00 00 00 00 00 
command: 03 3b 17 00 00 00 00 00 0a f7 
Flushing serial device buffer... Success!
Sending command... sent 10 characters
Draining serial device buffer... Success!
Cleared data buffer: 00 00 00 00 00 00 00 00 00 00 
Read char #1 RC=1 (00) waited/max    53304/5000000  uS 
Read char #2 RC=1 (0e) waited/max        7/5000000  uS 
Read char #3 RC=1 (43) waited/max        7/5000000  uS 
Read char #4 RC=1 (92) waited/max        6/5000000  uS 
Read char #5 RC=1 (b3) waited/max        7/5000000  uS 
Read char #6 RC=1 (37) waited/max        6/5000000  uS 
Read char #7 RC=1 (b6) waited/max        7/5000000  uS 
Read char #8 RC=1 (cc) waited/max        7/5000000  uS 
answer:  00 0e 43 92 b3 37 b6 cc 
received 8 characters
CRC receive OK ccb6
Transmission State Check: 0
szCvrtFloat   293.400116 0x4392b337
value       293.400116

Elapsed time since last comm 81 us
Attempt 1
Clearing read buffer Success!
szSerBufferSave OK! 03 3b 19 00 00 00 00 00 00 00 
command: 03 3b 19 00 00 00 00 00 a8 ce 
Flushing serial device buffer... Success!
Sending command... sent 10 characters
Draining serial device buffer... Success!
Cleared data buffer: 00 00 00 00 00 00 00 00 00 00 
Read char #1 RC=0 (00) waited/max   508965/5000000  uS 
answer:  Got -1 characters

Elapsed time since last comm 0 us
Attempt 2
Clearing read buffer Success!
szSerBufferSave OK! 03 3b 19 00 00 00 00 00 00 00 
command: 03 3b 19 00 00 00 00 00 a8 ce 
Flushing serial device buffer... Success!
Sending command... sent 10 characters
Draining serial device buffer... Success!
Cleared data buffer: 00 00 00 00 00 00 00 00 00 00 
Read char #1 RC=1 (00) waited/max    60160/5000000  uS 
Read char #2 RC=1 (0e) waited/max        7/5000000  uS 
Read char #3 RC=1 (3c) waited/max        7/5000000  uS 
Read char #4 RC=1 (d9) waited/max        7/5000000  uS 
Read char #5 RC=1 (c8) waited/max        7/5000000  uS 
Read char #6 RC=1 (5e) waited/max        7/5000000  uS 
Read char #7 RC=1 (71) waited/max        7/5000000  uS 
Read char #8 RC=1 (e1) waited/max        7/5000000  uS 
answer:  00 0e 3c d9 c8 5e 71 e1 
received 8 characters
CRC receive OK e171
Transmission State Check: 0
szCvrtFloat     0.026585 0x3cd9c85e
value         0.026585

Elapsed time since last comm 78 us
Attempt 1
Clearing read buffer Success!
szSerBufferSave OK! 03 3b 1a 00 00 00 00 00 00 00 
command: 03 3b 1a 00 00 00 00 00 d5 c2 
Flushing serial device buffer... Success!
Sending command... sent 10 characters
Draining serial device buffer... Success!
Cleared data buffer: 00 00 00 00 00 00 00 00 00 00 
Read char #1 RC=0 (00) 
answer:  Got -1 characters

Elapsed time since last comm 0 us
Attempt 2
Clearing read buffer Success!
szSerBufferSave OK! 03 3b 1a 00 00 00 00 00 00 00 
command: 03 3b 1a 00 00 00 00 00 d5 c2 
Flushing serial device buffer... Success!
Sending command... sent 10 characters
Draining serial device buffer... Success!
Cleared data buffer: 00 00 00 00 00 00 00 00 00 00 
Read char #1 RC=1 (00) waited/max    32914/5000000  uS 
Read char #2 RC=1 (0e) waited/max        8/5000000  uS 
Read char #3 RC=1 (43) waited/max        8/5000000  uS 
Read char #4 RC=1 (93) waited/max    15760/5000000  uS 
Read char #5 RC=1 (77) waited/max        8/5000000  uS 
Read char #6 RC=1 (21) waited/max        7/5000000  uS 
Read char #7 RC=1 (17) waited/max        7/5000000  uS 
Read char #8 RC=1 (4e) waited/max        7/5000000  uS 
answer:  00 0e 43 93 77 21 17 4e 
received 8 characters
CRC receive OK 4e17
Transmission State Check: 0
szCvrtFloat   294.930695 0x43937721
value       294.930695

Elapsed time since last comm 83 us
Attempt 1
Clearing read buffer Success!
szSerBufferSave OK! 03 3b 1b 00 00 00 00 00 00 00 
command: 03 3b 1b 00 00 00 00 00 fe c6 
Flushing serial device buffer... Success!
Sending command... sent 10 characters
Draining serial device buffer... Success!
Cleared data buffer: 00 00 00 00 00 00 00 00 00 00 
Read char #1 RC=0 (00) waited/max   508813/5000000  uS 
answer:  Got -1 characters

Elapsed time since last comm 0 us
Attempt 2
Clearing read buffer Success!
szSerBufferSave OK! 03 3b 1b 00 00 00 00 00 00 00 
command: 03 3b 1b 00 00 00 00 00 fe c6 
Flushing serial device buffer... Success!
Sending command... sent 10 characters
Draining serial device buffer... Success!
Cleared data buffer: 00 00 00 00 00 00 00 00 00 00 
Read char #1 RC=1 (00) waited/max    39757/5000000  uS 
Read char #2 RC=1 (0e) waited/max    15902/5000000  uS 
Read char #3 RC=1 (3d) waited/max        8/5000000  uS 
Read char #4 RC=1 (24) waited/max        7/5000000  uS 
Read char #5 RC=1 (fc) waited/max        7/5000000  uS 
Read char #6 RC=1 (a4) waited/max        7/5000000  uS 
Read char #7 RC=1 (96) waited/max        7/5000000  uS 
Read char #8 RC=1 (07) waited/max        7/5000000  uS 
answer:  00 0e 3d 24 fc a4 96 07 
received 8 characters
CRC receive OK 0796
Transmission State Check: 0
szCvrtFloat     0.040280 0x3d24fca4
value         0.040280

Elapsed time since last comm 78 us
Attempt 1
Clearing read buffer Success!
szSerBufferSave OK! 03 3b 15 00 00 00 00 00 00 00 
command: 03 3b 15 00 00 00 00 00 5c ff 
Flushing serial device buffer... Success!
Sending command... sent 10 characters
Draining serial device buffer... Success!
Cleared data buffer: 00 00 00 00 00 00 00 00 00 00 
Read char #1 RC=0 (00) waited/max   507726/5000000  uS 
answer:  Got -1 characters

Elapsed time since last comm 0 us
Attempt 2
Clearing read buffer Success!
szSerBufferSave OK! 03 3b 15 00 00 00 00 00 00 00 
command: 03 3b 15 00 00 00 00 00 5c ff 
Flushing serial device buffer... Success!
Sending command... sent 10 characters
Draining serial device buffer... Success!
Cleared data buffer: 00 00 00 00 00 00 00 00 00 00 
Read char #1 RC=1 (00) waited/max   118578/5000000  uS 
Read char #2 RC=1 (0e) waited/max        8/5000000  uS 
Read char #3 RC=1 (41) waited/max        7/5000000  uS 
Read char #4 RC=1 (8a) waited/max        7/5000000  uS 
Read char #5 RC=1 (2f) waited/max        7/5000000  uS 
Read char #6 RC=1 (ab) waited/max        6/5000000  uS 
Read char #7 RC=1 (8f) waited/max        7/5000000  uS 
Read char #8 RC=1 (58) waited/max        7/5000000  uS 
answer:  00 0e 41 8a 2f ab 8f 58 
received 8 characters
CRC receive OK 588f
Transmission State Check: 0
szCvrtFloat    17.273275 0x418a2fab
value        17.273275

Elapsed time since last comm 82 us
Attempt 1
Clearing read buffer Success!
szSerBufferSave OK! 03 3b 16 00 00 00 00 00 00 00 
command: 03 3b 16 00 00 00 00 00 21 f3 
Flushing serial device buffer... Success!
Sending command... sent 10 characters
Draining serial device buffer... Success!
Cleared data buffer: 00 00 00 00 00 00 00 00 00 00 
Read char #1 RC=0 (00) 
answer:  Got -1 characters

Elapsed time since last comm 0 us
Attempt 2
Clearing read buffer Success!
szSerBufferSave OK! 03 3b 16 00 00 00 00 00 00 00 
command: 03 3b 16 00 00 00 00 00 21 f3 
Flushing serial device buffer... Success!
Sending command... sent 10 characters
Draining serial device buffer... Success!
Cleared data buffer: 00 00 00 00 00 00 00 00 00 00 
Read char #1 RC=0 (00) waited/max   509178/5000000  uS 
answer:  Got -1 characters

Elapsed time since last comm 0 us
Attempt 3
Clearing read buffer Success!
szSerBufferSave OK! 03 3b 16 00 00 00 00 00 00 00 
command: 03 3b 16 00 00 00 00 00 21 f3 
Flushing serial device buffer... Success!
Sending command... sent 10 characters
Draining serial device buffer... Success!
Cleared data buffer: 00 00 00 00 00 00 00 00 00 00 
Read char #1 RC=1 (00) waited/max    53703/5000000  uS 
Read char #2 RC=1 (0e) waited/max        9/5000000  uS 
Read char #3 RC=1 (41) waited/max        7/5000000  uS 
Read char #4 RC=1 (8c) waited/max        7/5000000  uS 
Read char #5 RC=1 (78) waited/max        7/5000000  uS 
Read char #6 RC=1 (01) waited/max        7/5000000  uS 
Read char #7 RC=1 (f9) waited/max    15509/5000000  uS 
Read char #8 RC=1 (1a) waited/max       10/5000000  uS 
answer:  00 0e 41 8c 78 01 f9 1a 
received 8 characters
CRC receive OK 1af9
Transmission State Check: 0
szCvrtFloat    17.558596 0x418c7801
value        17.558596

Attempting to get Partial Energy value 
Elapsed time since last comm 146 us
Attempt 1
Clearing read buffer Success!
szSerBufferSave OK! 03 4e 06 00 00 00 00 00 00 00 
command: 03 4e 06 00 00 00 00 00 7e 50 
Flushing serial device buffer... Success!
Sending command... sent 10 characters
Draining serial device buffer... Success!
Cleared data buffer: 00 00 00 00 00 00 00 00 00 00 
Read char #1 RC=0 (00) 
answer:  Got -1 characters

Elapsed time since last comm 0 us
Attempt 2
Clearing read buffer Success!
szSerBufferSave OK! 03 4e 06 00 00 00 00 00 00 00 
command: 03 4e 06 00 00 00 00 00 7e 50 
Flushing serial device buffer... Success!
Sending command... sent 10 characters
Draining serial device buffer... Success!
Cleared data buffer: 00 00 00 00 00 00 00 00 00 00 
Read char #1 RC=1 (00) waited/max    64482/5000000  uS 
Read char #2 RC=1 (0e) waited/max        8/5000000  uS 
Read char #3 RC=1 (00) waited/max        7/5000000  uS 
Read char #4 RC=1 (80) waited/max    17941/5000000  uS 
Read char #5 RC=1 (26) waited/max       10/5000000  uS 
Read char #6 RC=1 (28) waited/max        7/5000000  uS 
Read char #7 RC=1 (72) waited/max        8/5000000  uS 
Read char #8 RC=1 (40) waited/max        7/5000000  uS 
answer:  00 0e 00 80 26 28 72 40 
received 8 characters
CRC receive OK 4072
Transmission State Check: 0
szCvrtLong        8398376 0x00802628
value             8398376

Elapsed time since last comm 60 us
Attempt 1
Clearing read buffer Success!
szSerBufferSave OK! 03 4e 00 00 00 00 00 00 00 00 
command: 03 4e 00 00 00 00 00 00 84 48 
Flushing serial device buffer... Success!
Sending command... sent 10 characters
Draining serial device buffer... Success!
Cleared data buffer: 00 00 00 00 00 00 00 00 00 00 
Read char #1 RC=0 (00) 
answer:  Got -1 characters

Elapsed time since last comm 0 us
Attempt 2
Clearing read buffer Success!
szSerBufferSave OK! 03 4e 00 00 00 00 00 00 00 00 
command: 03 4e 00 00 00 00 00 00 84 48 
Flushing serial device buffer... Success!
Sending command... sent 10 characters
Draining serial device buffer... Success!
Cleared data buffer: 00 00 00 00 00 00 00 00 00 00 
Read char #1 RC=1 (00) waited/max    89283/5000000  uS 
Read char #2 RC=1 (0e) waited/max       10/5000000  uS 
Read char #3 RC=1 (00) waited/max        7/5000000  uS 
Read char #4 RC=1 (00) waited/max        8/5000000  uS 
Read char #5 RC=1 (00) waited/max        7/5000000  uS 
Read char #6 RC=1 (00) waited/max        7/5000000  uS 
Read char #7 RC=1 (37) waited/max        7/5000000  uS 
Read char #8 RC=1 (96) waited/max        7/5000000  uS 
answer:  00 0e 00 00 00 00 37 96 
received 8 characters
CRC receive OK 9637
Transmission State Check: 0
szCvrtLong              0 0x00000000
value                   0

Elapsed time since last comm 60 us
Attempt 1
Clearing read buffer Success!
szSerBufferSave OK! 03 4e 01 00 00 00 00 00 00 00 
command: 03 4e 01 00 00 00 00 00 af 4c 
Flushing serial device buffer... Success!
Sending command... sent 10 characters
Draining serial device buffer... Success!
Cleared data buffer: 00 00 00 00 00 00 00 00 00 00 
Read char #1 RC=0 (00) waited/max   507776/5000000  uS 
answer:  Got -1 characters

Elapsed time since last comm 0 us
Attempt 2
Clearing read buffer Success!
szSerBufferSave OK! 03 4e 01 00 00 00 00 00 00 00 
command: 03 4e 01 00 00 00 00 00 af 4c 
Flushing serial device buffer... Success!
Sending command... sent 10 characters
Draining serial device buffer... Success!
Cleared data buffer: 00 00 00 00 00 00 00 00 00 00 
Read char #1 RC=0 (00) 
answer:  Got -1 characters

Elapsed time since last comm 0 us
Attempt 3
Clearing read buffer Success!
szSerBufferSave OK! 03 4e 01 00 00 00 00 00 00 00 
command: 03 4e 01 00 00 00 00 00 af 4c 
Flushing serial device buffer... Success!
Sending command... sent 10 characters
Draining serial device buffer... Success!
Cleared data buffer: 00 00 00 00 00 00 00 00 00 00 
Read char #1 RC=0 (00) waited/max   508718/5000000  uS 
answer:  Got -1 characters

Elapsed time since last comm 0 us
Attempt 4
Clearing read buffer Success!
szSerBufferSave OK! 03 4e 01 00 00 00 00 00 00 00 
command: 03 4e 01 00 00 00 00 00 af 4c 
Flushing serial device buffer... Success!
Sending command... sent 10 characters
Draining serial device buffer... Success!
Cleared data buffer: 00 00 00 00 00 00 00 00 00 00 
Read char #1 RC=1 (00) waited/max    36773/5000000  uS 
Read char #2 RC=1 (0e) waited/max        8/5000000  uS 
Read char #3 RC=1 (00) waited/max        7/5000000  uS 
Read char #4 RC=1 (00) waited/max        7/5000000  uS 
Read char #5 RC=1 (20) waited/max        8/5000000  uS 
Read char #6 RC=1 (ee) waited/max        7/5000000  uS 
Read char #7 RC=1 (74) waited/max        6/5000000  uS 
Read char #8 RC=1 (bb) waited/max        7/5000000  uS 
answer:  00 0e 00 00 20 ee 74 bb 
received 8 characters
CRC receive OK bb74
Transmission State Check: 0
szCvrtLong           8430 0x000020ee
value                8430

Elapsed time since last comm 60 us
Attempt 1
Clearing read buffer Success!
szSerBufferSave OK! 03 4e 03 00 00 00 00 00 00 00 
command: 03 4e 03 00 00 00 00 00 f9 44 
Flushing serial device buffer... Success!
Sending command... sent 10 characters
Draining serial device buffer... Success!
Cleared data buffer: 00 00 00 00 00 00 00 00 00 00 
Read char #1 RC=0 (00) 
answer:  Got -1 characters

Elapsed time since last comm 0 us
Attempt 2
Clearing read buffer Success!
szSerBufferSave OK! 03 4e 03 00 00 00 00 00 00 00 
command: 03 4e 03 00 00 00 00 00 f9 44 
Flushing serial device buffer... Success!
Sending command... sent 10 characters
Draining serial device buffer... Success!
Cleared data buffer: 00 00 00 00 00 00 00 00 00 00 
Read char #1 RC=0 (00) waited/max   508049/5000000  uS 
answer:  Got -1 characters

Elapsed time since last comm 0 us
Attempt 3
Clearing read buffer Success!
szSerBufferSave OK! 03 4e 03 00 00 00 00 00 00 00 
command: 03 4e 03 00 00 00 00 00 f9 44 
Flushing serial device buffer... Success!
Sending command... sent 10 characters
Draining serial device buffer... Success!
Cleared data buffer: 00 00 00 00 00 00 00 00 00 00 
Read char #1 RC=1 (00) waited/max    21973/5000000  uS 
Read char #2 RC=1 (0e) waited/max       10/5000000  uS 
Read char #3 RC=1 (00) waited/max        7/5000000  uS 
Read char #4 RC=1 (02) waited/max        7/5000000  uS 
Read char #5 RC=1 (53) waited/max        7/5000000  uS 
Read char #6 RC=1 (5c) waited/max        7/5000000  uS 
Read char #7 RC=1 (f9) waited/max        7/5000000  uS 
Read char #8 RC=1 (42) waited/max        7/5000000  uS 
answer:  00 0e 00 02 53 5c f9 42 
received 8 characters
CRC receive OK 42f9
Transmission State Check: 0
szCvrtLong         152412 0x0002535c
value              152412

Elapsed time since last comm 60 us
Attempt 1
Clearing read buffer Success!
szSerBufferSave OK! 03 4e 04 00 00 00 00 00 00 00 
command: 03 4e 04 00 00 00 00 00 28 58 
Flushing serial device buffer... Success!
Sending command... sent 10 characters
Draining serial device buffer... Success!
Cleared data buffer: 00 00 00 00 00 00 00 00 00 00 
Read char #1 RC=0 (00) 
answer:  Got -1 characters

Elapsed time since last comm 0 us
Attempt 2
Clearing read buffer Success!
szSerBufferSave OK! 03 4e 04 00 00 00 00 00 00 00 
command: 03 4e 04 00 00 00 00 00 28 58 
Flushing serial device buffer... Success!
Sending command... sent 10 characters
Draining serial device buffer... Success!
Cleared data buffer: 00 00 00 00 00 00 00 00 00 00 
Read char #1 RC=0 (00) waited/max   507485/5000000  uS 
answer:  Got -1 characters

Elapsed time since last comm 0 us
Attempt 3
Clearing read buffer Success!
szSerBufferSave OK! 03 4e 04 00 00 00 00 00 00 00 
command: 03 4e 04 00 00 00 00 00 28 58 
Flushing serial device buffer... Success!
Sending command... sent 10 characters
Draining serial device buffer... Success!
Cleared data buffer: 00 00 00 00 00 00 00 00 00 00 
Read char #1 RC=0 (00) 
answer:  Got -1 characters

Elapsed time since last comm 0 us
Attempt 4
Clearing read buffer Success!
szSerBufferSave OK! 03 4e 04 00 00 00 00 00 00 00 
command: 03 4e 04 00 00 00 00 00 28 58 
Flushing serial device buffer... Success!
Sending command... sent 10 characters
Draining serial device buffer... Success!
Cleared data buffer: 00 00 00 00 00 00 00 00 00 00 
Read char #1 RC=1 (4e) waited/max     7398/5000000  uS 
Read char #2 RC=0 (00) 
answer:  Got -1 characters

Elapsed time since last comm 0 us
Attempt 5
Clearing read buffer Success!
szSerBufferSave OK! 03 4e 04 00 00 00 00 00 00 00 
command: 03 4e 04 00 00 00 00 00 28 58 
Flushing serial device buffer... Success!
Sending command... sent 10 characters
Draining serial device buffer... Success!
Cleared data buffer: 00 00 00 00 00 00 00 00 00 00 
Read char #1 RC=1 (4e) waited/max     5586/5000000  uS 
Read char #2 RC=0 (00) waited/max   502816/5000000  uS 
answer:  Got -1 characters

Elapsed time since last comm 0 us
Attempt 6
Clearing read buffer Success!
szSerBufferSave OK! 03 4e 04 00 00 00 00 00 00 00 
command: 03 4e 04 00 00 00 00 00 28 58 
Flushing serial device buffer... Success!
Sending command... sent 10 characters
Draining serial device buffer... Success!
Cleared data buffer: 00 00 00 00 00 00 00 00 00 00 
Read char #1 RC=1 (02) waited/max     2070/5000000  uS 
Read char #2 RC=1 (f4) waited/max        7/5000000  uS 
Read char #3 RC=1 (25) waited/max        8/5000000  uS 
Read char #4 RC=1 (48) waited/max        7/5000000  uS 
Read char #5 RC=1 (4e) waited/max        7/5000000  uS 
Read char #6 RC=0 (00) 
answer:  Got -1 characters
_ERROR_ (78 4)

Restoring Serial Port settings /dev/ttyUSB0... Success!
Flushing serial device buffer... Success!
Closing Serial Port /dev/ttyUSB0... Success!

devLCKfile: </var/lock/LCK..ttyUSB0>
devLCKfileNew: </var/lock/LCK..ttyUSB0.31392>
Clearing Serial Port Lock (31392)... done.

20200226-06:39:50: aurora: ERROR: Received bad return code (-1 78 4)

Complete 20200226-06:39:50

