
aurora -b -a 3 -c -T -Y3 -l4 -d0 -e /dev/ttyUSB0 

szttyDevice: /dev/ttyUSB0
yDelay:     4
yTimeout    0 mS
yMaxRunTime ~
devLCKfile: </var/lock/LCK..ttyUSB0>
devLCKfileNew: </var/lock/LCK..ttyUSB0.20112>
Got Params

RunTime     20200225-09:29:23 v1.9.3 
Endian    : Little
tm_gmtoff : yes
PID       : 20112

Attempting to get lock on Serial Port /dev/ttyUSB0...
Checking for lock
PID: 20112 COMMAND: "aurora" LckPID: 20112 LckCOMMAND: "aurora" LckPIDcommand "aurora" = me
Appears we got the lock.

Opening Serial Port /dev/ttyUSB0...  Serial Port /dev/ttyUSB0 successfully opened.
Configuring serial device... Flushing unread data first...  Success!
Flushing serial device buffer... Success!

Comm Check: Let's see if the Aurora is listening... 
Elapsed time since last comm 0 us
Attempt 1
Clearing read buffer Success!
szSerBufferSave OK! 03 3a 00 00 00 00 00 00 00 00 
command: 03 3a 00 00 00 00 00 00 be 36 
Flushing serial device buffer... Success!
Sending command... sent 10 characters
Draining serial device buffer... Success!
Cleared data buffer: 00 00 00 00 00 00 00 00 00 00 
Read char #1 RC=1 (00) waited/max      235/4000000  uS 
Read char #2 RC=1 (06) waited/max        7/4000000  uS 
Read char #3 RC=1 (33) waited/max        7/4000000  uS 
Read char #4 RC=1 (55) waited/max        7/4000000  uS 
Read char #5 RC=1 (4e) waited/max        7/4000000  uS 
Read char #6 RC=1 (4e) waited/max        7/4000000  uS 
Read char #7 RC=1 (7a) waited/max        7/4000000  uS 
Read char #8 RC=1 (68) waited/max        7/4000000  uS 
answer:  00 06 33 55 4e 4e 7a 68 
received 8 characters
CRC receive OK 687a
Transmission State Check: 0
Model ID "3" qMultiplier -1.0000000 -- PVI-3.6-OUTD --
Comm Check: OK

Elapsed time since last comm 197 us
Attempt 1
Clearing read buffer Success!
szSerBufferSave OK! 03 3b 04 00 00 00 00 00 00 00 
command: 03 3b 04 00 00 00 00 00 c7 b9 
Flushing serial device buffer... Success!
Sending command... sent 10 characters
Draining serial device buffer... Success!
Cleared data buffer: 00 00 00 00 00 00 00 00 00 00 
Read char #1 RC=1 (00) waited/max    74730/4000000  uS 
Read char #2 RC=1 (06) waited/max        8/4000000  uS 
Read char #3 RC=1 (42) waited/max        6/4000000  uS 
Read char #4 RC=1 (48) waited/max        6/4000000  uS 
Read char #5 RC=1 (09) waited/max        7/4000000  uS 
Read char #6 RC=1 (38) waited/max        6/4000000  uS 
Read char #7 RC=1 (b1) waited/max        7/4000000  uS 
Read char #8 RC=1 (49) waited/max        7/4000000  uS 
answer:  00 06 42 48 09 38 b1 49 
received 8 characters
CRC receive OK 49b1
Transmission State Check: 0
szCvrtFloat    50.009003 0x42480938
value        50.009003

Elapsed time since last comm 79 us
Attempt 1
Clearing read buffer Success!
szSerBufferSave OK! 03 3b 01 00 00 00 00 00 00 00 
command: 03 3b 01 00 00 00 00 00 40 ad 
Flushing serial device buffer... Success!
Sending command... sent 10 characters
Draining serial device buffer... Success!
Cleared data buffer: 00 00 00 00 00 00 00 00 00 00 
Read char #1 RC=0 (00) waited/max   407839/4000000  uS 
answer:  Got -1 characters

Elapsed time since last comm 0 us
Attempt 2
Clearing read buffer Success!
szSerBufferSave OK! 03 3b 01 00 00 00 00 00 00 00 
command: 03 3b 01 00 00 00 00 00 40 ad 
Flushing serial device buffer... Success!
Sending command... sent 10 characters
Draining serial device buffer... Success!
Cleared data buffer: 00 00 00 00 00 00 00 00 00 00 
Read char #1 RC=0 (00) waited/max   408388/4000000  uS 
answer:  Got -1 characters

Elapsed time since last comm 0 us
Attempt 3
Clearing read buffer Success!
szSerBufferSave OK! 03 3b 01 00 00 00 00 00 00 00 
command: 03 3b 01 00 00 00 00 00 40 ad 
Flushing serial device buffer... Success!
Sending command... sent 10 characters
Draining serial device buffer... Success!
Cleared data buffer: 00 00 00 00 00 00 00 00 00 00 
Read char #1 RC=1 (00) waited/max    12067/4000000  uS 
Read char #2 RC=1 (06) waited/max        8/4000000  uS 
Read char #3 RC=1 (43) waited/max    15836/4000000  uS 
Read char #4 RC=1 (74) waited/max        8/4000000  uS 
Read char #5 RC=1 (7f) waited/max        7/4000000  uS 
Read char #6 RC=1 (73) waited/max        7/4000000  uS 
Read char #7 RC=1 (c4) waited/max        6/4000000  uS 
Read char #8 RC=1 (2e) waited/max        7/4000000  uS 
answer:  00 06 43 74 7f 73 c4 2e 
received 8 characters
CRC receive OK 2ec4
Transmission State Check: 0
szCvrtFloat   244.497849 0x43747f73
value       244.497849

Elapsed time since last comm 83 us
Attempt 1
Clearing read buffer Success!
szSerBufferSave OK! 03 3b 02 00 00 00 00 00 00 00 
command: 03 3b 02 00 00 00 00 00 3d a1 
Flushing serial device buffer... Success!
Sending command... sent 10 characters
Draining serial device buffer... Success!
Cleared data buffer: 00 00 00 00 00 00 00 00 00 00 
Read char #1 RC=0 (00) 
answer:  Got -1 characters

Elapsed time since last comm 0 us
Attempt 2
Clearing read buffer Success!
szSerBufferSave OK! 03 3b 02 00 00 00 00 00 00 00 
command: 03 3b 02 00 00 00 00 00 3d a1 
Flushing serial device buffer... Success!
Sending command... sent 10 characters
Draining serial device buffer... Success!
Cleared data buffer: 00 00 00 00 00 00 00 00 00 00 
Read char #1 RC=1 (00) waited/max    10897/4000000  uS 
Read char #2 RC=1 (06) waited/max        8/4000000  uS 
Read char #3 RC=1 (3f) waited/max        7/4000000  uS 
Read char #4 RC=1 (9c) waited/max        6/4000000  uS 
Read char #5 RC=1 (85) waited/max        6/4000000  uS 
Read char #6 RC=1 (a1) waited/max        6/4000000  uS 
Read char #7 RC=1 (31) waited/max        7/4000000  uS 
Read char #8 RC=1 (58) waited/max        7/4000000  uS 
answer:  00 06 3f 9c 85 a1 31 58 
received 8 characters
CRC receive OK 5831
Transmission State Check: 0
szCvrtFloat     1.222828 0x3f9c85a1
value         1.222828

Elapsed time since last comm 74 us
Attempt 1
Clearing read buffer Success!
szSerBufferSave OK! 03 3b 03 00 00 00 00 00 00 00 
command: 03 3b 03 00 00 00 00 00 16 a5 
Flushing serial device buffer... Success!
Sending command... sent 10 characters
Draining serial device buffer... Success!
Cleared data buffer: 00 00 00 00 00 00 00 00 00 00 
Read char #1 RC=0 (00) waited/max   408251/4000000  uS 
answer:  Got -1 characters

Elapsed time since last comm 0 us
Attempt 2
Clearing read buffer Success!
szSerBufferSave OK! 03 3b 03 00 00 00 00 00 00 00 
command: 03 3b 03 00 00 00 00 00 16 a5 
Flushing serial device buffer... Success!
Sending command... sent 10 characters
Draining serial device buffer... Success!
Cleared data buffer: 00 00 00 00 00 00 00 00 00 00 
Read char #1 RC=0 (00) 
answer:  Got -1 characters

Elapsed time since last comm 0 us
Attempt 3
Clearing read buffer Success!
szSerBufferSave OK! 03 3b 03 00 00 00 00 00 00 00 
command: 03 3b 03 00 00 00 00 00 16 a5 
Flushing serial device buffer... Success!
Sending command... sent 10 characters
Draining serial device buffer... Success!
Cleared data buffer: 00 00 00 00 00 00 00 00 00 00 
Read char #1 RC=1 (00) waited/max      122/4000000  uS 
Read char #2 RC=1 (06) waited/max        7/4000000  uS 
Read char #3 RC=1 (43) waited/max        7/4000000  uS 
Read char #4 RC=1 (91) waited/max        6/4000000  uS 
Read char #5 RC=1 (73) waited/max        7/4000000  uS 
Read char #6 RC=1 (51) waited/max        7/4000000  uS 
Read char #7 RC=1 (68) waited/max        7/4000000  uS 
Read char #8 RC=1 (b5) waited/max        7/4000000  uS 
answer:  00 06 43 91 73 51 68 b5 
received 8 characters
CRC receive OK b568
Transmission State Check: 0
szCvrtFloat   290.900909 0x43917351
value       290.900909

Elapsed time since last comm 84 us
Attempt 1
Clearing read buffer Success!
szSerBufferSave OK! 03 3b 17 00 00 00 00 00 00 00 
command: 03 3b 17 00 00 00 00 00 0a f7 
Flushing serial device buffer... Success!
Sending command... sent 10 characters
Draining serial device buffer... Success!
Cleared data buffer: 00 00 00 00 00 00 00 00 00 00 
Read char #1 RC=0 (00) waited/max   407635/4000000  uS 
answer:  Got -1 characters

Elapsed time since last comm 0 us
Attempt 2
Clearing read buffer Success!
szSerBufferSave OK! 03 3b 17 00 00 00 00 00 00 00 
command: 03 3b 17 00 00 00 00 00 0a f7 
Flushing serial device buffer... Success!
Sending command... sent 10 characters
Draining serial device buffer... Success!
Cleared data buffer: 00 00 00 00 00 00 00 00 00 00 
Read char #1 RC=0 (00) 
answer:  Got -1 characters

Elapsed time since last comm 0 us
Attempt 3
Clearing read buffer Success!
szSerBufferSave OK! 03 3b 17 00 00 00 00 00 00 00 
command: 03 3b 17 00 00 00 00 00 0a f7 
Flushing serial device buffer... Success!
Sending command... sent 10 characters
Draining serial device buffer... Success!
Cleared data buffer: 00 00 00 00 00 00 00 00 00 00 
Read char #1 RC=1 (00) waited/max    33359/4000000  uS 
Read char #2 RC=1 (06) waited/max        8/4000000  uS 
Read char #3 RC=1 (43) waited/max        7/4000000  uS 
Read char #4 RC=1 (cb) waited/max        7/4000000  uS 
Read char #5 RC=1 (c8) waited/max        7/4000000  uS 
Read char #6 RC=1 (65) waited/max        7/4000000  uS 
Read char #7 RC=1 (90) waited/max        6/4000000  uS 
Read char #8 RC=1 (ec) waited/max        7/4000000  uS 
answer:  00 06 43 cb c8 65 90 ec 
received 8 characters
CRC receive OK ec90
Transmission State Check: 0
szCvrtFloat   407.565582 0x43cbc865
value       407.565582

Elapsed time since last comm 81 us
Attempt 1
Clearing read buffer Success!
szSerBufferSave OK! 03 3b 19 00 00 00 00 00 00 00 
command: 03 3b 19 00 00 00 00 00 a8 ce 
Flushing serial device buffer... Success!
Sending command... sent 10 characters
Draining serial device buffer... Success!
Cleared data buffer: 00 00 00 00 00 00 00 00 00 00 
Read char #1 RC=0 (00) waited/max   409013/4000000  uS 
answer:  Got -1 characters

Elapsed time since last comm 0 us
Attempt 2
Clearing read buffer Success!
szSerBufferSave OK! 03 3b 19 00 00 00 00 00 00 00 
command: 03 3b 19 00 00 00 00 00 a8 ce 
Flushing serial device buffer... Success!
Sending command... sent 10 characters
Draining serial device buffer... Success!
Cleared data buffer: 00 00 00 00 00 00 00 00 00 00 
Read char #1 RC=1 (00) waited/max      187/4000000  uS 
Read char #2 RC=1 (06) waited/max        8/4000000  uS 
Read char #3 RC=1 (3e) waited/max        7/4000000  uS 
Read char #4 RC=1 (d1) waited/max        7/4000000  uS 
Read char #5 RC=1 (f2) waited/max        7/4000000  uS 
Read char #6 RC=1 (21) waited/max        7/4000000  uS 
Read char #7 RC=1 (47) waited/max        7/4000000  uS 
Read char #8 RC=1 (84) waited/max        7/4000000  uS 
answer:  00 06 3e d1 f2 21 47 84 
received 8 characters
CRC receive OK 8447
Transmission State Check: 0
szCvrtFloat     0.410050 0x3ed1f221
value         0.410050

Elapsed time since last comm 79 us
Attempt 1
Clearing read buffer Success!
szSerBufferSave OK! 03 3b 1a 00 00 00 00 00 00 00 
command: 03 3b 1a 00 00 00 00 00 d5 c2 
Flushing serial device buffer... Success!
Sending command... sent 10 characters
Draining serial device buffer... Success!
Cleared data buffer: 00 00 00 00 00 00 00 00 00 00 
Read char #1 RC=0 (00) 
answer:  Got -1 characters

Elapsed time since last comm 0 us
Attempt 2
Clearing read buffer Success!
szSerBufferSave OK! 03 3b 1a 00 00 00 00 00 00 00 
command: 03 3b 1a 00 00 00 00 00 d5 c2 
Flushing serial device buffer... Success!
Sending command... sent 10 characters
Draining serial device buffer... Success!
Cleared data buffer: 00 00 00 00 00 00 00 00 00 00 
Read char #1 RC=1 (00) waited/max    15020/4000000  uS 
Read char #2 RC=1 (06) waited/max        7/4000000  uS 
Read char #3 RC=1 (43) waited/max        7/4000000  uS 
Read char #4 RC=1 (ca) waited/max        7/4000000  uS 
Read char #5 RC=1 (3e) waited/max        7/4000000  uS 
Read char #6 RC=1 (0e) waited/max        7/4000000  uS 
Read char #7 RC=1 (41) waited/max        7/4000000  uS 
Read char #8 RC=1 (43) waited/max        7/4000000  uS 
answer:  00 06 43 ca 3e 0e 41 43 
received 8 characters
CRC receive OK 4341
Transmission State Check: 0
szCvrtFloat   404.484802 0x43ca3e0e
value       404.484802

Elapsed time since last comm 93 us
Attempt 1
Clearing read buffer Success!
szSerBufferSave OK! 03 3b 1b 00 00 00 00 00 00 00 
command: 03 3b 1b 00 00 00 00 00 fe c6 
Flushing serial device buffer... Success!
Sending command... sent 10 characters
Draining serial device buffer... Success!
Cleared data buffer: 00 00 00 00 00 00 00 00 00 00 
Read char #1 RC=0 (00) waited/max   408924/4000000  uS 
answer:  Got -1 characters

Elapsed time since last comm 0 us
Attempt 2
Clearing read buffer Success!
szSerBufferSave OK! 03 3b 1b 00 00 00 00 00 00 00 
command: 03 3b 1b 00 00 00 00 00 fe c6 
Flushing serial device buffer... Success!
Sending command... sent 10 characters
Draining serial device buffer... Success!
Cleared data buffer: 00 00 00 00 00 00 00 00 00 00 
Read char #1 RC=0 (00) waited/max   407369/4000000  uS 
answer:  Got -1 characters

Elapsed time since last comm 0 us
Attempt 3
Clearing read buffer Success!
szSerBufferSave OK! 03 3b 1b 00 00 00 00 00 00 00 
command: 03 3b 1b 00 00 00 00 00 fe c6 
Flushing serial device buffer... Success!
Sending command... sent 10 characters
Draining serial device buffer... Success!
Cleared data buffer: 00 00 00 00 00 00 00 00 00 00 
Read char #1 RC=0 (00) 
answer:  Got -1 characters
_ERROR_ (59 27)

Restoring Serial Port settings /dev/ttyUSB0... Success!
Flushing serial device buffer... Success!
Closing Serial Port /dev/ttyUSB0... Success!

devLCKfile: </var/lock/LCK..ttyUSB0>
devLCKfileNew: </var/lock/LCK..ttyUSB0.20112>
Clearing Serial Port Lock (20112)... done.

20200225-09:29:29: aurora: ERROR: Received bad return code (-1 59 27)

Complete 20200225-09:29:29

