
aurora -b -a 3 -c -T -Y6 -l5 -d0 -e /dev/ttyUSB0 

szttyDevice: /dev/ttyUSB0
yDelay:     5
yTimeout    0 mS
yMaxRunTime ~
devLCKfile: </var/lock/LCK..ttyUSB0>
devLCKfileNew: </var/lock/LCK..ttyUSB0.3798>
Got Params

RunTime     20200228-06:49:19 v1.9.3 
Endian    : Little
tm_gmtoff : yes
PID       : 3798

Attempting to get lock on Serial Port /dev/ttyUSB0...
Checking for lock
PID: 3798 COMMAND: "aurora" LckPID: 3798 LckCOMMAND: "aurora" LckPIDcommand "aurora" = me
Appears we got the lock.

Opening Serial Port /dev/ttyUSB0...  Serial Port /dev/ttyUSB0 successfully opened.
Configuring serial device... Flushing unread data first...  Success!
Flushing serial device buffer... Success!

Comm Check: Let's see if the Aurora is listening... 
Elapsed time since last comm 0 us
Attempt 1
Clearing read buffer Success!
szSerBufferSave OK! 03 3a 00 00 00 00 00 00 00 00 
command: 03 3a 00 00 00 00 00 00 be 36 
Flushing serial device buffer... Success!
Sending command... sent 10 characters
Draining serial device buffer... Success!
Cleared data buffer: 00 00 00 00 00 00 00 00 00 00 
Read char #1 RC=1 (00) waited/max    63306/5000000  uS 
Read char #2 RC=1 (0e) waited/max        8/5000000  uS 
Read char #3 RC=1 (33) waited/max        7/5000000  uS 
Read char #4 RC=1 (55) waited/max    15733/5000000  uS 
Read char #5 RC=1 (4e) waited/max        7/5000000  uS 
Read char #6 RC=1 (4e) waited/max        6/5000000  uS 
Read char #7 RC=1 (5a) waited/max        7/5000000  uS 
Read char #8 RC=1 (32) waited/max        7/5000000  uS 
answer:  00 0e 33 55 4e 4e 5a 32 
received 8 characters
CRC receive OK 325a
Transmission State Check: 0
Model ID "3" qMultiplier -1.0000000 -- PVI-3.6-OUTD --
Comm Check: OK

Elapsed time since last comm 206 us
Attempt 1
Clearing read buffer Success!
szSerBufferSave OK! 03 3b 04 00 00 00 00 00 00 00 
command: 03 3b 04 00 00 00 00 00 c7 b9 
Flushing serial device buffer... Success!
Sending command... sent 10 characters
Draining serial device buffer... Success!
Cleared data buffer: 00 00 00 00 00 00 00 00 00 00 
Read char #1 RC=0 (00) waited/max   507783/5000000  uS 
answer:  Got -1 characters

Elapsed time since last comm 0 us
Attempt 2
Clearing read buffer Success!
szSerBufferSave OK! 03 3b 04 00 00 00 00 00 00 00 
command: 03 3b 04 00 00 00 00 00 c7 b9 
Flushing serial device buffer... Success!
Sending command... sent 10 characters
Draining serial device buffer... Success!
Cleared data buffer: 00 00 00 00 00 00 00 00 00 00 
Read char #1 RC=1 (00) waited/max    58118/5000000  uS 
Read char #2 RC=1 (0e) waited/max        9/5000000  uS 
Read char #3 RC=1 (42) waited/max        7/5000000  uS 
Read char #4 RC=1 (47) waited/max        6/5000000  uS 
Read char #5 RC=1 (eb) waited/max        6/5000000  uS 
Read char #6 RC=1 (87) waited/max        7/5000000  uS 
Read char #7 RC=1 (03) waited/max        6/5000000  uS 
Read char #8 RC=1 (ce) waited/max        7/5000000  uS 
answer:  00 0e 42 47 eb 87 03 ce 
received 8 characters
CRC receive OK ce03
Transmission State Check: 0
szCvrtFloat    49.980007 0x4247eb87
value        49.980007

Elapsed time since last comm 83 us
Attempt 1
Clearing read buffer Success!
szSerBufferSave OK! 03 3b 01 00 00 00 00 00 00 00 
command: 03 3b 01 00 00 00 00 00 40 ad 
Flushing serial device buffer... Success!
Sending command... sent 10 characters
Draining serial device buffer... Success!
Cleared data buffer: 00 00 00 00 00 00 00 00 00 00 
Read char #1 RC=0 (00) 
answer:  Got -1 characters

Elapsed time since last comm 0 us
Attempt 2
Clearing read buffer Success!
szSerBufferSave OK! 03 3b 01 00 00 00 00 00 00 00 
command: 03 3b 01 00 00 00 00 00 40 ad 
Flushing serial device buffer... Success!
Sending command... sent 10 characters
Draining serial device buffer... Success!
Cleared data buffer: 00 00 00 00 00 00 00 00 00 00 
Read char #1 RC=1 (00) waited/max    38927/5000000  uS 
Read char #2 RC=1 (0e) waited/max        7/5000000  uS 
Read char #3 RC=1 (43) waited/max        6/5000000  uS 
Read char #4 RC=1 (73) waited/max        6/5000000  uS 
Read char #5 RC=1 (6e) waited/max        6/5000000  uS 
Read char #6 RC=1 (aa) waited/max        7/5000000  uS 
Read char #7 RC=1 (e4) waited/max        6/5000000  uS 
Read char #8 RC=1 (3f) waited/max        7/5000000  uS 
answer:  00 0e 43 73 6e aa e4 3f 
received 8 characters
CRC receive OK 3fe4
Transmission State Check: 0
szCvrtFloat   243.432281 0x43736eaa
value       243.432281

Elapsed time since last comm 85 us
Attempt 1
Clearing read buffer Success!
szSerBufferSave OK! 03 3b 02 00 00 00 00 00 00 00 
command: 03 3b 02 00 00 00 00 00 3d a1 
Flushing serial device buffer... Success!
Sending command... sent 10 characters
Draining serial device buffer... Success!
Cleared data buffer: 00 00 00 00 00 00 00 00 00 00 
Read char #1 RC=0 (00) 
answer:  Got -1 characters

Elapsed time since last comm 0 us
Attempt 2
Clearing read buffer Success!
szSerBufferSave OK! 03 3b 02 00 00 00 00 00 00 00 
command: 03 3b 02 00 00 00 00 00 3d a1 
Flushing serial device buffer... Success!
Sending command... sent 10 characters
Draining serial device buffer... Success!
Cleared data buffer: 00 00 00 00 00 00 00 00 00 00 
Read char #1 RC=1 (00) waited/max    57716/5000000  uS 
Read char #2 RC=1 (0e) waited/max        8/5000000  uS 
Read char #3 RC=1 (3f) waited/max        7/5000000  uS 
Read char #4 RC=1 (44) waited/max        7/5000000  uS 
Read char #5 RC=1 (a5) waited/max        7/5000000  uS 
Read char #6 RC=1 (68) waited/max        7/5000000  uS 
Read char #7 RC=1 (22) waited/max        6/5000000  uS 
Read char #8 RC=1 (33) waited/max        7/5000000  uS 
answer:  00 0e 3f 44 a5 68 22 33 
received 8 characters
CRC receive OK 3322
Transmission State Check: 0
szCvrtFloat     0.768149 0x3f44a568
value         0.768149

Elapsed time since last comm 81 us
Attempt 1
Clearing read buffer Success!
szSerBufferSave OK! 03 3b 03 00 00 00 00 00 00 00 
command: 03 3b 03 00 00 00 00 00 16 a5 
Flushing serial device buffer... Success!
Sending command... sent 10 characters
Draining serial device buffer... Success!
Cleared data buffer: 00 00 00 00 00 00 00 00 00 00 
Read char #1 RC=0 (00) waited/max   508540/5000000  uS 
answer:  Got -1 characters

Elapsed time since last comm 0 us
Attempt 2
Clearing read buffer Success!
szSerBufferSave OK! 03 3b 03 00 00 00 00 00 00 00 
command: 03 3b 03 00 00 00 00 00 16 a5 
Flushing serial device buffer... Success!
Sending command... sent 10 characters
Draining serial device buffer... Success!
Cleared data buffer: 00 00 00 00 00 00 00 00 00 00 
Read char #1 RC=1 (00) waited/max    72545/5000000  uS 
Read char #2 RC=1 (0e) waited/max        8/5000000  uS 
Read char #3 RC=1 (00) waited/max        7/5000000  uS 
Read char #4 RC=1 (00) waited/max        7/5000000  uS 
Read char #5 RC=1 (00) waited/max        7/5000000  uS 
Read char #6 RC=1 (00) waited/max        7/5000000  uS 
Read char #7 RC=1 (37) waited/max        7/5000000  uS 
Read char #8 RC=1 (96) waited/max        7/5000000  uS 
answer:  00 0e 00 00 00 00 37 96 
received 8 characters
CRC receive OK 9637
Transmission State Check: 0
szCvrtFloat     0.000000 0x00000000
value         0.000000

Elapsed time since last comm 79 us
Attempt 1
Clearing read buffer Success!
szSerBufferSave OK! 03 3b 17 00 00 00 00 00 00 00 
command: 03 3b 17 00 00 00 00 00 0a f7 
Flushing serial device buffer... Success!
Sending command... sent 10 characters
Draining serial device buffer... Success!
Cleared data buffer: 00 00 00 00 00 00 00 00 00 00 
Read char #1 RC=0 (00) 
answer:  Got -1 characters

Elapsed time since last comm 0 us
Attempt 2
Clearing read buffer Success!
szSerBufferSave OK! 03 3b 17 00 00 00 00 00 00 00 
command: 03 3b 17 00 00 00 00 00 0a f7 
Flushing serial device buffer... Success!
Sending command... sent 10 characters
Draining serial device buffer... Success!
Cleared data buffer: 00 00 00 00 00 00 00 00 00 00 
Read char #1 RC=1 (00) waited/max    59346/5000000  uS 
Read char #2 RC=1 (0e) waited/max        9/5000000  uS 
Read char #3 RC=1 (43) waited/max        7/5000000  uS 
Read char #4 RC=1 (9a) waited/max        7/5000000  uS 
Read char #5 RC=1 (8c) waited/max        7/5000000  uS 
Read char #6 RC=1 (97) waited/max        7/5000000  uS 
Read char #7 RC=1 (14) waited/max    15190/5000000  uS 
Read char #8 RC=1 (9a) waited/max        8/5000000  uS 
answer:  00 0e 43 9a 8c 97 14 9a 
received 8 characters
CRC receive OK 9a14
Transmission State Check: 0
szCvrtFloat   309.098358 0x439a8c97
value       309.098358

Elapsed time since last comm 87 us
Attempt 1
Clearing read buffer Success!
szSerBufferSave OK! 03 3b 19 00 00 00 00 00 00 00 
command: 03 3b 19 00 00 00 00 00 a8 ce 
Flushing serial device buffer... Success!
Sending command... sent 10 characters
Draining serial device buffer... Success!
Cleared data buffer: 00 00 00 00 00 00 00 00 00 00 
Read char #1 RC=0 (00) waited/max   508383/5000000  uS 
answer:  Got -1 characters

Elapsed time since last comm 0 us
Attempt 2
Clearing read buffer Success!
szSerBufferSave OK! 03 3b 19 00 00 00 00 00 00 00 
command: 03 3b 19 00 00 00 00 00 a8 ce 
Flushing serial device buffer... Success!
Sending command... sent 10 characters
Draining serial device buffer... Success!
Cleared data buffer: 00 00 00 00 00 00 00 00 00 00 
Read char #1 RC=1 (00) waited/max    38150/5000000  uS 
Read char #2 RC=1 (0e) waited/max        8/5000000  uS 
Read char #3 RC=1 (3c) waited/max        7/5000000  uS 
Read char #4 RC=1 (f4) waited/max        7/5000000  uS 
Read char #5 RC=1 (2e) waited/max        7/5000000  uS 
Read char #6 RC=1 (3b) waited/max        6/5000000  uS 
Read char #7 RC=1 (d7) waited/max    15473/5000000  uS 
Read char #8 RC=1 (94) waited/max        8/5000000  uS 
answer:  00 0e 3c f4 2e 3b d7 94 
received 8 characters
CRC receive OK 94d7
Transmission State Check: 0
szCvrtFloat     0.029807 0x3cf42e3b
value         0.029807

Elapsed time since last comm 81 us
Attempt 1
Clearing read buffer Success!
szSerBufferSave OK! 03 3b 1a 00 00 00 00 00 00 00 
command: 03 3b 1a 00 00 00 00 00 d5 c2 
Flushing serial device buffer... Success!
Sending command... sent 10 characters
Draining serial device buffer... Success!
Cleared data buffer: 00 00 00 00 00 00 00 00 00 00 
Read char #1 RC=0 (00) waited/max   507336/5000000  uS 
answer:  Got -1 characters

Elapsed time since last comm 0 us
Attempt 2
Clearing read buffer Success!
szSerBufferSave OK! 03 3b 1a 00 00 00 00 00 00 00 
command: 03 3b 1a 00 00 00 00 00 d5 c2 
Flushing serial device buffer... Success!
Sending command... sent 10 characters
Draining serial device buffer... Success!
Cleared data buffer: 00 00 00 00 00 00 00 00 00 00 
Read char #1 RC=1 (00) waited/max    44944/5000000  uS 
Read char #2 RC=1 (0e) waited/max        8/5000000  uS 
Read char #3 RC=1 (43) waited/max    15822/5000000  uS 
Read char #4 RC=1 (9a) waited/max        8/5000000  uS 
Read char #5 RC=1 (bc) waited/max        7/5000000  uS 
Read char #6 RC=1 (50) waited/max        7/5000000  uS 
Read char #7 RC=1 (05) waited/max        7/5000000  uS 
Read char #8 RC=1 (9e) waited/max        6/5000000  uS 
answer:  00 0e 43 9a bc 50 05 9e 
received 8 characters
CRC receive OK 9e05
Transmission State Check: 0
szCvrtFloat   309.471191 0x439abc50
value       309.471191

Elapsed time since last comm 84 us
Attempt 1
Clearing read buffer Success!
szSerBufferSave OK! 03 3b 1b 00 00 00 00 00 00 00 
command: 03 3b 1b 00 00 00 00 00 fe c6 
Flushing serial device buffer... Success!
Sending command... sent 10 characters
Draining serial device buffer... Success!
Cleared data buffer: 00 00 00 00 00 00 00 00 00 00 
Read char #1 RC=0 (00) 
answer:  Got -1 characters

Elapsed time since last comm 0 us
Attempt 2
Clearing read buffer Success!
szSerBufferSave OK! 03 3b 1b 00 00 00 00 00 00 00 
command: 03 3b 1b 00 00 00 00 00 fe c6 
Flushing serial device buffer... Success!
Sending command... sent 10 characters
Draining serial device buffer... Success!
Cleared data buffer: 00 00 00 00 00 00 00 00 00 00 
Read char #1 RC=0 (00) waited/max   508676/5000000  uS 
answer:  Got -1 characters

Elapsed time since last comm 0 us
Attempt 3
Clearing read buffer Success!
szSerBufferSave OK! 03 3b 1b 00 00 00 00 00 00 00 
command: 03 3b 1b 00 00 00 00 00 fe c6 
Flushing serial device buffer... Success!
Sending command... sent 10 characters
Draining serial device buffer... Success!
Cleared data buffer: 00 00 00 00 00 00 00 00 00 00 
Read char #1 RC=0 (00) 
answer:  Got -1 characters

Elapsed time since last comm 0 us
Attempt 4
Clearing read buffer Success!
szSerBufferSave OK! 03 3b 1b 00 00 00 00 00 00 00 
command: 03 3b 1b 00 00 00 00 00 fe c6 
Flushing serial device buffer... Success!
Sending command... sent 10 characters
Draining serial device buffer... Success!
Cleared data buffer: 00 00 00 00 00 00 00 00 00 00 
Read char #1 RC=0 (00) waited/max   507718/5000000  uS 
answer:  Got -1 characters

Elapsed time since last comm 0 us
Attempt 5
Clearing read buffer Success!
szSerBufferSave OK! 03 3b 1b 00 00 00 00 00 00 00 
command: 03 3b 1b 00 00 00 00 00 fe c6 
Flushing serial device buffer... Success!
Sending command... sent 10 characters
Draining serial device buffer... Success!
Cleared data buffer: 00 00 00 00 00 00 00 00 00 00 
Read char #1 RC=1 (00) waited/max     4915/5000000  uS 
Read char #2 RC=1 (0e) waited/max        8/5000000  uS 
Read char #3 RC=1 (3d) waited/max        7/5000000  uS 
Read char #4 RC=1 (14) waited/max        7/5000000  uS 
Read char #5 RC=1 (7c) waited/max        6/5000000  uS 
Read char #6 RC=1 (fa) waited/max        7/5000000  uS 
Read char #7 RC=1 (0f) waited/max        7/5000000  uS 
Read char #8 RC=1 (b6) waited/max        7/5000000  uS 
answer:  00 0e 3d 14 7c fa 0f b6 
received 8 characters
CRC receive OK b60f
Transmission State Check: 0
szCvrtFloat     0.036252 0x3d147cfa
value         0.036252

Elapsed time since last comm 79 us
Attempt 1
Clearing read buffer Success!
szSerBufferSave OK! 03 3b 15 00 00 00 00 00 00 00 
command: 03 3b 15 00 00 00 00 00 5c ff 
Flushing serial device buffer... Success!
Sending command... sent 10 characters
Draining serial device buffer... Success!
Cleared data buffer: 00 00 00 00 00 00 00 00 00 00 
Read char #1 RC=0 (00) 
answer:  Got -1 characters

Elapsed time since last comm 0 us
Attempt 2
Clearing read buffer Success!
szSerBufferSave OK! 03 3b 15 00 00 00 00 00 00 00 
command: 03 3b 15 00 00 00 00 00 5c ff 
Flushing serial device buffer... Success!
Sending command... sent 10 characters
Draining serial device buffer... Success!
Cleared data buffer: 00 00 00 00 00 00 00 00 00 00 
Read char #1 RC=1 (41) waited/max     5732/5000000  uS 
Read char #2 RC=1 (7d) waited/max        7/5000000  uS 
Read char #3 RC=1 (8c) waited/max        6/5000000  uS 
Read char #4 RC=1 (63) waited/max        7/5000000  uS 
Read char #5 RC=1 (6d) waited/max        7/5000000  uS 
Read char #6 RC=1 (97) waited/max        6/5000000  uS 
Read char #7 RC=0 (00) waited/max   502858/5000000  uS 
answer:  Got -1 characters

Elapsed time since last comm 0 us
Attempt 3
Clearing read buffer Success!
szSerBufferSave OK! 03 3b 15 00 00 00 00 00 00 00 
command: 03 3b 15 00 00 00 00 00 5c ff 
Flushing serial device buffer... Success!
Sending command... sent 10 characters
Draining serial device buffer... Success!
Cleared data buffer: 00 00 00 00 00 00 00 00 00 00 
Read char #1 RC=1 (00) waited/max     2065/5000000  uS 
Read char #2 RC=1 (0e) waited/max        7/5000000  uS 
Read char #3 RC=1 (41) waited/max        6/5000000  uS 
Read char #4 RC=1 (7d) waited/max        7/5000000  uS 
Read char #5 RC=1 (8c) waited/max        6/5000000  uS 
Read char #6 RC=1 (63) waited/max        7/5000000  uS 
Read char #7 RC=1 (6d) waited/max        7/5000000  uS 
Read char #8 RC=1 (97) waited/max        7/5000000  uS 
answer:  00 0e 41 7d 8c 63 6d 97 
received 8 characters
CRC receive OK 976d
Transmission State Check: 0
szCvrtFloat    15.846774 0x417d8c63
value        15.846774

Elapsed time since last comm 82 us
Attempt 1
Clearing read buffer Success!
szSerBufferSave OK! 03 3b 16 00 00 00 00 00 00 00 
command: 03 3b 16 00 00 00 00 00 21 f3 
Flushing serial device buffer... Success!
Sending command... sent 10 characters
Draining serial device buffer... Success!
Cleared data buffer: 00 00 00 00 00 00 00 00 00 00 
Read char #1 RC=1 (00) waited/max    30567/5000000  uS 
Read char #2 RC=1 (0e) waited/max        7/5000000  uS 
Read char #3 RC=1 (41) waited/max        7/5000000  uS 
Read char #4 RC=1 (81) waited/max        7/5000000  uS 
Read char #5 RC=1 (0c) waited/max        6/5000000  uS 
Read char #6 RC=1 (28) waited/max        7/5000000  uS 
Read char #7 RC=1 (e1) waited/max        7/5000000  uS 
Read char #8 RC=1 (ce) waited/max        7/5000000  uS 
answer:  00 0e 41 81 0c 28 e1 ce 
received 8 characters
CRC receive OK cee1
Transmission State Check: 0
szCvrtFloat    16.130936 0x41810c28
value        16.130936

Attempting to get Partial Energy value 
Elapsed time since last comm 139 us
Attempt 1
Clearing read buffer Success!
szSerBufferSave OK! 03 4e 06 00 00 00 00 00 00 00 
command: 03 4e 06 00 00 00 00 00 7e 50 
Flushing serial device buffer... Success!
Sending command... sent 10 characters
Draining serial device buffer... Success!
Cleared data buffer: 00 00 00 00 00 00 00 00 00 00 
Read char #1 RC=1 (59) waited/max    13043/5000000  uS 
Read char #2 RC=1 (b5) waited/max        7/5000000  uS 
Read char #3 RC=1 (12) waited/max        6/5000000  uS 
Read char #4 RC=1 (7c) waited/max        7/5000000  uS 
Read char #5 RC=0 (00) 
answer:  Got -1 characters

Elapsed time since last comm 0 us
Attempt 2
Clearing read buffer Success!
szSerBufferSave OK! 03 4e 06 00 00 00 00 00 00 00 
command: 03 4e 06 00 00 00 00 00 7e 50 
Flushing serial device buffer... Success!
Sending command... sent 10 characters
Draining serial device buffer... Success!
Cleared data buffer: 00 00 00 00 00 00 00 00 00 00 
Read char #1 RC=1 (00) waited/max     1390/5000000  uS 
Read char #2 RC=1 (0e) waited/max        7/5000000  uS 
Read char #3 RC=1 (00) waited/max        7/5000000  uS 
Read char #4 RC=1 (80) waited/max        7/5000000  uS 
Read char #5 RC=1 (59) waited/max        7/5000000  uS 
Read char #6 RC=1 (b5) waited/max        6/5000000  uS 
Read char #7 RC=1 (12) waited/max        6/5000000  uS 
Read char #8 RC=1 (7c) waited/max        7/5000000  uS 
answer:  00 0e 00 80 59 b5 12 7c 
received 8 characters
CRC receive OK 7c12
Transmission State Check: 0
szCvrtLong        8411573 0x008059b5
value             8411573

Elapsed time since last comm 61 us
Attempt 1
Clearing read buffer Success!
szSerBufferSave OK! 03 4e 00 00 00 00 00 00 00 00 
command: 03 4e 00 00 00 00 00 00 84 48 
Flushing serial device buffer... Success!
Sending command... sent 10 characters
Draining serial device buffer... Success!
Cleared data buffer: 00 00 00 00 00 00 00 00 00 00 
Read char #1 RC=1 (00) waited/max    27867/5000000  uS 
Read char #2 RC=1 (0e) waited/max        7/5000000  uS 
Read char #3 RC=1 (00) waited/max        7/5000000  uS 
Read char #4 RC=1 (00) waited/max        6/5000000  uS 
Read char #5 RC=1 (00) waited/max        6/5000000  uS 
Read char #6 RC=1 (00) waited/max        7/5000000  uS 
Read char #7 RC=1 (37) waited/max        6/5000000  uS 
Read char #8 RC=1 (96) waited/max        7/5000000  uS 
answer:  00 0e 00 00 00 00 37 96 
received 8 characters
CRC receive OK 9637
Transmission State Check: 0
szCvrtLong              0 0x00000000
value                   0

Elapsed time since last comm 60 us
Attempt 1
Clearing read buffer Success!
szSerBufferSave OK! 03 4e 01 00 00 00 00 00 00 00 
command: 03 4e 01 00 00 00 00 00 af 4c 
Flushing serial device buffer... Success!
Sending command... sent 10 characters
Draining serial device buffer... Success!
Cleared data buffer: 00 00 00 00 00 00 00 00 00 00 
Read char #1 RC=1 (17) waited/max    10346/5000000  uS 
Read char #2 RC=0 (00) 
answer:  Got -1 characters

Elapsed time since last comm 0 us
Attempt 2
Clearing read buffer Success!
szSerBufferSave OK! 03 4e 01 00 00 00 00 00 00 00 
command: 03 4e 01 00 00 00 00 00 af 4c 
Flushing serial device buffer... Success!
Sending command... sent 10 characters
Draining serial device buffer... Success!
Cleared data buffer: 00 00 00 00 00 00 00 00 00 00 
Read char #1 RC=0 (00) waited/max   508340/5000000  uS 
answer:  Got -1 characters

Elapsed time since last comm 0 us
Attempt 3
Clearing read buffer Success!
szSerBufferSave OK! 03 4e 01 00 00 00 00 00 00 00 
command: 03 4e 01 00 00 00 00 00 af 4c 
Flushing serial device buffer... Success!
Sending command... sent 10 characters
Draining serial device buffer... Success!
Cleared data buffer: 00 00 00 00 00 00 00 00 00 00 
Read char #1 RC=0 (00) 
answer:  Got -1 characters

Elapsed time since last comm 0 us
Attempt 4
Clearing read buffer Success!
szSerBufferSave OK! 03 4e 01 00 00 00 00 00 00 00 
command: 03 4e 01 00 00 00 00 00 af 4c 
Flushing serial device buffer... Success!
Sending command... sent 10 characters
Draining serial device buffer... Success!
Cleared data buffer: 00 00 00 00 00 00 00 00 00 00 
Read char #1 RC=0 (00) waited/max   507174/5000000  uS 
answer:  Got -1 characters

Elapsed time since last comm 0 us
Attempt 5
Clearing read buffer Success!
szSerBufferSave OK! 03 4e 01 00 00 00 00 00 00 00 
command: 03 4e 01 00 00 00 00 00 af 4c 
Flushing serial device buffer... Success!
Sending command... sent 10 characters
Draining serial device buffer... Success!
Cleared data buffer: 00 00 00 00 00 00 00 00 00 00 
Read char #1 RC=1 (54) waited/max     7665/5000000  uS 
Read char #2 RC=1 (74) waited/max        8/5000000  uS 
Read char #3 RC=1 (03) waited/max        7/5000000  uS 
Read char #4 RC=1 (17) waited/max        7/5000000  uS 
Read char #5 RC=0 (00) 
answer:  Got -1 characters

Elapsed time since last comm 0 us
Attempt 6
Clearing read buffer Success!
szSerBufferSave OK! 03 4e 01 00 00 00 00 00 00 00 
command: 03 4e 01 00 00 00 00 00 af 4c 
Flushing serial device buffer... Success!
Sending command... sent 10 characters
Draining serial device buffer... Success!
Cleared data buffer: 00 00 00 00 00 00 00 00 00 00 
Read char #1 RC=0 (00) waited/max   508027/5000000  uS 
answer:  Got -1 characters
_ERROR_ (78 1)

Restoring Serial Port settings /dev/ttyUSB0... Success!
Flushing serial device buffer... Success!
Closing Serial Port /dev/ttyUSB0... Success!

devLCKfile: </var/lock/LCK..ttyUSB0>
devLCKfileNew: </var/lock/LCK..ttyUSB0.3798>
Clearing Serial Port Lock (3798)... done.

20200228-06:49:30: aurora: ERROR: Received bad return code (-1 78 1)

Complete 20200228-06:49:30

