
aurora -b -a 3 -c -T -Y6 -l5 -d0 -e /dev/ttyUSB0 

szttyDevice: /dev/ttyUSB0
yDelay:     5
yTimeout    0 mS
yMaxRunTime ~
devLCKfile: </var/lock/LCK..ttyUSB0>
devLCKfileNew: </var/lock/LCK..ttyUSB0.3774>
Got Params

RunTime     20200228-06:47:48 v1.9.3 
Endian    : Little
tm_gmtoff : yes
PID       : 3774

Attempting to get lock on Serial Port /dev/ttyUSB0...
Checking for lock
PID: 3774 COMMAND: "aurora" LckPID: 3774 LckCOMMAND: "aurora" LckPIDcommand "aurora" = me
Appears we got the lock.

Opening Serial Port /dev/ttyUSB0...  Serial Port /dev/ttyUSB0 successfully opened.
Configuring serial device... Flushing unread data first...  Success!
Flushing serial device buffer... Success!

Comm Check: Let's see if the Aurora is listening... 
Elapsed time since last comm 0 us
Attempt 1
Clearing read buffer Success!
szSerBufferSave OK! 03 3a 00 00 00 00 00 00 00 00 
command: 03 3a 00 00 00 00 00 00 be 36 
Flushing serial device buffer... Success!
Sending command... sent 10 characters
Draining serial device buffer... Success!
Cleared data buffer: 00 00 00 00 00 00 00 00 00 00 
Read char #1 RC=0 (00) waited/max   507908/5000000  uS 
answer:  Got -1 characters

Elapsed time since last comm 0 us
Attempt 2
Clearing read buffer Success!
szSerBufferSave OK! 03 3a 00 00 00 00 00 00 00 00 
command: 03 3a 00 00 00 00 00 00 be 36 
Flushing serial device buffer... Success!
Sending command... sent 10 characters
Draining serial device buffer... Success!
Cleared data buffer: 00 00 00 00 00 00 00 00 00 00 
Read char #1 RC=0 (00) 
answer:  Got -1 characters

Elapsed time since last comm 0 us
Attempt 3
Clearing read buffer Success!
szSerBufferSave OK! 03 3a 00 00 00 00 00 00 00 00 
command: 03 3a 00 00 00 00 00 00 be 36 
Flushing serial device buffer... Success!
Sending command... sent 10 characters
Draining serial device buffer... Success!
Cleared data buffer: 00 00 00 00 00 00 00 00 00 00 
Read char #1 RC=1 (00) waited/max     6047/5000000  uS 
Read char #2 RC=1 (00) waited/max        7/5000000  uS 
Read char #3 RC=1 (33) waited/max        6/5000000  uS 
Read char #4 RC=1 (55) waited/max        7/5000000  uS 
Read char #5 RC=1 (4e) waited/max        7/5000000  uS 
Read char #6 RC=1 (4e) waited/max        7/5000000  uS 
Read char #7 RC=1 (e2) waited/max        7/5000000  uS 
Read char #8 RC=1 (53) waited/max        7/5000000  uS 
answer:  00 00 33 55 4e 4e e2 53 
received 8 characters
CRC receive OK 53e2
Transmission State Check: 0
Model ID "3" qMultiplier -1.0000000 -- PVI-3.6-OUTD --
Comm Check: OK

Elapsed time since last comm 225 us
Attempt 1
Clearing read buffer Success!
szSerBufferSave OK! 03 3b 04 00 00 00 00 00 00 00 
command: 03 3b 04 00 00 00 00 00 c7 b9 
Flushing serial device buffer... Success!
Sending command... sent 10 characters
Draining serial device buffer... Success!
Cleared data buffer: 00 00 00 00 00 00 00 00 00 00 
Read char #1 RC=1 (00) waited/max      537/5000000  uS 
Read char #2 RC=1 (00) waited/max        7/5000000  uS 
Read char #3 RC=1 (00) waited/max        7/5000000  uS 
Read char #4 RC=1 (00) waited/max        6/5000000  uS 
Read char #5 RC=1 (00) waited/max        6/5000000  uS 
Read char #6 RC=1 (00) waited/max        7/5000000  uS 
Read char #7 RC=1 (8f) waited/max        7/5000000  uS 
Read char #8 RC=1 (f7) waited/max        7/5000000  uS 
answer:  00 00 00 00 00 00 8f f7 
received 8 characters
CRC receive OK f78f
Transmission State Check: 0
szCvrtFloat     0.000000 0x00000000
value         0.000000

Elapsed time since last comm 71 us
Attempt 1
Clearing read buffer Success!
szSerBufferSave OK! 03 3b 01 00 00 00 00 00 00 00 
command: 03 3b 01 00 00 00 00 00 40 ad 
Flushing serial device buffer... Success!
Sending command... sent 10 characters
Draining serial device buffer... Success!
Cleared data buffer: 00 00 00 00 00 00 00 00 00 00 
Read char #1 RC=0 (00) 
answer:  Got -1 characters

Elapsed time since last comm 0 us
Attempt 2
Clearing read buffer Success!
szSerBufferSave OK! 03 3b 01 00 00 00 00 00 00 00 
command: 03 3b 01 00 00 00 00 00 40 ad 
Flushing serial device buffer... Success!
Sending command... sent 10 characters
Draining serial device buffer... Success!
Cleared data buffer: 00 00 00 00 00 00 00 00 00 00 
Read char #1 RC=0 (00) waited/max   508200/5000000  uS 
answer:  Got -1 characters

Elapsed time since last comm 0 us
Attempt 3
Clearing read buffer Success!
szSerBufferSave OK! 03 3b 01 00 00 00 00 00 00 00 
command: 03 3b 01 00 00 00 00 00 40 ad 
Flushing serial device buffer... Success!
Sending command... sent 10 characters
Draining serial device buffer... Success!
Cleared data buffer: 00 00 00 00 00 00 00 00 00 00 
Read char #1 RC=0 (00) 
answer:  Got -1 characters

Elapsed time since last comm 0 us
Attempt 4
Clearing read buffer Success!
szSerBufferSave OK! 03 3b 01 00 00 00 00 00 00 00 
command: 03 3b 01 00 00 00 00 00 40 ad 
Flushing serial device buffer... Success!
Sending command... sent 10 characters
Draining serial device buffer... Success!
Cleared data buffer: 00 00 00 00 00 00 00 00 00 00 
Read char #1 RC=0 (00) waited/max   509075/5000000  uS 
answer:  Got -1 characters

Elapsed time since last comm 0 us
Attempt 5
Clearing read buffer Success!
szSerBufferSave OK! 03 3b 01 00 00 00 00 00 00 00 
command: 03 3b 01 00 00 00 00 00 40 ad 
Flushing serial device buffer... Success!
Sending command... sent 10 characters
Draining serial device buffer... Success!
Cleared data buffer: 00 00 00 00 00 00 00 00 00 00 
Read char #1 RC=1 (00) waited/max    20343/5000000  uS 
Read char #2 RC=1 (01) waited/max        7/5000000  uS 
Read char #3 RC=1 (43) waited/max        7/5000000  uS 
Read char #4 RC=1 (72) waited/max        7/5000000  uS 
Read char #5 RC=1 (cc) waited/max        7/5000000  uS 
Read char #6 RC=1 (ea) waited/max        6/5000000  uS 
Read char #7 RC=1 (8f) waited/max        7/5000000  uS 
Read char #8 RC=1 (d1) waited/max        7/5000000  uS 
answer:  00 01 43 72 cc ea 8f d1 
received 8 characters
CRC receive OK d18f
Transmission State Check: 0
szCvrtFloat   242.800446 0x4372ccea
value       242.800446

Elapsed time since last comm 87 us
Attempt 1
Clearing read buffer Success!
szSerBufferSave OK! 03 3b 02 00 00 00 00 00 00 00 
command: 03 3b 02 00 00 00 00 00 3d a1 
Flushing serial device buffer... Success!
Sending command... sent 10 characters
Draining serial device buffer... Success!
Cleared data buffer: 00 00 00 00 00 00 00 00 00 00 
Read char #1 RC=0 (00) 
answer:  Got -1 characters

Elapsed time since last comm 0 us
Attempt 2
Clearing read buffer Success!
szSerBufferSave OK! 03 3b 02 00 00 00 00 00 00 00 
command: 03 3b 02 00 00 00 00 00 3d a1 
Flushing serial device buffer... Success!
Sending command... sent 10 characters
Draining serial device buffer... Success!
Cleared data buffer: 00 00 00 00 00 00 00 00 00 00 
Read char #1 RC=0 (00) waited/max   508428/5000000  uS 
answer:  Got -1 characters

Elapsed time since last comm 0 us
Attempt 3
Clearing read buffer Success!
szSerBufferSave OK! 03 3b 02 00 00 00 00 00 00 00 
command: 03 3b 02 00 00 00 00 00 3d a1 
Flushing serial device buffer... Success!
Sending command... sent 10 characters
Draining serial device buffer... Success!
Cleared data buffer: 00 00 00 00 00 00 00 00 00 00 
Read char #1 RC=0 (00) 
answer:  Got -1 characters

Elapsed time since last comm 0 us
Attempt 4
Clearing read buffer Success!
szSerBufferSave OK! 03 3b 02 00 00 00 00 00 00 00 
command: 03 3b 02 00 00 00 00 00 3d a1 
Flushing serial device buffer... Success!
Sending command... sent 10 characters
Draining serial device buffer... Success!
Cleared data buffer: 00 00 00 00 00 00 00 00 00 00 
Read char #1 RC=1 (00) waited/max     5840/5000000  uS 
Read char #2 RC=1 (01) waited/max        7/5000000  uS 
Read char #3 RC=1 (3f) waited/max        7/5000000  uS 
Read char #4 RC=1 (44) waited/max        7/5000000  uS 
Read char #5 RC=1 (a5) waited/max        7/5000000  uS 
Read char #6 RC=1 (68) waited/max        6/5000000  uS 
Read char #7 RC=1 (de) waited/max        6/5000000  uS 
Read char #8 RC=1 (59) waited/max        7/5000000  uS 
answer:  00 01 3f 44 a5 68 de 59 
received 8 characters
CRC receive OK 59de
Transmission State Check: 0
szCvrtFloat     0.768149 0x3f44a568
value         0.768149

Elapsed time since last comm 138 us
Attempt 1
Clearing read buffer Success!
szSerBufferSave OK! 03 3b 03 00 00 00 00 00 00 00 
command: 03 3b 03 00 00 00 00 00 16 a5 
Flushing serial device buffer... Success!
Sending command... sent 10 characters
Draining serial device buffer... Success!
Cleared data buffer: 00 00 00 00 00 00 00 00 00 00 
Read char #1 RC=0 (00) waited/max   507832/5000000  uS 
answer:  Got -1 characters

Elapsed time since last comm 0 us
Attempt 2
Clearing read buffer Success!
szSerBufferSave OK! 03 3b 03 00 00 00 00 00 00 00 
command: 03 3b 03 00 00 00 00 00 16 a5 
Flushing serial device buffer... Success!
Sending command... sent 10 characters
Draining serial device buffer... Success!
Cleared data buffer: 00 00 00 00 00 00 00 00 00 00 
Read char #1 RC=0 (00) 
answer:  Got -1 characters

Elapsed time since last comm 0 us
Attempt 3
Clearing read buffer Success!
szSerBufferSave OK! 03 3b 03 00 00 00 00 00 00 00 
command: 03 3b 03 00 00 00 00 00 16 a5 
Flushing serial device buffer... Success!
Sending command... sent 10 characters
Draining serial device buffer... Success!
Cleared data buffer: 00 00 00 00 00 00 00 00 00 00 
Read char #1 RC=1 (00) waited/max     4987/5000000  uS 
Read char #2 RC=1 (00) waited/max        7/5000000  uS 
Read char #3 RC=1 (00) waited/max        6/5000000  uS 
Read char #4 RC=1 (cb) waited/max        7/5000000  uS 
Read char #5 RC=1 (fc) waited/max        7/5000000  uS 
Read char #6 RC=0 (00) waited/max   503249/5000000  uS 
answer:  Got -1 characters

Elapsed time since last comm 0 us
Attempt 4
Clearing read buffer Success!
szSerBufferSave OK! 03 3b 03 00 00 00 00 00 00 00 
command: 03 3b 03 00 00 00 00 00 16 a5 
Flushing serial device buffer... Success!
Sending command... sent 10 characters
Draining serial device buffer... Success!
Cleared data buffer: 00 00 00 00 00 00 00 00 00 00 
Read char #1 RC=1 (00) waited/max     1324/5000000  uS 
Read char #2 RC=1 (00) waited/max        7/5000000  uS 
Read char #3 RC=1 (00) waited/max        7/5000000  uS 
Read char #4 RC=1 (00) waited/max        7/5000000  uS 
Read char #5 RC=1 (cb) waited/max        7/5000000  uS 
Read char #6 RC=1 (fc) waited/max        7/5000000  uS 
Read char #7 RC=0 (00) 
answer:  Got -1 characters

Elapsed time since last comm 0 us
Attempt 5
Clearing read buffer Success!
szSerBufferSave OK! 03 3b 03 00 00 00 00 00 00 00 
command: 03 3b 03 00 00 00 00 00 16 a5 
Flushing serial device buffer... Success!
Sending command... sent 10 characters
Draining serial device buffer... Success!
Cleared data buffer: 00 00 00 00 00 00 00 00 00 00 
Read char #1 RC=1 (00) waited/max    31224/5000000  uS 
Read char #2 RC=1 (01) waited/max        7/5000000  uS 
Read char #3 RC=1 (00) waited/max        6/5000000  uS 
Read char #4 RC=1 (00) waited/max        7/5000000  uS 
Read char #5 RC=1 (00) waited/max        7/5000000  uS 
Read char #6 RC=1 (00) waited/max        7/5000000  uS 
Read char #7 RC=1 (cb) waited/max        7/5000000  uS 
Read char #8 RC=1 (fc) waited/max        7/5000000  uS 
answer:  00 01 00 00 00 00 cb fc 
received 8 characters
CRC receive OK fccb
Transmission State Check: 0
szCvrtFloat     0.000000 0x00000000
value         0.000000

Elapsed time since last comm 80 us
Attempt 1
Clearing read buffer Success!
szSerBufferSave OK! 03 3b 17 00 00 00 00 00 00 00 
command: 03 3b 17 00 00 00 00 00 0a f7 
Flushing serial device buffer... Success!
Sending command... sent 10 characters
Draining serial device buffer... Success!
Cleared data buffer: 00 00 00 00 00 00 00 00 00 00 
Read char #1 RC=0 (00) waited/max   518020/5000000  uS 
answer:  Got -1 characters

Elapsed time since last comm 0 us
Attempt 2
Clearing read buffer Success!
szSerBufferSave OK! 03 3b 17 00 00 00 00 00 00 00 
command: 03 3b 17 00 00 00 00 00 0a f7 
Flushing serial device buffer... Success!
Sending command... sent 10 characters
Draining serial device buffer... Success!
Cleared data buffer: 00 00 00 00 00 00 00 00 00 00 
Read char #1 RC=1 (01) waited/max     2463/5000000  uS 
Read char #2 RC=1 (42) waited/max        7/5000000  uS 
Read char #3 RC=1 (bd) waited/max        7/5000000  uS 
Read char #4 RC=1 (c0) waited/max        6/5000000  uS 
Read char #5 RC=1 (a3) waited/max        6/5000000  uS 
Read char #6 RC=1 (0c) waited/max        7/5000000  uS 
Read char #7 RC=1 (fb) waited/max        7/5000000  uS 
Read char #8 RC=0 (00) 
answer:  Got -1 characters

Elapsed time since last comm 0 us
Attempt 3
Clearing read buffer Success!
szSerBufferSave OK! 03 3b 17 00 00 00 00 00 00 00 
command: 03 3b 17 00 00 00 00 00 0a f7 
Flushing serial device buffer... Success!
Sending command... sent 10 characters
Draining serial device buffer... Success!
Cleared data buffer: 00 00 00 00 00 00 00 00 00 00 
Read char #1 RC=1 (00) waited/max    16811/5000000  uS 
Read char #2 RC=1 (01) waited/max        8/5000000  uS 
Read char #3 RC=1 (42) waited/max        7/5000000  uS 
Read char #4 RC=1 (bd) waited/max        7/5000000  uS 
Read char #5 RC=1 (c0) waited/max        7/5000000  uS 
Read char #6 RC=1 (a3) waited/max        6/5000000  uS 
Read char #7 RC=1 (0c) waited/max        7/5000000  uS 
Read char #8 RC=1 (fb) waited/max        6/5000000  uS 
answer:  00 01 42 bd c0 a3 0c fb 
received 8 characters
CRC receive OK fb0c
Transmission State Check: 0
szCvrtFloat    94.876244 0x42bdc0a3
value        94.876244

Elapsed time since last comm 87 us
Attempt 1
Clearing read buffer Success!
szSerBufferSave OK! 03 3b 19 00 00 00 00 00 00 00 
command: 03 3b 19 00 00 00 00 00 a8 ce 
Flushing serial device buffer... Success!
Sending command... sent 10 characters
Draining serial device buffer... Success!
Cleared data buffer: 00 00 00 00 00 00 00 00 00 00 
Read char #1 RC=0 (00) 
answer:  Got -1 characters

Elapsed time since last comm 0 us
Attempt 2
Clearing read buffer Success!
szSerBufferSave OK! 03 3b 19 00 00 00 00 00 00 00 
command: 03 3b 19 00 00 00 00 00 a8 ce 
Flushing serial device buffer... Success!
Sending command... sent 10 characters
Draining serial device buffer... Success!
Cleared data buffer: 00 00 00 00 00 00 00 00 00 00 
Read char #1 RC=0 (00) waited/max   507803/5000000  uS 
answer:  Got -1 characters

Elapsed time since last comm 0 us
Attempt 3
Clearing read buffer Success!
szSerBufferSave OK! 03 3b 19 00 00 00 00 00 00 00 
command: 03 3b 19 00 00 00 00 00 a8 ce 
Flushing serial device buffer... Success!
Sending command... sent 10 characters
Draining serial device buffer... Success!
Cleared data buffer: 00 00 00 00 00 00 00 00 00 00 
Read char #1 RC=1 (00) waited/max     3967/5000000  uS 
Read char #2 RC=1 (01) waited/max        7/5000000  uS 
Read char #3 RC=1 (3d) waited/max        7/5000000  uS 
Read char #4 RC=1 (21) waited/max        6/5000000  uS 
Read char #5 RC=1 (af) waited/max        7/5000000  uS 
Read char #6 RC=1 (e9) waited/max        7/5000000  uS 
Read char #7 RC=1 (a9) waited/max        7/5000000  uS 
Read char #8 RC=1 (34) waited/max        7/5000000  uS 
answer:  00 01 3d 21 af e9 a9 34 
received 8 characters
CRC receive OK 34a9
Transmission State Check: 0
szCvrtFloat     0.039474 0x3d21afe9
value         0.039474

Elapsed time since last comm 81 us
Attempt 1
Clearing read buffer Success!
szSerBufferSave OK! 03 3b 1a 00 00 00 00 00 00 00 
command: 03 3b 1a 00 00 00 00 00 d5 c2 
Flushing serial device buffer... Success!
Sending command... sent 10 characters
Draining serial device buffer... Success!
Cleared data buffer: 00 00 00 00 00 00 00 00 00 00 
Read char #1 RC=1 (00) waited/max      448/5000000  uS 
Read char #2 RC=1 (01) waited/max        7/5000000  uS 
Read char #3 RC=1 (42) waited/max        7/5000000  uS 
Read char #4 RC=1 (a6) waited/max        6/5000000  uS 
Read char #5 RC=1 (84) waited/max        7/5000000  uS 
Read char #6 RC=1 (e3) waited/max        7/5000000  uS 
Read char #7 RC=1 (3d) waited/max        7/5000000  uS 
Read char #8 RC=1 (34) waited/max        7/5000000  uS 
answer:  00 01 42 a6 84 e3 3d 34 
received 8 characters
CRC receive OK 343d
Transmission State Check: 0
szCvrtFloat    83.259544 0x42a684e3
value        83.259544

Elapsed time since last comm 82 us
Attempt 1
Clearing read buffer Success!
szSerBufferSave OK! 03 3b 1b 00 00 00 00 00 00 00 
command: 03 3b 1b 00 00 00 00 00 fe c6 
Flushing serial device buffer... Success!
Sending command... sent 10 characters
Draining serial device buffer... Success!
Cleared data buffer: 00 00 00 00 00 00 00 00 00 00 
Read char #1 RC=1 (01) waited/max    10954/5000000  uS 
Read char #2 RC=1 (3d) waited/max        7/5000000  uS 
Read char #3 RC=1 (49) waited/max        7/5000000  uS 
Read char #4 RC=1 (48) waited/max        7/5000000  uS 
Read char #5 RC=1 (b4) waited/max        7/5000000  uS 
Read char #6 RC=1 (d7) waited/max        7/5000000  uS 
Read char #7 RC=1 (da) waited/max        7/5000000  uS 
Read char #8 RC=0 (00) 
answer:  Got -1 characters

Elapsed time since last comm 0 us
Attempt 2
Clearing read buffer Success!
szSerBufferSave OK! 03 3b 1b 00 00 00 00 00 00 00 
command: 03 3b 1b 00 00 00 00 00 fe c6 
Flushing serial device buffer... Success!
Sending command... sent 10 characters
Draining serial device buffer... Success!
Cleared data buffer: 00 00 00 00 00 00 00 00 00 00 
Read char #1 RC=0 (00) waited/max   507684/5000000  uS 
answer:  Got -1 characters

Elapsed time since last comm 0 us
Attempt 3
Clearing read buffer Success!
szSerBufferSave OK! 03 3b 1b 00 00 00 00 00 00 00 
command: 03 3b 1b 00 00 00 00 00 fe c6 
Flushing serial device buffer... Success!
Sending command... sent 10 characters
Draining serial device buffer... Success!
Cleared data buffer: 00 00 00 00 00 00 00 00 00 00 
Read char #1 RC=0 (00) 
answer:  Got -1 characters

Elapsed time since last comm 0 us
Attempt 4
Clearing read buffer Success!
szSerBufferSave OK! 03 3b 1b 00 00 00 00 00 00 00 
command: 03 3b 1b 00 00 00 00 00 fe c6 
Flushing serial device buffer... Success!
Sending command... sent 10 characters
Draining serial device buffer... Success!
Cleared data buffer: 00 00 00 00 00 00 00 00 00 00 
Read char #1 RC=0 (00) waited/max   508543/5000000  uS 
answer:  Got -1 characters

Elapsed time since last comm 0 us
Attempt 5
Clearing read buffer Success!
szSerBufferSave OK! 03 3b 1b 00 00 00 00 00 00 00 
command: 03 3b 1b 00 00 00 00 00 fe c6 
Flushing serial device buffer... Success!
Sending command... sent 10 characters
Draining serial device buffer... Success!
Cleared data buffer: 00 00 00 00 00 00 00 00 00 00 
Read char #1 RC=0 (00) 
answer:  Got -1 characters

Elapsed time since last comm 0 us
Attempt 6
Clearing read buffer Success!
szSerBufferSave OK! 03 3b 1b 00 00 00 00 00 00 00 
command: 03 3b 1b 00 00 00 00 00 fe c6 
Flushing serial device buffer... Success!
Sending command... sent 10 characters
Draining serial device buffer... Success!
Cleared data buffer: 00 00 00 00 00 00 00 00 00 00 
Read char #1 RC=0 (00) waited/max   507408/5000000  uS 
answer:  Got -1 characters
_ERROR_ (59 27)

Restoring Serial Port settings /dev/ttyUSB0... Success!
Flushing serial device buffer... Success!
Closing Serial Port /dev/ttyUSB0... Success!

devLCKfile: </var/lock/LCK..ttyUSB0>
devLCKfileNew: </var/lock/LCK..ttyUSB0.3774>
Clearing Serial Port Lock (3774)... done.

20200228-06:48:00: aurora: ERROR: Received bad return code (-1 59 27)

Complete 20200228-06:48:00

