
aurora -b -a 3 -c -T -Y3 -l4 -d0 -e /dev/ttyUSB0 

szttyDevice: /dev/ttyUSB0
yDelay:     4
yTimeout    0 mS
yMaxRunTime ~
devLCKfile: </var/lock/LCK..ttyUSB0>
devLCKfileNew: </var/lock/LCK..ttyUSB0.20080>
Got Params

RunTime     20200225-09:28:38 v1.9.3 
Endian    : Little
tm_gmtoff : yes
PID       : 20080

Attempting to get lock on Serial Port /dev/ttyUSB0...
Checking for lock
PID: 20080 COMMAND: "aurora" LckPID: 20080 LckCOMMAND: "aurora" LckPIDcommand "aurora" = me
Appears we got the lock.

Opening Serial Port /dev/ttyUSB0...  Serial Port /dev/ttyUSB0 successfully opened.
Configuring serial device... Flushing unread data first...  Success!
Flushing serial device buffer... Success!

Comm Check: Let's see if the Aurora is listening... 
Elapsed time since last comm 0 us
Attempt 1
Clearing read buffer Success!
szSerBufferSave OK! 03 3a 00 00 00 00 00 00 00 00 
command: 03 3a 00 00 00 00 00 00 be 36 
Flushing serial device buffer... Success!
Sending command... sent 10 characters
Draining serial device buffer... Success!
Cleared data buffer: 00 00 00 00 00 00 00 00 00 00 
Read char #1 RC=0 (00) waited/max   407922/4000000  uS 
answer:  Got -1 characters

Elapsed time since last comm 0 us
Attempt 2
Clearing read buffer Success!
szSerBufferSave OK! 03 3a 00 00 00 00 00 00 00 00 
command: 03 3a 00 00 00 00 00 00 be 36 
Flushing serial device buffer... Success!
Sending command... sent 10 characters
Draining serial device buffer... Success!
Cleared data buffer: 00 00 00 00 00 00 00 00 00 00 
Read char #1 RC=0 (00) 
answer:  Got -1 characters

Elapsed time since last comm 0 us
Attempt 3
Clearing read buffer Success!
szSerBufferSave OK! 03 3a 00 00 00 00 00 00 00 00 
command: 03 3a 00 00 00 00 00 00 be 36 
Flushing serial device buffer... Success!
Sending command... sent 10 characters
Draining serial device buffer... Success!
Cleared data buffer: 00 00 00 00 00 00 00 00 00 00 
Read char #1 RC=1 (00) waited/max     1090/4000000  uS 
Read char #2 RC=1 (06) waited/max        7/4000000  uS 
Read char #3 RC=1 (33) waited/max        7/4000000  uS 
Read char #4 RC=1 (55) waited/max        6/4000000  uS 
Read char #5 RC=1 (4e) waited/max        7/4000000  uS 
Read char #6 RC=1 (4e) waited/max        7/4000000  uS 
Read char #7 RC=1 (7a) waited/max        7/4000000  uS 
Read char #8 RC=1 (68) waited/max        7/4000000  uS 
answer:  00 06 33 55 4e 4e 7a 68 
received 8 characters
CRC receive OK 687a
Transmission State Check: 0
Model ID "3" qMultiplier -1.0000000 -- PVI-3.6-OUTD --
Comm Check: OK

Elapsed time since last comm 219 us
Attempt 1
Clearing read buffer Success!
szSerBufferSave OK! 03 3b 04 00 00 00 00 00 00 00 
command: 03 3b 04 00 00 00 00 00 c7 b9 
Flushing serial device buffer... Success!
Sending command... sent 10 characters
Draining serial device buffer... Success!
Cleared data buffer: 00 00 00 00 00 00 00 00 00 00 
Read char #1 RC=1 (48) waited/max    11579/4000000  uS 
Read char #2 RC=1 (16) waited/max        7/4000000  uS 
Read char #3 RC=1 (8a) waited/max        6/4000000  uS 
Read char #4 RC=1 (71) waited/max        7/4000000  uS 
Read char #5 RC=1 (c9) waited/max        7/4000000  uS 
Read char #6 RC=0 (00) waited/max   405332/4000000  uS 
answer:  Got -1 characters

Elapsed time since last comm 0 us
Attempt 2
Clearing read buffer Success!
szSerBufferSave OK! 03 3b 04 00 00 00 00 00 00 00 
command: 03 3b 04 00 00 00 00 00 c7 b9 
Flushing serial device buffer... Success!
Sending command... sent 10 characters
Draining serial device buffer... Success!
Cleared data buffer: 00 00 00 00 00 00 00 00 00 00 
Read char #1 RC=1 (00) waited/max     3942/4000000  uS 
Read char #2 RC=1 (06) waited/max        7/4000000  uS 
Read char #3 RC=1 (42) waited/max        7/4000000  uS 
Read char #4 RC=1 (48) waited/max        6/4000000  uS 
Read char #5 RC=1 (16) waited/max        7/4000000  uS 
Read char #6 RC=1 (8a) waited/max        7/4000000  uS 
Read char #7 RC=1 (71) waited/max        6/4000000  uS 
Read char #8 RC=1 (c9) waited/max        7/4000000  uS 
answer:  00 06 42 48 16 8a 71 c9 
received 8 characters
CRC receive OK c971
Transmission State Check: 0
szCvrtFloat    50.022011 0x4248168a
value        50.022011

Elapsed time since last comm 140 us
Attempt 1
Clearing read buffer Success!
szSerBufferSave OK! 03 3b 01 00 00 00 00 00 00 00 
command: 03 3b 01 00 00 00 00 00 40 ad 
Flushing serial device buffer... Success!
Sending command... sent 10 characters
Draining serial device buffer... Success!
Cleared data buffer: 00 00 00 00 00 00 00 00 00 00 
Read char #1 RC=1 (00) waited/max      441/4000000  uS 
Read char #2 RC=1 (06) waited/max        7/4000000  uS 
Read char #3 RC=1 (43) waited/max        7/4000000  uS 
Read char #4 RC=1 (74) waited/max        7/4000000  uS 
Read char #5 RC=1 (c0) waited/max        7/4000000  uS 
Read char #6 RC=1 (60) waited/max        7/4000000  uS 
Read char #7 RC=1 (78) waited/max        7/4000000  uS 
Read char #8 RC=1 (b5) waited/max        6/4000000  uS 
answer:  00 06 43 74 c0 60 78 b5 
received 8 characters
CRC receive OK b578
Transmission State Check: 0
szCvrtFloat   244.751465 0x4374c060
value       244.751465

Elapsed time since last comm 75 us
Attempt 1
Clearing read buffer Success!
szSerBufferSave OK! 03 3b 02 00 00 00 00 00 00 00 
command: 03 3b 02 00 00 00 00 00 3d a1 
Flushing serial device buffer... Success!
Sending command... sent 10 characters
Draining serial device buffer... Success!
Cleared data buffer: 00 00 00 00 00 00 00 00 00 00 
Read char #1 RC=0 (00) 
answer:  Got -1 characters

Elapsed time since last comm 0 us
Attempt 2
Clearing read buffer Success!
szSerBufferSave OK! 03 3b 02 00 00 00 00 00 00 00 
command: 03 3b 02 00 00 00 00 00 3d a1 
Flushing serial device buffer... Success!
Sending command... sent 10 characters
Draining serial device buffer... Success!
Cleared data buffer: 00 00 00 00 00 00 00 00 00 00 
Read char #1 RC=0 (00) waited/max   407196/4000000  uS 
answer:  Got -1 characters

Elapsed time since last comm 0 us
Attempt 3
Clearing read buffer Success!
szSerBufferSave OK! 03 3b 02 00 00 00 00 00 00 00 
command: 03 3b 02 00 00 00 00 00 3d a1 
Flushing serial device buffer... Success!
Sending command... sent 10 characters
Draining serial device buffer... Success!
Cleared data buffer: 00 00 00 00 00 00 00 00 00 00 
Read char #1 RC=0 (00) waited/max   407650/4000000  uS 
answer:  Got -1 characters
_ERROR_ (59 2)

Restoring Serial Port settings /dev/ttyUSB0... Success!
Flushing serial device buffer... Success!
Closing Serial Port /dev/ttyUSB0... Success!

devLCKfile: </var/lock/LCK..ttyUSB0>
devLCKfileNew: </var/lock/LCK..ttyUSB0.20080>
Clearing Serial Port Lock (20080)... done.

20200225-09:28:40: aurora: ERROR: Received bad return code (-1 59 2)

Complete 20200225-09:28:40

