
aurora -b -a 3 -c -T -Y3 -l4 -d0 -e /dev/ttyUSB0 

szttyDevice: /dev/ttyUSB0
yDelay:     4
yTimeout    0 mS
yMaxRunTime ~
devLCKfile: </var/lock/LCK..ttyUSB0>
devLCKfileNew: </var/lock/LCK..ttyUSB0.19853>
Got Params

RunTime     20200225-09:24:05 v1.9.3 
Endian    : Little
tm_gmtoff : yes
PID       : 19853

Attempting to get lock on Serial Port /dev/ttyUSB0...
Checking for lock
PID: 19853 COMMAND: "aurora" LckPID: 19853 LckCOMMAND: "aurora" LckPIDcommand "aurora" = me
Appears we got the lock.

Opening Serial Port /dev/ttyUSB0...  Serial Port /dev/ttyUSB0 successfully opened.
Configuring serial device... Flushing unread data first...  Success!
Flushing serial device buffer... Success!

Comm Check: Let's see if the Aurora is listening... 
Elapsed time since last comm 0 us
Attempt 1
Clearing read buffer Success!
szSerBufferSave OK! 03 3a 00 00 00 00 00 00 00 00 
command: 03 3a 00 00 00 00 00 00 be 36 
Flushing serial device buffer... Success!
Sending command... sent 10 characters
Draining serial device buffer... Success!
Cleared data buffer: 00 00 00 00 00 00 00 00 00 00 
Read char #1 RC=0 (00) waited/max   408269/4000000  uS 
answer:  Got -1 characters

Elapsed time since last comm 0 us
Attempt 2
Clearing read buffer Success!
szSerBufferSave OK! 03 3a 00 00 00 00 00 00 00 00 
command: 03 3a 00 00 00 00 00 00 be 36 
Flushing serial device buffer... Success!
Sending command... sent 10 characters
Draining serial device buffer... Success!
Cleared data buffer: 00 00 00 00 00 00 00 00 00 00 
Read char #1 RC=1 (00) waited/max    79151/4000000  uS 
Read char #2 RC=1 (06) waited/max        8/4000000  uS 
Read char #3 RC=1 (33) waited/max        7/4000000  uS 
Read char #4 RC=1 (55) waited/max        7/4000000  uS 
Read char #5 RC=1 (4e) waited/max        6/4000000  uS 
Read char #6 RC=1 (4e) waited/max        6/4000000  uS 
Read char #7 RC=1 (7a) waited/max        7/4000000  uS 
Read char #8 RC=1 (68) waited/max        6/4000000  uS 
answer:  00 06 33 55 4e 4e 7a 68 
received 8 characters
CRC receive OK 687a
Transmission State Check: 0
Model ID "3" qMultiplier -1.0000000 -- PVI-3.6-OUTD --
Comm Check: OK

Elapsed time since last comm 221 us
Attempt 1
Clearing read buffer Success!
szSerBufferSave OK! 03 3b 04 00 00 00 00 00 00 00 
command: 03 3b 04 00 00 00 00 00 c7 b9 
Flushing serial device buffer... Success!
Sending command... sent 10 characters
Draining serial device buffer... Success!
Cleared data buffer: 00 00 00 00 00 00 00 00 00 00 
Read char #1 RC=0 (00) 
answer:  Got -1 characters

Elapsed time since last comm 0 us
Attempt 2
Clearing read buffer Success!
szSerBufferSave OK! 03 3b 04 00 00 00 00 00 00 00 
command: 03 3b 04 00 00 00 00 00 c7 b9 
Flushing serial device buffer... Success!
Sending command... sent 10 characters
Draining serial device buffer... Success!
Cleared data buffer: 00 00 00 00 00 00 00 00 00 00 
Read char #1 RC=0 (00) waited/max   407123/4000000  uS 
answer:  Got -1 characters

Elapsed time since last comm 0 us
Attempt 3
Clearing read buffer Success!
szSerBufferSave OK! 03 3b 04 00 00 00 00 00 00 00 
command: 03 3b 04 00 00 00 00 00 c7 b9 
Flushing serial device buffer... Success!
Sending command... sent 10 characters
Draining serial device buffer... Success!
Cleared data buffer: 00 00 00 00 00 00 00 00 00 00 
Read char #1 RC=1 (00) waited/max    30430/4000000  uS 
Read char #2 RC=1 (06) waited/max        9/4000000  uS 
Read char #3 RC=1 (42) waited/max        7/4000000  uS 
Read char #4 RC=1 (48) waited/max        7/4000000  uS 
Read char #5 RC=1 (06) waited/max        7/4000000  uS 
Read char #6 RC=1 (25) waited/max        7/4000000  uS 
Read char #7 RC=1 (1d) waited/max        6/4000000  uS 
Read char #8 RC=1 (01) waited/max        7/4000000  uS 
answer:  00 06 42 48 06 25 1d 01 
received 8 characters
CRC receive OK 011d
Transmission State Check: 0
szCvrtFloat    50.006001 0x42480625
value        50.006001

Elapsed time since last comm 88 us
Attempt 1
Clearing read buffer Success!
szSerBufferSave OK! 03 3b 01 00 00 00 00 00 00 00 
command: 03 3b 01 00 00 00 00 00 40 ad 
Flushing serial device buffer... Success!
Sending command... sent 10 characters
Draining serial device buffer... Success!
Cleared data buffer: 00 00 00 00 00 00 00 00 00 00 
Read char #1 RC=0 (00) 
answer:  Got -1 characters

Elapsed time since last comm 0 us
Attempt 2
Clearing read buffer Success!
szSerBufferSave OK! 03 3b 01 00 00 00 00 00 00 00 
command: 03 3b 01 00 00 00 00 00 40 ad 
Flushing serial device buffer... Success!
Sending command... sent 10 characters
Draining serial device buffer... Success!
Cleared data buffer: 00 00 00 00 00 00 00 00 00 00 
Read char #1 RC=0 (00) waited/max   408507/4000000  uS 
answer:  Got -1 characters

Elapsed time since last comm 0 us
Attempt 3
Clearing read buffer Success!
szSerBufferSave OK! 03 3b 01 00 00 00 00 00 00 00 
command: 03 3b 01 00 00 00 00 00 40 ad 
Flushing serial device buffer... Success!
Sending command... sent 10 characters
Draining serial device buffer... Success!
Cleared data buffer: 00 00 00 00 00 00 00 00 00 00 
Read char #1 RC=1 (00) waited/max    17619/4000000  uS 
Read char #2 RC=1 (06) waited/max        7/4000000  uS 
Read char #3 RC=1 (43) waited/max        6/4000000  uS 
Read char #4 RC=1 (74) waited/max        6/4000000  uS 
Read char #5 RC=1 (25) waited/max        6/4000000  uS 
Read char #6 RC=1 (b0) waited/max        7/4000000  uS 
Read char #7 RC=1 (d4) waited/max        6/4000000  uS 
Read char #8 RC=1 (f4) waited/max        7/4000000  uS 
answer:  00 06 43 74 25 b0 d4 f4 
received 8 characters
CRC receive OK f4d4
Transmission State Check: 0
szCvrtFloat   244.147217 0x437425b0
value       244.147217

Elapsed time since last comm 88 us
Attempt 1
Clearing read buffer Success!
szSerBufferSave OK! 03 3b 02 00 00 00 00 00 00 00 
command: 03 3b 02 00 00 00 00 00 3d a1 
Flushing serial device buffer... Success!
Sending command... sent 10 characters
Draining serial device buffer... Success!
Cleared data buffer: 00 00 00 00 00 00 00 00 00 00 
Read char #1 RC=0 (00) waited/max   407507/4000000  uS 
answer:  Got -1 characters

Elapsed time since last comm 0 us
Attempt 2
Clearing read buffer Success!
szSerBufferSave OK! 03 3b 02 00 00 00 00 00 00 00 
command: 03 3b 02 00 00 00 00 00 3d a1 
Flushing serial device buffer... Success!
Sending command... sent 10 characters
Draining serial device buffer... Success!
Cleared data buffer: 00 00 00 00 00 00 00 00 00 00 
Read char #1 RC=1 (cc) waited/max    10467/4000000  uS 
Read char #2 RC=0 (00) 
answer:  Got -1 characters

Elapsed time since last comm 0 us
Attempt 3
Clearing read buffer Success!
szSerBufferSave OK! 03 3b 02 00 00 00 00 00 00 00 
command: 03 3b 02 00 00 00 00 00 3d a1 
Flushing serial device buffer... Success!
Sending command... sent 10 characters
Draining serial device buffer... Success!
Cleared data buffer: 00 00 00 00 00 00 00 00 00 00 
Read char #1 RC=1 (00) waited/max     2833/4000000  uS 
Read char #2 RC=1 (06) waited/max        7/4000000  uS 
Read char #3 RC=1 (3f) waited/max        6/4000000  uS 
Read char #4 RC=1 (a2) waited/max        7/4000000  uS 
Read char #5 RC=1 (4e) waited/max        6/4000000  uS 
Read char #6 RC=1 (5c) waited/max        7/4000000  uS 
Read char #7 RC=1 (ec) waited/max        6/4000000  uS 
Read char #8 RC=1 (cc) waited/max        7/4000000  uS 
answer:  00 06 3f a2 4e 5c ec cc 
received 8 characters
CRC receive OK ccec
Transmission State Check: 0
szCvrtFloat     1.268016 0x3fa24e5c
value         1.268016

Elapsed time since last comm 78 us
Attempt 1
Clearing read buffer Success!
szSerBufferSave OK! 03 3b 03 00 00 00 00 00 00 00 
command: 03 3b 03 00 00 00 00 00 16 a5 
Flushing serial device buffer... Success!
Sending command... sent 10 characters
Draining serial device buffer... Success!
Cleared data buffer: 00 00 00 00 00 00 00 00 00 00 
Read char #1 RC=0 (00) waited/max   408852/4000000  uS 
answer:  Got -1 characters

Elapsed time since last comm 0 us
Attempt 2
Clearing read buffer Success!
szSerBufferSave OK! 03 3b 03 00 00 00 00 00 00 00 
command: 03 3b 03 00 00 00 00 00 16 a5 
Flushing serial device buffer... Success!
Sending command... sent 10 characters
Draining serial device buffer... Success!
Cleared data buffer: 00 00 00 00 00 00 00 00 00 00 
Read char #1 RC=1 (95) waited/max    15674/4000000  uS 
Read char #2 RC=1 (7f) waited/max        8/4000000  uS 
Read char #3 RC=1 (da) waited/max        7/4000000  uS 
Read char #4 RC=1 (72) waited/max        7/4000000  uS 
Read char #5 RC=1 (45) waited/max        7/4000000  uS 
Read char #6 RC=0 (00) 
answer:  Got -1 characters

Elapsed time since last comm 0 us
Attempt 3
Clearing read buffer Success!
szSerBufferSave OK! 03 3b 03 00 00 00 00 00 00 00 
command: 03 3b 03 00 00 00 00 00 16 a5 
Flushing serial device buffer... Success!
Sending command... sent 10 characters
Draining serial device buffer... Success!
Cleared data buffer: 00 00 00 00 00 00 00 00 00 00 
Read char #1 RC=1 (00) waited/max    24079/4000000  uS 
Read char #2 RC=1 (06) waited/max        8/4000000  uS 
Read char #3 RC=1 (43) waited/max        7/4000000  uS 
Read char #4 RC=1 (95) waited/max        7/4000000  uS 
Read char #5 RC=1 (7f) waited/max        7/4000000  uS 
Read char #6 RC=1 (da) waited/max        6/4000000  uS 
Read char #7 RC=1 (72) waited/max        7/4000000  uS 
Read char #8 RC=1 (45) waited/max        6/4000000  uS 
answer:  00 06 43 95 7f da 72 45 
received 8 characters
CRC receive OK 4572
Transmission State Check: 0
szCvrtFloat   298.998840 0x43957fda
value       298.998840

Elapsed time since last comm 86 us
Attempt 1
Clearing read buffer Success!
szSerBufferSave OK! 03 3b 17 00 00 00 00 00 00 00 
command: 03 3b 17 00 00 00 00 00 0a f7 
Flushing serial device buffer... Success!
Sending command... sent 10 characters
Draining serial device buffer... Success!
Cleared data buffer: 00 00 00 00 00 00 00 00 00 00 
Read char #1 RC=1 (00) waited/max      566/4000000  uS 
Read char #2 RC=1 (06) waited/max        7/4000000  uS 
Read char #3 RC=1 (43) waited/max        7/4000000  uS 
Read char #4 RC=1 (c7) waited/max        7/4000000  uS 
Read char #5 RC=1 (cc) waited/max        7/4000000  uS 
Read char #6 RC=1 (a3) waited/max        7/4000000  uS 
Read char #7 RC=1 (69) waited/max        6/4000000  uS 
Read char #8 RC=1 (8d) waited/max        6/4000000  uS 
answer:  00 06 43 c7 cc a3 69 8d 
received 8 characters
CRC receive OK 8d69
Transmission State Check: 0
szCvrtFloat   399.598724 0x43c7cca3
value       399.598724

Elapsed time since last comm 75 us
Attempt 1
Clearing read buffer Success!
szSerBufferSave OK! 03 3b 19 00 00 00 00 00 00 00 
command: 03 3b 19 00 00 00 00 00 a8 ce 
Flushing serial device buffer... Success!
Sending command... sent 10 characters
Draining serial device buffer... Success!
Cleared data buffer: 00 00 00 00 00 00 00 00 00 00 
Read char #1 RC=0 (00) waited/max   408746/4000000  uS 
answer:  Got -1 characters

Elapsed time since last comm 0 us
Attempt 2
Clearing read buffer Success!
szSerBufferSave OK! 03 3b 19 00 00 00 00 00 00 00 
command: 03 3b 19 00 00 00 00 00 a8 ce 
Flushing serial device buffer... Success!
Sending command... sent 10 characters
Draining serial device buffer... Success!
Cleared data buffer: 00 00 00 00 00 00 00 00 00 00 
Read char #1 RC=0 (00) 
answer:  Got -1 characters

Elapsed time since last comm 0 us
Attempt 3
Clearing read buffer Success!
szSerBufferSave OK! 03 3b 19 00 00 00 00 00 00 00 
command: 03 3b 19 00 00 00 00 00 a8 ce 
Flushing serial device buffer... Success!
Sending command... sent 10 characters
Draining serial device buffer... Success!
Cleared data buffer: 00 00 00 00 00 00 00 00 00 00 
Read char #1 RC=0 (00) waited/max   407633/4000000  uS 
answer:  Got -1 characters
_ERROR_ (59 25)

Restoring Serial Port settings /dev/ttyUSB0... Success!
Flushing serial device buffer... Success!
Closing Serial Port /dev/ttyUSB0... Success!

devLCKfile: </var/lock/LCK..ttyUSB0>
devLCKfileNew: </var/lock/LCK..ttyUSB0.19853>
Clearing Serial Port Lock (19853)... done.

20200225-09:24:10: aurora: ERROR: Received bad return code (-1 59 25)

Complete 20200225-09:24:10

