
aurora -b -a 2 -c -T -d0 -e /dev/ttyUSB0 

szttyDevice: /dev/ttyUSB0
yDelay:     1
yTimeout    0 mS
yMaxRunTime ~
devLCKfile: </var/lock/LCK..ttyUSB0>
devLCKfileNew: </var/lock/LCK..ttyUSB0.30084>
Got Params

RunTime     20200225-09:50:43 v1.9.3 
Endian    : Little
tm_gmtoff : yes
PID       : 30084

Attempting to get lock on Serial Port /dev/ttyUSB0...
Checking for lock
PID: 30084 COMMAND: "aurora" LckPID: 30084 LckCOMMAND: "aurora" LckPIDcommand "aurora" = me
Appears we got the lock.

Opening Serial Port /dev/ttyUSB0...  Serial Port /dev/ttyUSB0 successfully opened.
Configuring serial device... Flushing unread data first...  Success!
Flushing serial device buffer... Success!

Comm Check: Let's see if the Aurora is listening... 
Elapsed time since last comm 0 us
Attempt 1
Clearing read buffer Success!
szSerBufferSave OK! 02 3a 00 00 00 00 00 00 00 00 
command: 02 3a 00 00 00 00 00 00 01 b7 
Flushing serial device buffer... Success!
Sending command... sent 10 characters
Draining serial device buffer... Success!
Cleared data buffer: 00 00 00 00 00 00 00 00 00 00 
Read char #1 RC=1 (00) waited/max    67986/1000000  uS 
Read char #2 RC=1 (06) waited/max        8/1000000  uS 
Read char #3 RC=1 (33) waited/max        8/1000000  uS 
Read char #4 RC=1 (55) waited/max    15724/1000000  uS 
Read char #5 RC=1 (4e) waited/max        8/1000000  uS 
Read char #6 RC=1 (4e) waited/max        7/1000000  uS 
Read char #7 RC=1 (7a) waited/max        7/1000000  uS 
Read char #8 RC=1 (68) waited/max        7/1000000  uS 
answer:  00 06 33 55 4e 4e 7a 68 
received 8 characters
CRC receive OK 687a
Transmission State Check: 0
Model ID "3" qMultiplier -1.0000000 -- PVI-3.6-OUTD --
Comm Check: OK

Elapsed time since last comm 209 us
Attempt 1
Clearing read buffer Success!
szSerBufferSave OK! 02 3b 04 00 00 00 00 00 00 00 
command: 02 3b 04 00 00 00 00 00 78 38 
Flushing serial device buffer... Success!
Sending command... sent 10 characters
Draining serial device buffer... Success!
Cleared data buffer: 00 00 00 00 00 00 00 00 00 00 
Read char #1 RC=1 (00) waited/max      468/1000000  uS 
Read char #2 RC=1 (06) waited/max        7/1000000  uS 
Read char #3 RC=1 (42) waited/max        7/1000000  uS 
Read char #4 RC=1 (48) waited/max        7/1000000  uS 
Read char #5 RC=1 (00) waited/max        7/1000000  uS 
Read char #6 RC=1 (00) waited/max        7/1000000  uS 
Read char #7 RC=1 (62) waited/max        7/1000000  uS 
Read char #8 RC=1 (23) waited/max        7/1000000  uS 
answer:  00 06 42 48 00 00 62 23 
received 8 characters
CRC receive OK 2362
Transmission State Check: 0
szCvrtFloat    50.000000 0x42480000
value        50.000000

Elapsed time since last comm 75 us
Attempt 1
Clearing read buffer Success!
szSerBufferSave OK! 02 3b 01 00 00 00 00 00 00 00 
command: 02 3b 01 00 00 00 00 00 ff 2c 
Flushing serial device buffer... Success!
Sending command... sent 10 characters
Draining serial device buffer... Success!
Cleared data buffer: 00 00 00 00 00 00 00 00 00 00 
Read char #1 RC=0 (00) waited/max   108493/1000000  uS 
answer:  Got -1 characters
_ERROR_ (59 1)

Restoring Serial Port settings /dev/ttyUSB0... Success!
Flushing serial device buffer... Success!
Closing Serial Port /dev/ttyUSB0... Success!

devLCKfile: </var/lock/LCK..ttyUSB0>
devLCKfileNew: </var/lock/LCK..ttyUSB0.30084>
Clearing Serial Port Lock (30084)... done.

20200225-09:50:43: aurora: ERROR: Received bad return code (-1 59 1)

Complete 20200225-09:50:43

