
aurora -b -a 2 -c -T -Y3 -l4 -d0 -e /dev/ttyUSB0 

szttyDevice: /dev/ttyUSB0
yDelay:     4
yTimeout    0 mS
yMaxRunTime ~
devLCKfile: </var/lock/LCK..ttyUSB0>
devLCKfileNew: </var/lock/LCK..ttyUSB0.19618>
Got Params

RunTime     20200225-09:18:27 v1.9.3 
Endian    : Little
tm_gmtoff : yes
PID       : 19618

Attempting to get lock on Serial Port /dev/ttyUSB0...
Checking for lock
PID: 19618 COMMAND: "aurora" LckPID: 19618 LckCOMMAND: "aurora" LckPIDcommand "aurora" = me
Appears we got the lock.

Opening Serial Port /dev/ttyUSB0...  Serial Port /dev/ttyUSB0 successfully opened.
Configuring serial device... Flushing unread data first...  Success!
Flushing serial device buffer... Success!

Comm Check: Let's see if the Aurora is listening... 
Elapsed time since last comm 0 us
Attempt 1
Clearing read buffer Success!
szSerBufferSave OK! 02 3a 00 00 00 00 00 00 00 00 
command: 02 3a 00 00 00 00 00 00 01 b7 
Flushing serial device buffer... Success!
Sending command... sent 10 characters
Draining serial device buffer... Success!
Cleared data buffer: 00 00 00 00 00 00 00 00 00 00 
Read char #1 RC=1 (00) waited/max    55955/4000000  uS 
Read char #2 RC=1 (06) waited/max        7/4000000  uS 
Read char #3 RC=1 (33) waited/max        7/4000000  uS 
Read char #4 RC=1 (55) waited/max        7/4000000  uS 
Read char #5 RC=1 (4e) waited/max        7/4000000  uS 
Read char #6 RC=1 (4e) waited/max        7/4000000  uS 
Read char #7 RC=1 (7a) waited/max        7/4000000  uS 
Read char #8 RC=1 (68) waited/max        7/4000000  uS 
answer:  00 06 33 55 4e 4e 7a 68 
received 8 characters
CRC receive OK 687a
Transmission State Check: 0
Model ID "3" qMultiplier -1.0000000 -- PVI-3.6-OUTD --
Comm Check: OK

Elapsed time since last comm 208 us
Attempt 1
Clearing read buffer Success!
szSerBufferSave OK! 02 3b 04 00 00 00 00 00 00 00 
command: 02 3b 04 00 00 00 00 00 78 38 
Flushing serial device buffer... Success!
Sending command... sent 10 characters
Draining serial device buffer... Success!
Cleared data buffer: 00 00 00 00 00 00 00 00 00 00 
Read char #1 RC=0 (00) waited/max   408797/4000000  uS 
answer:  Got -1 characters

Elapsed time since last comm 0 us
Attempt 2
Clearing read buffer Success!
szSerBufferSave OK! 02 3b 04 00 00 00 00 00 00 00 
command: 02 3b 04 00 00 00 00 00 78 38 
Flushing serial device buffer... Success!
Sending command... sent 10 characters
Draining serial device buffer... Success!
Cleared data buffer: 00 00 00 00 00 00 00 00 00 00 
Read char #1 RC=1 (00) waited/max     8828/4000000  uS 
Read char #2 RC=1 (06) waited/max        7/4000000  uS 
Read char #3 RC=1 (42) waited/max        7/4000000  uS 
Read char #4 RC=1 (48) waited/max        6/4000000  uS 
Read char #5 RC=1 (04) waited/max        6/4000000  uS 
Read char #6 RC=1 (19) waited/max        7/4000000  uS 
Read char #7 RC=1 (42) waited/max        7/4000000  uS 
Read char #8 RC=1 (c9) waited/max        6/4000000  uS 
answer:  00 06 42 48 04 19 42 c9 
received 8 characters
CRC receive OK c942
Transmission State Check: 0
szCvrtFloat    50.004002 0x42480419
value        50.004002

Elapsed time since last comm 82 us
Attempt 1
Clearing read buffer Success!
szSerBufferSave OK! 02 3b 01 00 00 00 00 00 00 00 
command: 02 3b 01 00 00 00 00 00 ff 2c 
Flushing serial device buffer... Success!
Sending command... sent 10 characters
Draining serial device buffer... Success!
Cleared data buffer: 00 00 00 00 00 00 00 00 00 00 
Read char #1 RC=1 (00) waited/max    11418/4000000  uS 
Read char #2 RC=1 (06) waited/max        7/4000000  uS 
Read char #3 RC=1 (43) waited/max        7/4000000  uS 
Read char #4 RC=1 (72) waited/max        7/4000000  uS 
Read char #5 RC=1 (88) waited/max        7/4000000  uS 
Read char #6 RC=1 (5a) waited/max        7/4000000  uS 
Read char #7 RC=1 (de) waited/max        6/4000000  uS 
Read char #8 RC=1 (75) waited/max        7/4000000  uS 
answer:  00 06 43 72 88 5a de 75 
received 8 characters
CRC receive OK 75de
Transmission State Check: 0
szCvrtFloat   242.532623 0x4372885a
value       242.532623

Elapsed time since last comm 79 us
Attempt 1
Clearing read buffer Success!
szSerBufferSave OK! 02 3b 02 00 00 00 00 00 00 00 
command: 02 3b 02 00 00 00 00 00 82 20 
Flushing serial device buffer... Success!
Sending command... sent 10 characters
Draining serial device buffer... Success!
Cleared data buffer: 00 00 00 00 00 00 00 00 00 00 
Read char #1 RC=1 (00) waited/max    13932/4000000  uS 
Read char #2 RC=1 (06) waited/max        7/4000000  uS 
Read char #3 RC=1 (3f) waited/max        7/4000000  uS 
Read char #4 RC=1 (e4) waited/max        7/4000000  uS 
Read char #5 RC=1 (5e) waited/max        7/4000000  uS 
Read char #6 RC=1 (84) waited/max        6/4000000  uS 
Read char #7 RC=1 (17) waited/max        6/4000000  uS 
Read char #8 RC=1 (d3) waited/max        7/4000000  uS 
answer:  00 06 3f e4 5e 84 17 d3 
received 8 characters
CRC receive OK d317
Transmission State Check: 0
szCvrtFloat     1.784134 0x3fe45e84
value         1.784134

Elapsed time since last comm 70 us
Attempt 1
Clearing read buffer Success!
szSerBufferSave OK! 02 3b 03 00 00 00 00 00 00 00 
command: 02 3b 03 00 00 00 00 00 a9 24 
Flushing serial device buffer... Success!
Sending command... sent 10 characters
Draining serial device buffer... Success!
Cleared data buffer: 00 00 00 00 00 00 00 00 00 00 
Read char #1 RC=1 (00) waited/max    80418/4000000  uS 
Read char #2 RC=1 (06) waited/max        8/4000000  uS 
Read char #3 RC=1 (43) waited/max        6/4000000  uS 
Read char #4 RC=1 (d6) waited/max        7/4000000  uS 
Read char #5 RC=1 (54) waited/max        6/4000000  uS 
Read char #6 RC=1 (a5) waited/max        7/4000000  uS 
Read char #7 RC=1 (8b) waited/max        7/4000000  uS 
Read char #8 RC=1 (e0) waited/max        7/4000000  uS 
answer:  00 06 43 d6 54 a5 8b e0 
received 8 characters
CRC receive OK e08b
Transmission State Check: 0
szCvrtFloat   428.661285 0x43d654a5
value       428.661285

Elapsed time since last comm 78 us
Attempt 1
Clearing read buffer Success!
szSerBufferSave OK! 02 3b 17 00 00 00 00 00 00 00 
command: 02 3b 17 00 00 00 00 00 b5 76 
Flushing serial device buffer... Success!
Sending command... sent 10 characters
Draining serial device buffer... Success!
Cleared data buffer: 00 00 00 00 00 00 00 00 00 00 
Read char #1 RC=0 (00) waited/max   407337/4000000  uS 
answer:  Got -1 characters

Elapsed time since last comm 0 us
Attempt 2
Clearing read buffer Success!
szSerBufferSave OK! 02 3b 17 00 00 00 00 00 00 00 
command: 02 3b 17 00 00 00 00 00 b5 76 
Flushing serial device buffer... Success!
Sending command... sent 10 characters
Draining serial device buffer... Success!
Cleared data buffer: 00 00 00 00 00 00 00 00 00 00 
Read char #1 RC=1 (00) waited/max    13263/4000000  uS 
Read char #2 RC=1 (06) waited/max        7/4000000  uS 
Read char #3 RC=1 (43) waited/max        7/4000000  uS 
Read char #4 RC=1 (df) waited/max        6/4000000  uS 
Read char #5 RC=1 (95) waited/max        6/4000000  uS 
Read char #6 RC=1 (0b) waited/max        6/4000000  uS 
Read char #7 RC=1 (93) waited/max        7/4000000  uS 
Read char #8 RC=1 (e3) waited/max        6/4000000  uS 
answer:  00 06 43 df 95 0b 93 e3 
received 8 characters
CRC receive OK e393
Transmission State Check: 0
szCvrtFloat   447.164398 0x43df950b
value       447.164398

Elapsed time since last comm 81 us
Attempt 1
Clearing read buffer Success!
szSerBufferSave OK! 02 3b 19 00 00 00 00 00 00 00 
command: 02 3b 19 00 00 00 00 00 17 4f 
Flushing serial device buffer... Success!
Sending command... sent 10 characters
Draining serial device buffer... Success!
Cleared data buffer: 00 00 00 00 00 00 00 00 00 00 
Read char #1 RC=1 (00) waited/max    15753/4000000  uS 
Read char #2 RC=1 (06) waited/max        7/4000000  uS 
Read char #3 RC=1 (3f) waited/max        7/4000000  uS 
Read char #4 RC=1 (03) waited/max        6/4000000  uS 
Read char #5 RC=1 (5e) waited/max        7/4000000  uS 
Read char #6 RC=1 (ed) waited/max        6/4000000  uS 
Read char #7 RC=1 (74) waited/max        7/4000000  uS 
Read char #8 RC=1 (a8) waited/max        6/4000000  uS 
answer:  00 06 3f 03 5e ed 74 a8 
received 8 characters
CRC receive OK a874
Transmission State Check: 0
szCvrtFloat     0.513167 0x3f035eed
value         0.513167

Elapsed time since last comm 124 us
Attempt 1
Clearing read buffer Success!
szSerBufferSave OK! 02 3b 1a 00 00 00 00 00 00 00 
command: 02 3b 1a 00 00 00 00 00 6a 43 
Flushing serial device buffer... Success!
Sending command... sent 10 characters
Draining serial device buffer... Success!
Cleared data buffer: 00 00 00 00 00 00 00 00 00 00 
Read char #1 RC=1 (e3) waited/max     8225/4000000  uS 
Read char #2 RC=0 (00) waited/max   400476/4000000  uS 
answer:  Got -1 characters

Elapsed time since last comm 0 us
Attempt 2
Clearing read buffer Success!
szSerBufferSave OK! 02 3b 1a 00 00 00 00 00 00 00 
command: 02 3b 1a 00 00 00 00 00 6a 43 
Flushing serial device buffer... Success!
Sending command... sent 10 characters
Draining serial device buffer... Success!
Cleared data buffer: 00 00 00 00 00 00 00 00 00 00 
Read char #1 RC=1 (00) waited/max     8607/4000000  uS 
Read char #2 RC=1 (06) waited/max        7/4000000  uS 
Read char #3 RC=1 (43) waited/max        6/4000000  uS 
Read char #4 RC=1 (e2) waited/max        7/4000000  uS 
Read char #5 RC=1 (4c) waited/max        7/4000000  uS 
Read char #6 RC=1 (ca) waited/max        7/4000000  uS 
Read char #7 RC=1 (e4) waited/max        7/4000000  uS 
Read char #8 RC=1 (c5) waited/max        7/4000000  uS 
answer:  00 06 43 e2 4c ca e4 c5 
received 8 characters
CRC receive OK c5e4
Transmission State Check: 0
szCvrtFloat   452.599915 0x43e24cca
value       452.599915

Elapsed time since last comm 79 us
Attempt 1
Clearing read buffer Success!
szSerBufferSave OK! 02 3b 1b 00 00 00 00 00 00 00 
command: 02 3b 1b 00 00 00 00 00 41 47 
Flushing serial device buffer... Success!
Sending command... sent 10 characters
Draining serial device buffer... Success!
Cleared data buffer: 00 00 00 00 00 00 00 00 00 00 
Read char #1 RC=1 (27) waited/max    11091/4000000  uS 
Read char #2 RC=1 (9a) waited/max        7/4000000  uS 
Read char #3 RC=1 (c2) waited/max        6/4000000  uS 
Read char #4 RC=0 (00) 
answer:  Got -1 characters

Elapsed time since last comm 0 us
Attempt 2
Clearing read buffer Success!
szSerBufferSave OK! 02 3b 1b 00 00 00 00 00 00 00 
command: 02 3b 1b 00 00 00 00 00 41 47 
Flushing serial device buffer... Success!
Sending command... sent 10 characters
Draining serial device buffer... Success!
Cleared data buffer: 00 00 00 00 00 00 00 00 00 00 
Read char #1 RC=1 (00) waited/max     3453/4000000  uS 
Read char #2 RC=1 (06) waited/max        7/4000000  uS 
Read char #3 RC=1 (3f) waited/max        7/4000000  uS 
Read char #4 RC=1 (02) waited/max    15759/4000000  uS 
Read char #5 RC=1 (22) waited/max        7/4000000  uS 
Read char #6 RC=1 (27) waited/max        6/4000000  uS 
Read char #7 RC=1 (9a) waited/max        7/4000000  uS 
Read char #8 RC=1 (c2) waited/max        7/4000000  uS 
answer:  00 06 3f 02 22 27 9a c2 
received 8 characters
CRC receive OK c29a
Transmission State Check: 0
szCvrtFloat     0.508334 0x3f022227
value         0.508334

Elapsed time since last comm 75 us
Attempt 1
Clearing read buffer Success!
szSerBufferSave OK! 02 3b 15 00 00 00 00 00 00 00 
command: 02 3b 15 00 00 00 00 00 e3 7e 
Flushing serial device buffer... Success!
Sending command... sent 10 characters
Draining serial device buffer... Success!
Cleared data buffer: 00 00 00 00 00 00 00 00 00 00 
Read char #1 RC=1 (f7) waited/max    11940/4000000  uS 
Read char #2 RC=1 (d3) waited/max        6/4000000  uS 
Read char #3 RC=1 (a1) waited/max        7/4000000  uS 
Read char #4 RC=1 (55) waited/max        7/4000000  uS 
Read char #5 RC=0 (00) waited/max   406397/4000000  uS 
answer:  Got -1 characters

Elapsed time since last comm 0 us
Attempt 2
Clearing read buffer Success!
szSerBufferSave OK! 02 3b 15 00 00 00 00 00 00 00 
command: 02 3b 15 00 00 00 00 00 e3 7e 
Flushing serial device buffer... Success!
Sending command... sent 10 characters
Draining serial device buffer... Success!
Cleared data buffer: 00 00 00 00 00 00 00 00 00 00 
Read char #1 RC=1 (00) waited/max     2302/4000000  uS 
Read char #2 RC=1 (06) waited/max        8/4000000  uS 
Read char #3 RC=1 (42) waited/max        7/4000000  uS 
Read char #4 RC=1 (04) waited/max        7/4000000  uS 
Read char #5 RC=1 (f7) waited/max        6/4000000  uS 
Read char #6 RC=1 (d3) waited/max        7/4000000  uS 
Read char #7 RC=1 (a1) waited/max        7/4000000  uS 
Read char #8 RC=1 (55) waited/max        7/4000000  uS 
answer:  00 06 42 04 f7 d3 a1 55 
received 8 characters
CRC receive OK 55a1
Transmission State Check: 0
szCvrtFloat    33.242016 0x4204f7d3
value        33.242016

Elapsed time since last comm 84 us
Attempt 1
Clearing read buffer Success!
szSerBufferSave OK! 02 3b 16 00 00 00 00 00 00 00 
command: 02 3b 16 00 00 00 00 00 9e 72 
Flushing serial device buffer... Success!
Sending command... sent 10 characters
Draining serial device buffer... Success!
Cleared data buffer: 00 00 00 00 00 00 00 00 00 00 
Read char #1 RC=1 (de) waited/max    14791/4000000  uS 
Read char #2 RC=0 (00) 
answer:  Got -1 characters

Elapsed time since last comm 0 us
Attempt 2
Clearing read buffer Success!
szSerBufferSave OK! 02 3b 16 00 00 00 00 00 00 00 
command: 02 3b 16 00 00 00 00 00 9e 72 
Flushing serial device buffer... Success!
Sending command... sent 10 characters
Draining serial device buffer... Success!
Cleared data buffer: 00 00 00 00 00 00 00 00 00 00 
Read char #1 RC=0 (00) waited/max   408052/4000000  uS 
answer:  Got -1 characters

Elapsed time since last comm 0 us
Attempt 3
Clearing read buffer Success!
szSerBufferSave OK! 02 3b 16 00 00 00 00 00 00 00 
command: 02 3b 16 00 00 00 00 00 9e 72 
Flushing serial device buffer... Success!
Sending command... sent 10 characters
Draining serial device buffer... Success!
Cleared data buffer: 00 00 00 00 00 00 00 00 00 00 
Read char #1 RC=1 (00) waited/max     9539/4000000  uS 
Read char #2 RC=1 (06) waited/max        7/4000000  uS 
Read char #3 RC=1 (41) waited/max        7/4000000  uS 
Read char #4 RC=1 (ff) waited/max        7/4000000  uS 
Read char #5 RC=1 (5e) waited/max        7/4000000  uS 
Read char #6 RC=1 (a3) waited/max        6/4000000  uS 
Read char #7 RC=1 (9e) waited/max        7/4000000  uS 
Read char #8 RC=1 (de) waited/max        7/4000000  uS 
answer:  00 06 41 ff 5e a3 9e de 
received 8 characters
CRC receive OK de9e
Transmission State Check: 0
szCvrtFloat    31.921209 0x41ff5ea3
value        31.921209

Attempting to get Partial Energy value 
Elapsed time since last comm 147 us
Attempt 1
Clearing read buffer Success!
szSerBufferSave OK! 02 4e 06 00 00 00 00 00 00 00 
command: 02 4e 06 00 00 00 00 00 c1 d1 
Flushing serial device buffer... Success!
Sending command... sent 10 characters
Draining serial device buffer... Success!
Cleared data buffer: 00 00 00 00 00 00 00 00 00 00 
Read char #1 RC=1 (00) waited/max    12013/4000000  uS 
Read char #2 RC=1 (06) waited/max        7/4000000  uS 
Read char #3 RC=1 (00) waited/max        7/4000000  uS 
Read char #4 RC=1 (02) waited/max        7/4000000  uS 
Read char #5 RC=1 (b7) waited/max        7/4000000  uS 
Read char #6 RC=1 (fa) waited/max        7/4000000  uS 
Read char #7 RC=1 (1c) waited/max    15438/4000000  uS 
Read char #8 RC=1 (56) waited/max        7/4000000  uS 
answer:  00 06 00 02 b7 fa 1c 56 
received 8 characters
CRC receive OK 561c
Transmission State Check: 0
szCvrtLong         178170 0x0002b7fa
value              178170

Elapsed time since last comm 60 us
Attempt 1
Clearing read buffer Success!
szSerBufferSave OK! 02 4e 00 00 00 00 00 00 00 00 
command: 02 4e 00 00 00 00 00 00 3b c9 
Flushing serial device buffer... Success!
Sending command... sent 10 characters
Draining serial device buffer... Success!
Cleared data buffer: 00 00 00 00 00 00 00 00 00 00 
Read char #1 RC=1 (72) waited/max     8496/4000000  uS 
Read char #2 RC=0 (00) 
answer:  Got -1 characters

Elapsed time since last comm 0 us
Attempt 2
Clearing read buffer Success!
szSerBufferSave OK! 02 4e 00 00 00 00 00 00 00 00 
command: 02 4e 00 00 00 00 00 00 3b c9 
Flushing serial device buffer... Success!
Sending command... sent 10 characters
Draining serial device buffer... Success!
Cleared data buffer: 00 00 00 00 00 00 00 00 00 00 
Read char #1 RC=1 (00) waited/max      799/4000000  uS 
Read char #2 RC=1 (06) waited/max        7/4000000  uS 
Read char #3 RC=1 (00) waited/max        6/4000000  uS 
Read char #4 RC=1 (00) waited/max        7/4000000  uS 
Read char #5 RC=1 (01) waited/max        7/4000000  uS 
Read char #6 RC=1 (82) waited/max        6/4000000  uS 
Read char #7 RC=1 (d5) waited/max        7/4000000  uS 
Read char #8 RC=1 (72) waited/max        7/4000000  uS 
answer:  00 06 00 00 01 82 d5 72 
received 8 characters
CRC receive OK 72d5
Transmission State Check: 0
szCvrtLong            386 0x00000182
value                 386

Elapsed time since last comm 62 us
Attempt 1
Clearing read buffer Success!
szSerBufferSave OK! 02 4e 01 00 00 00 00 00 00 00 
command: 02 4e 01 00 00 00 00 00 10 cd 
Flushing serial device buffer... Success!
Sending command... sent 10 characters
Draining serial device buffer... Success!
Cleared data buffer: 00 00 00 00 00 00 00 00 00 00 
Read char #1 RC=1 (15) waited/max    13351/4000000  uS 
Read char #2 RC=1 (82) waited/max        7/4000000  uS 
Read char #3 RC=1 (24) waited/max        7/4000000  uS 
Read char #4 RC=1 (80) waited/max        6/4000000  uS 
Read char #5 RC=0 (00) waited/max   404759/4000000  uS 
answer:  Got -1 characters

Elapsed time since last comm 0 us
Attempt 2
Clearing read buffer Success!
szSerBufferSave OK! 02 4e 01 00 00 00 00 00 00 00 
command: 02 4e 01 00 00 00 00 00 10 cd 
Flushing serial device buffer... Success!
Sending command... sent 10 characters
Draining serial device buffer... Success!
Cleared data buffer: 00 00 00 00 00 00 00 00 00 00 
Read char #1 RC=1 (00) waited/max     5680/4000000  uS 
Read char #2 RC=1 (06) waited/max    15918/4000000  uS 
Read char #3 RC=1 (00) waited/max        7/4000000  uS 
Read char #4 RC=1 (00) waited/max        7/4000000  uS 
Read char #5 RC=1 (15) waited/max        6/4000000  uS 
Read char #6 RC=1 (82) waited/max        7/4000000  uS 
Read char #7 RC=1 (24) waited/max        7/4000000  uS 
Read char #8 RC=1 (80) waited/max        6/4000000  uS 
answer:  00 06 00 00 15 82 24 80 
received 8 characters
CRC receive OK 8024
Transmission State Check: 0
szCvrtLong           5506 0x00001582
value                5506

Elapsed time since last comm 60 us
Attempt 1
Clearing read buffer Success!
szSerBufferSave OK! 02 4e 03 00 00 00 00 00 00 00 
command: 02 4e 03 00 00 00 00 00 46 c5 
Flushing serial device buffer... Success!
Sending command... sent 10 characters
Draining serial device buffer... Success!
Cleared data buffer: 00 00 00 00 00 00 00 00 00 00 
Read char #1 RC=1 (00) waited/max    12159/4000000  uS 
Read char #2 RC=1 (01) waited/max        7/4000000  uS 
Read char #3 RC=1 (5f) waited/max        7/4000000  uS 
Read char #4 RC=1 (da) waited/max        7/4000000  uS 
Read char #5 RC=1 (23) waited/max        7/4000000  uS 
Read char #6 RC=1 (bf) waited/max        7/4000000  uS 
Read char #7 RC=0 (00) 
answer:  Got -1 characters

Elapsed time since last comm 0 us
Attempt 2
Clearing read buffer Success!
szSerBufferSave OK! 02 4e 03 00 00 00 00 00 00 00 
command: 02 4e 03 00 00 00 00 00 46 c5 
Flushing serial device buffer... Success!
Sending command... sent 10 characters
Draining serial device buffer... Success!
Cleared data buffer: 00 00 00 00 00 00 00 00 00 00 
Read char #1 RC=1 (01) waited/max     4519/4000000  uS 
Read char #2 RC=1 (5f) waited/max        7/4000000  uS 
Read char #3 RC=1 (da) waited/max        6/4000000  uS 
Read char #4 RC=1 (23) waited/max        7/4000000  uS 
Read char #5 RC=1 (bf) waited/max        7/4000000  uS 
Read char #6 RC=0 (00) waited/max   402924/4000000  uS 
answer:  Got -1 characters

Elapsed time since last comm 0 us
Attempt 3
Clearing read buffer Success!
szSerBufferSave OK! 02 4e 03 00 00 00 00 00 00 00 
command: 02 4e 03 00 00 00 00 00 46 c5 
Flushing serial device buffer... Success!
Sending command... sent 10 characters
Draining serial device buffer... Success!
Cleared data buffer: 00 00 00 00 00 00 00 00 00 00 
Read char #1 RC=1 (00) waited/max     6885/4000000  uS 
Read char #2 RC=1 (01) waited/max        7/4000000  uS 
Read char #3 RC=1 (5f) waited/max        7/4000000  uS 
Read char #4 RC=1 (da) waited/max        7/4000000  uS 
Read char #5 RC=1 (23) waited/max        6/4000000  uS 
Read char #6 RC=1 (bf) waited/max        7/4000000  uS 
Read char #7 RC=0 (00) 
answer:  Got -1 characters
_ERROR_ (78 3)

Restoring Serial Port settings /dev/ttyUSB0... Success!
Flushing serial device buffer... Success!
Closing Serial Port /dev/ttyUSB0... Success!

devLCKfile: </var/lock/LCK..ttyUSB0>
devLCKfileNew: </var/lock/LCK..ttyUSB0.19618>
Clearing Serial Port Lock (19618)... done.

20200225-09:18:33: aurora: ERROR: Received bad return code (-1 78 3)

Complete 20200225-09:18:33

