
aurora -b -a 2 -c -T -d0 -e /dev/ttyUSB0 

szttyDevice: /dev/ttyUSB0
yDelay:     1
yTimeout    0 mS
yMaxRunTime ~
devLCKfile: </var/lock/LCK..ttyUSB0>
devLCKfileNew: </var/lock/LCK..ttyUSB0.30017>
Got Params

RunTime     20200225-09:49:25 v1.9.3 
Endian    : Little
tm_gmtoff : yes
PID       : 30017

Attempting to get lock on Serial Port /dev/ttyUSB0...
Checking for lock
PID: 30017 COMMAND: "aurora" LckPID: 30017 LckCOMMAND: "aurora" LckPIDcommand "aurora" = me
Appears we got the lock.

Opening Serial Port /dev/ttyUSB0...  Serial Port /dev/ttyUSB0 successfully opened.
Configuring serial device... Flushing unread data first...  Success!
Flushing serial device buffer... Success!

Comm Check: Let's see if the Aurora is listening... 
Elapsed time since last comm 0 us
Attempt 1
Clearing read buffer Success!
szSerBufferSave OK! 02 3a 00 00 00 00 00 00 00 00 
command: 02 3a 00 00 00 00 00 00 01 b7 
Flushing serial device buffer... Success!
Sending command... sent 10 characters
Draining serial device buffer... Success!
Cleared data buffer: 00 00 00 00 00 00 00 00 00 00 
Read char #1 RC=1 (68) waited/max    12552/1000000  uS 
Read char #2 RC=0 (00) waited/max   105344/1000000  uS 
answer:  Got -1 characters
Comm Check: Failure, aborting...

Restoring Serial Port settings /dev/ttyUSB0... Success!
Flushing serial device buffer... Success!
Closing Serial Port /dev/ttyUSB0... Success!

devLCKfile: </var/lock/LCK..ttyUSB0>
devLCKfileNew: </var/lock/LCK..ttyUSB0.30017>
Clearing Serial Port Lock (30017)... done.

20200225-09:49:25: aurora: ERROR: Received bad return code (-1 0)

Complete 20200225-09:49:25

