
aurora -b -a 2 -c -T -Y6 -l5 -d0 -e /dev/ttyUSB0 

szttyDevice: /dev/ttyUSB0
yDelay:     5
yTimeout    0 mS
yMaxRunTime ~
devLCKfile: </var/lock/LCK..ttyUSB0>
devLCKfileNew: </var/lock/LCK..ttyUSB0.3750>
Got Params

RunTime     20200228-06:46:58 v1.9.3 
Endian    : Little
tm_gmtoff : yes
PID       : 3750

Attempting to get lock on Serial Port /dev/ttyUSB0...
Checking for lock
PID: 3750 COMMAND: "aurora" LckPID: 3750 LckCOMMAND: "aurora" LckPIDcommand "aurora" = me
Appears we got the lock.

Opening Serial Port /dev/ttyUSB0...  Serial Port /dev/ttyUSB0 successfully opened.
Configuring serial device... Flushing unread data first...  Success!
Flushing serial device buffer... Success!

Comm Check: Let's see if the Aurora is listening... 
Elapsed time since last comm 0 us
Attempt 1
Clearing read buffer Success!
szSerBufferSave OK! 02 3a 00 00 00 00 00 00 00 00 
command: 02 3a 00 00 00 00 00 00 01 b7 
Flushing serial device buffer... Success!
Sending command... sent 10 characters
Draining serial device buffer... Success!
Cleared data buffer: 00 00 00 00 00 00 00 00 00 00 
Read char #1 RC=1 (00) waited/max     1909/5000000  uS 
Read char #2 RC=1 (01) waited/max        7/5000000  uS 
Read char #3 RC=1 (33) waited/max        7/5000000  uS 
Read char #4 RC=1 (55) waited/max        7/5000000  uS 
Read char #5 RC=1 (4e) waited/max        7/5000000  uS 
Read char #6 RC=1 (4e) waited/max        6/5000000  uS 
Read char #7 RC=1 (a6) waited/max        6/5000000  uS 
Read char #8 RC=1 (58) waited/max        7/5000000  uS 
answer:  00 01 33 55 4e 4e a6 58 
received 8 characters
CRC receive OK 58a6
Transmission State Check: 0
Model ID "3" qMultiplier -1.0000000 -- PVI-3.6-OUTD --
Comm Check: OK

Elapsed time since last comm 201 us
Attempt 1
Clearing read buffer Success!
szSerBufferSave OK! 02 3b 04 00 00 00 00 00 00 00 
command: 02 3b 04 00 00 00 00 00 78 38 
Flushing serial device buffer... Success!
Sending command... sent 10 characters
Draining serial device buffer... Success!
Cleared data buffer: 00 00 00 00 00 00 00 00 00 00 
Read char #1 RC=1 (00) waited/max    18392/5000000  uS 
Read char #2 RC=1 (01) waited/max        8/5000000  uS 
Read char #3 RC=1 (42) waited/max        6/5000000  uS 
Read char #4 RC=1 (47) waited/max        7/5000000  uS 
Read char #5 RC=1 (de) waited/max        6/5000000  uS 
Read char #6 RC=1 (3b) waited/max        6/5000000  uS 
Read char #7 RC=1 (02) waited/max        6/5000000  uS 
Read char #8 RC=1 (13) waited/max        7/5000000  uS 
answer:  00 01 42 47 de 3b 02 13 
received 8 characters
CRC receive OK 1302
Transmission State Check: 0
szCvrtFloat    49.967022 0x4247de3b
value        49.967022

Elapsed time since last comm 80 us
Attempt 1
Clearing read buffer Success!
szSerBufferSave OK! 02 3b 01 00 00 00 00 00 00 00 
command: 02 3b 01 00 00 00 00 00 ff 2c 
Flushing serial device buffer... Success!
Sending command... sent 10 characters
Draining serial device buffer... Success!
Cleared data buffer: 00 00 00 00 00 00 00 00 00 00 
Read char #1 RC=1 (00) waited/max    10880/5000000  uS 
Read char #2 RC=1 (01) waited/max        8/5000000  uS 
Read char #3 RC=1 (43) waited/max        6/5000000  uS 
Read char #4 RC=1 (73) waited/max        7/5000000  uS 
Read char #5 RC=1 (90) waited/max        7/5000000  uS 
Read char #6 RC=1 (d3) waited/max        7/5000000  uS 
Read char #7 RC=1 (46) waited/max        7/5000000  uS 
Read char #8 RC=1 (5d) waited/max        7/5000000  uS 
answer:  00 01 43 73 90 d3 46 5d 
received 8 characters
CRC receive OK 5d46
Transmission State Check: 0
szCvrtFloat   243.565720 0x437390d3
value       243.565720

Elapsed time since last comm 76 us
Attempt 1
Clearing read buffer Success!
szSerBufferSave OK! 02 3b 02 00 00 00 00 00 00 00 
command: 02 3b 02 00 00 00 00 00 82 20 
Flushing serial device buffer... Success!
Sending command... sent 10 characters
Draining serial device buffer... Success!
Cleared data buffer: 00 00 00 00 00 00 00 00 00 00 
Read char #1 RC=1 (00) waited/max    13385/5000000  uS 
Read char #2 RC=1 (01) waited/max        7/5000000  uS 
Read char #3 RC=1 (3f) waited/max        6/5000000  uS 
Read char #4 RC=1 (55) waited/max        7/5000000  uS 
Read char #5 RC=1 (e8) waited/max        7/5000000  uS 
Read char #6 RC=1 (a2) waited/max        6/5000000  uS 
Read char #7 RC=1 (df) waited/max        7/5000000  uS 
Read char #8 RC=1 (19) waited/max        7/5000000  uS 
answer:  00 01 3f 55 e8 a2 df 19 
received 8 characters
CRC receive OK 19df
Transmission State Check: 0
szCvrtFloat     0.835581 0x3f55e8a2
value         0.835581

Elapsed time since last comm 74 us
Attempt 1
Clearing read buffer Success!
szSerBufferSave OK! 02 3b 03 00 00 00 00 00 00 00 
command: 02 3b 03 00 00 00 00 00 a9 24 
Flushing serial device buffer... Success!
Sending command... sent 10 characters
Draining serial device buffer... Success!
Cleared data buffer: 00 00 00 00 00 00 00 00 00 00 
Read char #1 RC=1 (00) waited/max    15854/5000000  uS 
Read char #2 RC=1 (01) waited/max        7/5000000  uS 
Read char #3 RC=1 (00) waited/max        6/5000000  uS 
Read char #4 RC=1 (00) waited/max        6/5000000  uS 
Read char #5 RC=1 (00) waited/max        6/5000000  uS 
Read char #6 RC=1 (00) waited/max        7/5000000  uS 
Read char #7 RC=1 (cb) waited/max        7/5000000  uS 
Read char #8 RC=1 (fc) waited/max        6/5000000  uS 
answer:  00 01 00 00 00 00 cb fc 
received 8 characters
CRC receive OK fccb
Transmission State Check: 0
szCvrtFloat     0.000000 0x00000000
value         0.000000

Elapsed time since last comm 71 us
Attempt 1
Clearing read buffer Success!
szSerBufferSave OK! 02 3b 17 00 00 00 00 00 00 00 
command: 02 3b 17 00 00 00 00 00 b5 76 
Flushing serial device buffer... Success!
Sending command... sent 10 characters
Draining serial device buffer... Success!
Cleared data buffer: 00 00 00 00 00 00 00 00 00 00 
Read char #1 RC=1 (00) waited/max      341/5000000  uS 
Read char #2 RC=1 (01) waited/max        7/5000000  uS 
Read char #3 RC=1 (42) waited/max        7/5000000  uS 
Read char #4 RC=1 (ea) waited/max        7/5000000  uS 
Read char #5 RC=1 (9c) waited/max        7/5000000  uS 
Read char #6 RC=1 (37) waited/max    15585/5000000  uS 
Read char #7 RC=1 (10) waited/max        7/5000000  uS 
Read char #8 RC=1 (5c) waited/max        6/5000000  uS 
answer:  00 01 42 ea 9c 37 10 5c 
received 8 characters
CRC receive OK 5c10
Transmission State Check: 0
szCvrtFloat   117.305107 0x42ea9c37
value       117.305107

Elapsed time since last comm 78 us
Attempt 1
Clearing read buffer Success!
szSerBufferSave OK! 02 3b 19 00 00 00 00 00 00 00 
command: 02 3b 19 00 00 00 00 00 17 4f 
Flushing serial device buffer... Success!
Sending command... sent 10 characters
Draining serial device buffer... Success!
Cleared data buffer: 00 00 00 00 00 00 00 00 00 00 
Read char #1 RC=1 (00) waited/max     8827/5000000  uS 
Read char #2 RC=1 (01) waited/max        8/5000000  uS 
Read char #3 RC=1 (3d) waited/max        7/5000000  uS 
Read char #4 RC=1 (00) waited/max        7/5000000  uS 
Read char #5 RC=1 (b0) waited/max        7/5000000  uS 
Read char #6 RC=1 (95) waited/max        6/5000000  uS 
Read char #7 RC=1 (fc) waited/max        7/5000000  uS 
Read char #8 RC=1 (c2) waited/max        7/5000000  uS 
answer:  00 01 3d 00 b0 95 fc c2 
received 8 characters
CRC receive OK c2fc
Transmission State Check: 0
szCvrtFloat     0.031418 0x3d00b095
value         0.031418

Elapsed time since last comm 77 us
Attempt 1
Clearing read buffer Success!
szSerBufferSave OK! 02 3b 1a 00 00 00 00 00 00 00 
command: 02 3b 1a 00 00 00 00 00 6a 43 
Flushing serial device buffer... Success!
Sending command... sent 10 characters
Draining serial device buffer... Success!
Cleared data buffer: 00 00 00 00 00 00 00 00 00 00 
Read char #1 RC=1 (00) waited/max    27160/5000000  uS 
Read char #2 RC=1 (01) waited/max        8/5000000  uS 
Read char #3 RC=1 (42) waited/max        7/5000000  uS 
Read char #4 RC=1 (e8) waited/max        7/5000000  uS 
Read char #5 RC=1 (f6) waited/max        6/5000000  uS 
Read char #6 RC=1 (3f) waited/max        7/5000000  uS 
Read char #7 RC=1 (c5) waited/max        6/5000000  uS 
Read char #8 RC=1 (fd) waited/max        7/5000000  uS 
answer:  00 01 42 e8 f6 3f c5 fd 
received 8 characters
CRC receive OK fdc5
Transmission State Check: 0
szCvrtFloat   116.480949 0x42e8f63f
value       116.480949

Elapsed time since last comm 82 us
Attempt 1
Clearing read buffer Success!
szSerBufferSave OK! 02 3b 1b 00 00 00 00 00 00 00 
command: 02 3b 1b 00 00 00 00 00 41 47 
Flushing serial device buffer... Success!
Sending command... sent 10 characters
Draining serial device buffer... Success!
Cleared data buffer: 00 00 00 00 00 00 00 00 00 00 
Read char #1 RC=1 (e6) waited/max     9799/5000000  uS 
Read char #2 RC=1 (fb) waited/max        7/5000000  uS 
Read char #3 RC=1 (4d) waited/max        6/5000000  uS 
Read char #4 RC=1 (34) waited/max        7/5000000  uS 
Read char #5 RC=1 (f9) waited/max        7/5000000  uS 
Read char #6 RC=0 (00) waited/max   508438/5000000  uS 
answer:  Got -1 characters

Elapsed time since last comm 0 us
Attempt 2
Clearing read buffer Success!
szSerBufferSave OK! 02 3b 1b 00 00 00 00 00 00 00 
command: 02 3b 1b 00 00 00 00 00 41 47 
Flushing serial device buffer... Success!
Sending command... sent 10 characters
Draining serial device buffer... Success!
Cleared data buffer: 00 00 00 00 00 00 00 00 00 00 
Read char #1 RC=1 (00) waited/max    44141/5000000  uS 
Read char #2 RC=1 (01) waited/max        8/5000000  uS 
Read char #3 RC=1 (3c) waited/max        7/5000000  uS 
Read char #4 RC=1 (e6) waited/max        7/5000000  uS 
Read char #5 RC=1 (fb) waited/max        7/5000000  uS 
Read char #6 RC=1 (4d) waited/max        7/5000000  uS 
Read char #7 RC=1 (34) waited/max        7/5000000  uS 
Read char #8 RC=1 (f9) waited/max        7/5000000  uS 
answer:  00 01 3c e6 fb 4d 34 f9 
received 8 characters
CRC receive OK f934
Transmission State Check: 0
szCvrtFloat     0.028196 0x3ce6fb4d
value         0.028196

Elapsed time since last comm 82 us
Attempt 1
Clearing read buffer Success!
szSerBufferSave OK! 02 3b 15 00 00 00 00 00 00 00 
command: 02 3b 15 00 00 00 00 00 e3 7e 
Flushing serial device buffer... Success!
Sending command... sent 10 characters
Draining serial device buffer... Success!
Cleared data buffer: 00 00 00 00 00 00 00 00 00 00 
Read char #1 RC=1 (00) waited/max     6630/5000000  uS 
Read char #2 RC=1 (01) waited/max        7/5000000  uS 
Read char #3 RC=1 (00) waited/max        7/5000000  uS 
Read char #4 RC=1 (00) waited/max        7/5000000  uS 
Read char #5 RC=1 (00) waited/max        6/5000000  uS 
Read char #6 RC=1 (00) waited/max        6/5000000  uS 
Read char #7 RC=1 (cb) waited/max        6/5000000  uS 
Read char #8 RC=1 (fc) waited/max        7/5000000  uS 
answer:  00 01 00 00 00 00 cb fc 
received 8 characters
CRC receive OK fccb
Transmission State Check: 0
szCvrtFloat     0.000000 0x00000000
value         0.000000

Elapsed time since last comm 127 us
Attempt 1
Clearing read buffer Success!
szSerBufferSave OK! 02 3b 16 00 00 00 00 00 00 00 
command: 02 3b 16 00 00 00 00 00 9e 72 
Flushing serial device buffer... Success!
Sending command... sent 10 characters
Draining serial device buffer... Success!
Cleared data buffer: 00 00 00 00 00 00 00 00 00 00 
Read char #1 RC=1 (00) waited/max     9139/5000000  uS 
Read char #2 RC=1 (01) waited/max        7/5000000  uS 
Read char #3 RC=1 (00) waited/max        6/5000000  uS 
Read char #4 RC=1 (00) waited/max        7/5000000  uS 
Read char #5 RC=1 (00) waited/max        7/5000000  uS 
Read char #6 RC=1 (00) waited/max        6/5000000  uS 
Read char #7 RC=1 (cb) waited/max        7/5000000  uS 
Read char #8 RC=1 (fc) waited/max        7/5000000  uS 
answer:  00 01 00 00 00 00 cb fc 
received 8 characters
CRC receive OK fccb
Transmission State Check: 0
szCvrtFloat     0.000000 0x00000000
value         0.000000

Attempting to get Partial Energy value 
Elapsed time since last comm 131 us
Attempt 1
Clearing read buffer Success!
szSerBufferSave OK! 02 4e 06 00 00 00 00 00 00 00 
command: 02 4e 06 00 00 00 00 00 c1 d1 
Flushing serial device buffer... Success!
Sending command... sent 10 characters
Draining serial device buffer... Success!
Cleared data buffer: 00 00 00 00 00 00 00 00 00 00 
Read char #1 RC=1 (00) waited/max    27583/5000000  uS 
Read char #2 RC=1 (01) waited/max        7/5000000  uS 
Read char #3 RC=1 (00) waited/max        7/5000000  uS 
Read char #4 RC=1 (02) waited/max        7/5000000  uS 
Read char #5 RC=1 (ea) waited/max        7/5000000  uS 
Read char #6 RC=1 (d4) waited/max        7/5000000  uS 
Read char #7 RC=1 (33) waited/max        6/5000000  uS 
Read char #8 RC=1 (cd) waited/max        6/5000000  uS 
answer:  00 01 00 02 ea d4 33 cd 
received 8 characters
CRC receive OK cd33
Transmission State Check: 0
szCvrtLong         191188 0x0002ead4
value              191188

Elapsed time since last comm 115 us
Attempt 1
Clearing read buffer Success!
szSerBufferSave OK! 02 4e 00 00 00 00 00 00 00 00 
command: 02 4e 00 00 00 00 00 00 3b c9 
Flushing serial device buffer... Success!
Sending command... sent 10 characters
Draining serial device buffer... Success!
Cleared data buffer: 00 00 00 00 00 00 00 00 00 00 
Read char #1 RC=0 (00) waited/max   509085/5000000  uS 
answer:  Got -1 characters

Elapsed time since last comm 0 us
Attempt 2
Clearing read buffer Success!
szSerBufferSave OK! 02 4e 00 00 00 00 00 00 00 00 
command: 02 4e 00 00 00 00 00 00 3b c9 
Flushing serial device buffer... Success!
Sending command... sent 10 characters
Draining serial device buffer... Success!
Cleared data buffer: 00 00 00 00 00 00 00 00 00 00 
Read char #1 RC=1 (00) waited/max     6418/5000000  uS 
Read char #2 RC=1 (01) waited/max        7/5000000  uS 
Read char #3 RC=1 (00) waited/max        7/5000000  uS 
Read char #4 RC=1 (00) waited/max        7/5000000  uS 
Read char #5 RC=1 (00) waited/max        7/5000000  uS 
Read char #6 RC=1 (00) waited/max        7/5000000  uS 
Read char #7 RC=1 (cb) waited/max        7/5000000  uS 
Read char #8 RC=1 (fc) waited/max        7/5000000  uS 
answer:  00 01 00 00 00 00 cb fc 
received 8 characters
CRC receive OK fccb
Transmission State Check: 0
szCvrtLong              0 0x00000000
value                   0

Elapsed time since last comm 60 us
Attempt 1
Clearing read buffer Success!
szSerBufferSave OK! 02 4e 01 00 00 00 00 00 00 00 
command: 02 4e 01 00 00 00 00 00 10 cd 
Flushing serial device buffer... Success!
Sending command... sent 10 characters
Draining serial device buffer... Success!
Cleared data buffer: 00 00 00 00 00 00 00 00 00 00 
Read char #1 RC=1 (48) waited/max     8902/5000000  uS 
Read char #2 RC=1 (44) waited/max        8/5000000  uS 
Read char #3 RC=1 (4d) waited/max        7/5000000  uS 
Read char #4 RC=1 (70) waited/max        7/5000000  uS 
Read char #5 RC=0 (00) 
answer:  Got -1 characters

Elapsed time since last comm 0 us
Attempt 2
Clearing read buffer Success!
szSerBufferSave OK! 02 4e 01 00 00 00 00 00 00 00 
command: 02 4e 01 00 00 00 00 00 10 cd 
Flushing serial device buffer... Success!
Sending command... sent 10 characters
Draining serial device buffer... Success!
Cleared data buffer: 00 00 00 00 00 00 00 00 00 00 
Read char #1 RC=1 (44) waited/max    13236/5000000  uS 
Read char #2 RC=1 (4d) waited/max        8/5000000  uS 
Read char #3 RC=1 (70) waited/max        6/5000000  uS 
Read char #4 RC=0 (00) waited/max   504964/5000000  uS 
answer:  Got -1 characters

Elapsed time since last comm 0 us
Attempt 3
Clearing read buffer Success!
szSerBufferSave OK! 02 4e 01 00 00 00 00 00 00 00 
command: 02 4e 01 00 00 00 00 00 10 cd 
Flushing serial device buffer... Success!
Sending command... sent 10 characters
Draining serial device buffer... Success!
Cleared data buffer: 00 00 00 00 00 00 00 00 00 00 
Read char #1 RC=1 (00) waited/max     1569/5000000  uS 
Read char #2 RC=1 (01) waited/max        7/5000000  uS 
Read char #3 RC=1 (00) waited/max        6/5000000  uS 
Read char #4 RC=1 (00) waited/max        7/5000000  uS 
Read char #5 RC=1 (48) waited/max    15676/5000000  uS 
Read char #6 RC=1 (44) waited/max        7/5000000  uS 
Read char #7 RC=1 (4d) waited/max        7/5000000  uS 
Read char #8 RC=1 (70) waited/max        7/5000000  uS 
answer:  00 01 00 00 48 44 4d 70 
received 8 characters
CRC receive OK 704d
Transmission State Check: 0
szCvrtLong          18500 0x00004844
value               18500

Elapsed time since last comm 119 us
Attempt 1
Clearing read buffer Success!
szSerBufferSave OK! 02 4e 03 00 00 00 00 00 00 00 
command: 02 4e 03 00 00 00 00 00 46 c5 
Flushing serial device buffer... Success!
Sending command... sent 10 characters
Draining serial device buffer... Success!
Cleared data buffer: 00 00 00 00 00 00 00 00 00 00 
Read char #1 RC=1 (01) waited/max     8048/5000000  uS 
Read char #2 RC=1 (92) waited/max        7/5000000  uS 
Read char #3 RC=1 (b1) waited/max        6/5000000  uS 
Read char #4 RC=1 (f8) waited/max        7/5000000  uS 
Read char #5 RC=1 (28) waited/max        7/5000000  uS 
Read char #6 RC=0 (00) 
answer:  Got -1 characters

Elapsed time since last comm 0 us
Attempt 2
Clearing read buffer Success!
szSerBufferSave OK! 02 4e 03 00 00 00 00 00 00 00 
command: 02 4e 03 00 00 00 00 00 46 c5 
Flushing serial device buffer... Success!
Sending command... sent 10 characters
Draining serial device buffer... Success!
Cleared data buffer: 00 00 00 00 00 00 00 00 00 00 
Read char #1 RC=0 (00) waited/max   507790/5000000  uS 
answer:  Got -1 characters

Elapsed time since last comm 0 us
Attempt 3
Clearing read buffer Success!
szSerBufferSave OK! 02 4e 03 00 00 00 00 00 00 00 
command: 02 4e 03 00 00 00 00 00 46 c5 
Flushing serial device buffer... Success!
Sending command... sent 10 characters
Draining serial device buffer... Success!
Cleared data buffer: 00 00 00 00 00 00 00 00 00 00 
Read char #1 RC=0 (00) 
answer:  Got -1 characters

Elapsed time since last comm 0 us
Attempt 4
Clearing read buffer Success!
szSerBufferSave OK! 02 4e 03 00 00 00 00 00 00 00 
command: 02 4e 03 00 00 00 00 00 46 c5 
Flushing serial device buffer... Success!
Sending command... sent 10 characters
Draining serial device buffer... Success!
Cleared data buffer: 00 00 00 00 00 00 00 00 00 00 
Read char #1 RC=0 (00) waited/max   508652/5000000  uS 
answer:  Got -1 characters

Elapsed time since last comm 0 us
Attempt 5
Clearing read buffer Success!
szSerBufferSave OK! 02 4e 03 00 00 00 00 00 00 00 
command: 02 4e 03 00 00 00 00 00 46 c5 
Flushing serial device buffer... Success!
Sending command... sent 10 characters
Draining serial device buffer... Success!
Cleared data buffer: 00 00 00 00 00 00 00 00 00 00 
Read char #1 RC=0 (00) 
answer:  Got -1 characters

Elapsed time since last comm 0 us
Attempt 6
Clearing read buffer Success!
szSerBufferSave OK! 02 4e 03 00 00 00 00 00 00 00 
command: 02 4e 03 00 00 00 00 00 46 c5 
Flushing serial device buffer... Success!
Sending command... sent 10 characters
Draining serial device buffer... Success!
Cleared data buffer: 00 00 00 00 00 00 00 00 00 00 
Read char #1 RC=0 (00) waited/max   507465/5000000  uS 
answer:  Got -1 characters
_ERROR_ (78 3)

Restoring Serial Port settings /dev/ttyUSB0... Success!
Flushing serial device buffer... Success!
Closing Serial Port /dev/ttyUSB0... Success!

devLCKfile: </var/lock/LCK..ttyUSB0>
devLCKfileNew: </var/lock/LCK..ttyUSB0.3750>
Clearing Serial Port Lock (3750)... done.

20200228-06:47:03: aurora: ERROR: Received bad return code (-1 78 3)

Complete 20200228-06:47:03

