
aurora -b -a 2 -c -T -Y6 -l5 -d0 -e /dev/ttyUSB0 

szttyDevice: /dev/ttyUSB0
yDelay:     5
yTimeout    0 mS
yMaxRunTime ~
devLCKfile: </var/lock/LCK..ttyUSB0>
devLCKfileNew: </var/lock/LCK..ttyUSB0.10157>
Got Params

RunTime     20200227-06:53:46 v1.9.3 
Endian    : Little
tm_gmtoff : yes
PID       : 10157

Attempting to get lock on Serial Port /dev/ttyUSB0...
Checking for lock
PID: 10157 COMMAND: "aurora" LckPID: 10157 LckCOMMAND: "aurora" LckPIDcommand "aurora" = me
Appears we got the lock.

Opening Serial Port /dev/ttyUSB0...  Serial Port /dev/ttyUSB0 successfully opened.
Configuring serial device... Flushing unread data first...  Success!
Flushing serial device buffer... Success!

Comm Check: Let's see if the Aurora is listening... 
Elapsed time since last comm 0 us
Attempt 1
Clearing read buffer Success!
szSerBufferSave OK! 02 3a 00 00 00 00 00 00 00 00 
command: 02 3a 00 00 00 00 00 00 01 b7 
Flushing serial device buffer... Success!
Sending command... sent 10 characters
Draining serial device buffer... Success!
Cleared data buffer: 00 00 00 00 00 00 00 00 00 00 
Read char #1 RC=1 (00) waited/max    25378/5000000  uS 
Read char #2 RC=1 (01) waited/max        8/5000000  uS 
Read char #3 RC=1 (33) waited/max        8/5000000  uS 
Read char #4 RC=1 (55) waited/max        7/5000000  uS 
Read char #5 RC=1 (4e) waited/max        7/5000000  uS 
Read char #6 RC=1 (4e) waited/max        7/5000000  uS 
Read char #7 RC=1 (a6) waited/max        7/5000000  uS 
Read char #8 RC=1 (58) waited/max        7/5000000  uS 
answer:  00 01 33 55 4e 4e a6 58 
received 8 characters
CRC receive OK 58a6
Transmission State Check: 0
Model ID "3" qMultiplier -1.0000000 -- PVI-3.6-OUTD --
Comm Check: OK

Elapsed time since last comm 201 us
Attempt 1
Clearing read buffer Success!
szSerBufferSave OK! 02 3b 04 00 00 00 00 00 00 00 
command: 02 3b 04 00 00 00 00 00 78 38 
Flushing serial device buffer... Success!
Sending command... sent 10 characters
Draining serial device buffer... Success!
Cleared data buffer: 00 00 00 00 00 00 00 00 00 00 
Read char #1 RC=1 (00) waited/max     7872/5000000  uS 
Read char #2 RC=1 (01) waited/max        8/5000000  uS 
Read char #3 RC=1 (42) waited/max        7/5000000  uS 
Read char #4 RC=1 (47) waited/max        7/5000000  uS 
Read char #5 RC=1 (d5) waited/max        7/5000000  uS 
Read char #6 RC=1 (07) waited/max        7/5000000  uS 
Read char #7 RC=1 (45) waited/max        7/5000000  uS 
Read char #8 RC=1 (0c) waited/max        7/5000000  uS 
answer:  00 01 42 47 d5 07 45 0c 
received 8 characters
CRC receive OK 0c45
Transmission State Check: 0
szCvrtFloat    49.958035 0x4247d507
value        49.958035

Elapsed time since last comm 77 us
Attempt 1
Clearing read buffer Success!
szSerBufferSave OK! 02 3b 01 00 00 00 00 00 00 00 
command: 02 3b 01 00 00 00 00 00 ff 2c 
Flushing serial device buffer... Success!
Sending command... sent 10 characters
Draining serial device buffer... Success!
Cleared data buffer: 00 00 00 00 00 00 00 00 00 00 
Read char #1 RC=1 (00) waited/max     8362/5000000  uS 
Read char #2 RC=1 (01) waited/max        7/5000000  uS 
Read char #3 RC=1 (43) waited/max        7/5000000  uS 
Read char #4 RC=1 (73) waited/max        7/5000000  uS 
Read char #5 RC=1 (de) waited/max        7/5000000  uS 
Read char #6 RC=1 (66) waited/max        7/5000000  uS 
Read char #7 RC=1 (16) waited/max        7/5000000  uS 
Read char #8 RC=1 (63) waited/max        7/5000000  uS 
answer:  00 01 43 73 de 66 16 63 
received 8 characters
CRC receive OK 6316
Transmission State Check: 0
szCvrtFloat   243.868744 0x4373de66
value       243.868744

Elapsed time since last comm 76 us
Attempt 1
Clearing read buffer Success!
szSerBufferSave OK! 02 3b 02 00 00 00 00 00 00 00 
command: 02 3b 02 00 00 00 00 00 82 20 
Flushing serial device buffer... Success!
Sending command... sent 10 characters
Draining serial device buffer... Success!
Cleared data buffer: 00 00 00 00 00 00 00 00 00 00 
Read char #1 RC=1 (00) waited/max    26861/5000000  uS 
Read char #2 RC=1 (01) waited/max        9/5000000  uS 
Read char #3 RC=1 (3f) waited/max        7/5000000  uS 
Read char #4 RC=1 (55) waited/max        8/5000000  uS 
Read char #5 RC=1 (e8) waited/max        7/5000000  uS 
Read char #6 RC=1 (a2) waited/max        7/5000000  uS 
Read char #7 RC=1 (df) waited/max        6/5000000  uS 
Read char #8 RC=1 (19) waited/max        7/5000000  uS 
answer:  00 01 3f 55 e8 a2 df 19 
received 8 characters
CRC receive OK 19df
Transmission State Check: 0
szCvrtFloat     0.835581 0x3f55e8a2
value         0.835581

Elapsed time since last comm 75 us
Attempt 1
Clearing read buffer Success!
szSerBufferSave OK! 02 3b 03 00 00 00 00 00 00 00 
command: 02 3b 03 00 00 00 00 00 a9 24 
Flushing serial device buffer... Success!
Sending command... sent 10 characters
Draining serial device buffer... Success!
Cleared data buffer: 00 00 00 00 00 00 00 00 00 00 
Read char #1 RC=0 (00) waited/max   508146/5000000  uS 
answer:  Got -1 characters

Elapsed time since last comm 0 us
Attempt 2
Clearing read buffer Success!
szSerBufferSave OK! 02 3b 03 00 00 00 00 00 00 00 
command: 02 3b 03 00 00 00 00 00 a9 24 
Flushing serial device buffer... Success!
Sending command... sent 10 characters
Draining serial device buffer... Success!
Cleared data buffer: 00 00 00 00 00 00 00 00 00 00 
Read char #1 RC=1 (00) waited/max     7670/5000000  uS 
Read char #2 RC=1 (01) waited/max        8/5000000  uS 
Read char #3 RC=1 (00) waited/max        7/5000000  uS 
Read char #4 RC=1 (00) waited/max        7/5000000  uS 
Read char #5 RC=1 (00) waited/max        7/5000000  uS 
Read char #6 RC=1 (00) waited/max        7/5000000  uS 
Read char #7 RC=1 (cb) waited/max        7/5000000  uS 
Read char #8 RC=1 (fc) waited/max        7/5000000  uS 
answer:  00 01 00 00 00 00 cb fc 
received 8 characters
CRC receive OK fccb
Transmission State Check: 0
szCvrtFloat     0.000000 0x00000000
value         0.000000

Elapsed time since last comm 76 us
Attempt 1
Clearing read buffer Success!
szSerBufferSave OK! 02 3b 17 00 00 00 00 00 00 00 
command: 02 3b 17 00 00 00 00 00 b5 76 
Flushing serial device buffer... Success!
Sending command... sent 10 characters
Draining serial device buffer... Success!
Cleared data buffer: 00 00 00 00 00 00 00 00 00 00 
Read char #1 RC=1 (00) waited/max    10170/5000000  uS 
Read char #2 RC=1 (01) waited/max        8/5000000  uS 
Read char #3 RC=1 (42) waited/max        7/5000000  uS 
Read char #4 RC=1 (fb) waited/max        7/5000000  uS 
Read char #5 RC=1 (0d) waited/max        6/5000000  uS 
Read char #6 RC=1 (da) waited/max        7/5000000  uS 
Read char #7 RC=1 (37) waited/max        7/5000000  uS 
Read char #8 RC=1 (bf) waited/max        7/5000000  uS 
answer:  00 01 42 fb 0d da 37 bf 
received 8 characters
CRC receive OK bf37
Transmission State Check: 0
szCvrtFloat   125.527054 0x42fb0dda
value       125.527054

Elapsed time since last comm 77 us
Attempt 1
Clearing read buffer Success!
szSerBufferSave OK! 02 3b 19 00 00 00 00 00 00 00 
command: 02 3b 19 00 00 00 00 00 17 4f 
Flushing serial device buffer... Success!
Sending command... sent 10 characters
Draining serial device buffer... Success!
Cleared data buffer: 00 00 00 00 00 00 00 00 00 00 
Read char #1 RC=1 (00) waited/max    10658/5000000  uS 
Read char #2 RC=1 (01) waited/max        7/5000000  uS 
Read char #3 RC=1 (3d) waited/max        7/5000000  uS 
Read char #4 RC=1 (0d) waited/max        7/5000000  uS 
Read char #5 RC=1 (e3) waited/max        7/5000000  uS 
Read char #6 RC=1 (83) waited/max        6/5000000  uS 
Read char #7 RC=1 (ab) waited/max        7/5000000  uS 
Read char #8 RC=1 (b1) waited/max        7/5000000  uS 
answer:  00 01 3d 0d e3 83 ab b1 
received 8 characters
CRC receive OK b1ab
Transmission State Check: 0
szCvrtFloat     0.034641 0x3d0de383
value         0.034641

Elapsed time since last comm 72 us
Attempt 1
Clearing read buffer Success!
szSerBufferSave OK! 02 3b 1a 00 00 00 00 00 00 00 
command: 02 3b 1a 00 00 00 00 00 6a 43 
Flushing serial device buffer... Success!
Sending command... sent 10 characters
Draining serial device buffer... Success!
Cleared data buffer: 00 00 00 00 00 00 00 00 00 00 
Read char #1 RC=1 (49) waited/max    13207/5000000  uS 
Read char #2 RC=1 (be) waited/max        7/5000000  uS 
Read char #3 RC=1 (ab) waited/max        7/5000000  uS 
Read char #4 RC=1 (0e) waited/max        7/5000000  uS 
Read char #5 RC=0 (00) waited/max   504569/5000000  uS 
answer:  Got -1 characters

Elapsed time since last comm 0 us
Attempt 2
Clearing read buffer Success!
szSerBufferSave OK! 02 3b 1a 00 00 00 00 00 00 00 
command: 02 3b 1a 00 00 00 00 00 6a 43 
Flushing serial device buffer... Success!
Sending command... sent 10 characters
Draining serial device buffer... Success!
Cleared data buffer: 00 00 00 00 00 00 00 00 00 00 
Read char #1 RC=1 (00) waited/max     1536/5000000  uS 
Read char #2 RC=1 (01) waited/max        7/5000000  uS 
Read char #3 RC=1 (42) waited/max        7/5000000  uS 
Read char #4 RC=1 (e4) waited/max        7/5000000  uS 
Read char #5 RC=1 (d7) waited/max        7/5000000  uS 
Read char #6 RC=1 (53) waited/max        7/5000000  uS 
Read char #7 RC=1 (e7) waited/max        7/5000000  uS 
Read char #8 RC=1 (cb) waited/max        7/5000000  uS 
answer:  00 01 42 e4 d7 53 e7 cb 
received 8 characters
CRC receive OK cbe7
Transmission State Check: 0
szCvrtFloat   114.420555 0x42e4d753
value       114.420555

Elapsed time since last comm 82 us
Attempt 1
Clearing read buffer Success!
szSerBufferSave OK! 02 3b 1b 00 00 00 00 00 00 00 
command: 02 3b 1b 00 00 00 00 00 41 47 
Flushing serial device buffer... Success!
Sending command... sent 10 characters
Draining serial device buffer... Success!
Cleared data buffer: 00 00 00 00 00 00 00 00 00 00 
Read char #1 RC=1 (00) waited/max    14133/5000000  uS 
Read char #2 RC=1 (01) waited/max        8/5000000  uS 
Read char #3 RC=1 (3c) waited/max        7/5000000  uS 
Read char #4 RC=1 (d9) waited/max        7/5000000  uS 
Read char #5 RC=1 (c8) waited/max        7/5000000  uS 
Read char #6 RC=1 (5e) waited/max        7/5000000  uS 
Read char #7 RC=1 (8d) waited/max        7/5000000  uS 
Read char #8 RC=1 (8b) waited/max        7/5000000  uS 
answer:  00 01 3c d9 c8 5e 8d 8b 
received 8 characters
CRC receive OK 8b8d
Transmission State Check: 0
szCvrtFloat     0.026585 0x3cd9c85e
value         0.026585

Elapsed time since last comm 72 us
Attempt 1
Clearing read buffer Success!
szSerBufferSave OK! 02 3b 15 00 00 00 00 00 00 00 
command: 02 3b 15 00 00 00 00 00 e3 7e 
Flushing serial device buffer... Success!
Sending command... sent 10 characters
Draining serial device buffer... Success!
Cleared data buffer: 00 00 00 00 00 00 00 00 00 00 
Read char #1 RC=1 (00) waited/max    14584/5000000  uS 
Read char #2 RC=1 (01) waited/max        7/5000000  uS 
Read char #3 RC=1 (00) waited/max        7/5000000  uS 
Read char #4 RC=1 (00) waited/max        7/5000000  uS 
Read char #5 RC=1 (00) waited/max        6/5000000  uS 
Read char #6 RC=1 (00) waited/max        7/5000000  uS 
Read char #7 RC=1 (cb) waited/max        7/5000000  uS 
Read char #8 RC=1 (fc) waited/max        7/5000000  uS 
answer:  00 01 00 00 00 00 cb fc 
received 8 characters
CRC receive OK fccb
Transmission State Check: 0
szCvrtFloat     0.000000 0x00000000
value         0.000000

Elapsed time since last comm 70 us
Attempt 1
Clearing read buffer Success!
szSerBufferSave OK! 02 3b 16 00 00 00 00 00 00 00 
command: 02 3b 16 00 00 00 00 00 9e 72 
Flushing serial device buffer... Success!
Sending command... sent 10 characters
Draining serial device buffer... Success!
Cleared data buffer: 00 00 00 00 00 00 00 00 00 00 
Read char #1 RC=1 (00) waited/max     7071/5000000  uS 
Read char #2 RC=1 (01) waited/max        7/5000000  uS 
Read char #3 RC=1 (00) waited/max        8/5000000  uS 
Read char #4 RC=1 (00) waited/max        7/5000000  uS 
Read char #5 RC=1 (00) waited/max        7/5000000  uS 
Read char #6 RC=1 (00) waited/max        6/5000000  uS 
Read char #7 RC=1 (cb) waited/max        7/5000000  uS 
Read char #8 RC=1 (fc) waited/max        7/5000000  uS 
answer:  00 01 00 00 00 00 cb fc 
received 8 characters
CRC receive OK fccb
Transmission State Check: 0
szCvrtFloat     0.000000 0x00000000
value         0.000000

Attempting to get Partial Energy value 
Elapsed time since last comm 242 us
Attempt 1
Clearing read buffer Success!
szSerBufferSave OK! 02 4e 06 00 00 00 00 00 00 00 
command: 02 4e 06 00 00 00 00 00 c1 d1 
Flushing serial device buffer... Success!
Sending command... sent 10 characters
Draining serial device buffer... Success!
Cleared data buffer: 00 00 00 00 00 00 00 00 00 00 
Read char #1 RC=1 (b5) waited/max     9558/5000000  uS 
Read char #2 RC=0 (00) 
answer:  Got -1 characters

Elapsed time since last comm 0 us
Attempt 2
Clearing read buffer Success!
szSerBufferSave OK! 02 4e 06 00 00 00 00 00 00 00 
command: 02 4e 06 00 00 00 00 00 c1 d1 
Flushing serial device buffer... Success!
Sending command... sent 10 characters
Draining serial device buffer... Success!
Cleared data buffer: 00 00 00 00 00 00 00 00 00 00 
Read char #1 RC=1 (00) waited/max    13905/5000000  uS 
Read char #2 RC=1 (01) waited/max        7/5000000  uS 
Read char #3 RC=1 (00) waited/max        8/5000000  uS 
Read char #4 RC=1 (02) waited/max        7/5000000  uS 
Read char #5 RC=1 (d4) waited/max        7/5000000  uS 
Read char #6 RC=1 (e2) waited/max        7/5000000  uS 
Read char #7 RC=1 (34) waited/max        7/5000000  uS 
Read char #8 RC=1 (b5) waited/max        7/5000000  uS 
answer:  00 01 00 02 d4 e2 34 b5 
received 8 characters
CRC receive OK b534
Transmission State Check: 0
szCvrtLong         185570 0x0002d4e2
value              185570

Elapsed time since last comm 60 us
Attempt 1
Clearing read buffer Success!
szSerBufferSave OK! 02 4e 00 00 00 00 00 00 00 00 
command: 02 4e 00 00 00 00 00 00 3b c9 
Flushing serial device buffer... Success!
Sending command... sent 10 characters
Draining serial device buffer... Success!
Cleared data buffer: 00 00 00 00 00 00 00 00 00 00 
Read char #1 RC=1 (00) waited/max    14393/5000000  uS 
Read char #2 RC=1 (01) waited/max        8/5000000  uS 
Read char #3 RC=1 (00) waited/max        7/5000000  uS 
Read char #4 RC=1 (00) waited/max        7/5000000  uS 
Read char #5 RC=1 (00) waited/max        7/5000000  uS 
Read char #6 RC=1 (00) waited/max        6/5000000  uS 
Read char #7 RC=1 (cb) waited/max        7/5000000  uS 
Read char #8 RC=1 (fc) waited/max        7/5000000  uS 
answer:  00 01 00 00 00 00 cb fc 
received 8 characters
CRC receive OK fccb
Transmission State Check: 0
szCvrtLong              0 0x00000000
value                   0

Elapsed time since last comm 58 us
Attempt 1
Clearing read buffer Success!
szSerBufferSave OK! 02 4e 01 00 00 00 00 00 00 00 
command: 02 4e 01 00 00 00 00 00 10 cd 
Flushing serial device buffer... Success!
Sending command... sent 10 characters
Draining serial device buffer... Success!
Cleared data buffer: 00 00 00 00 00 00 00 00 00 00 
Read char #1 RC=0 (00) waited/max   508030/5000000  uS 
answer:  Got -1 characters

Elapsed time since last comm 0 us
Attempt 2
Clearing read buffer Success!
szSerBufferSave OK! 02 4e 01 00 00 00 00 00 00 00 
command: 02 4e 01 00 00 00 00 00 10 cd 
Flushing serial device buffer... Success!
Sending command... sent 10 characters
Draining serial device buffer... Success!
Cleared data buffer: 00 00 00 00 00 00 00 00 00 00 
Read char #1 RC=1 (00) waited/max     5201/5000000  uS 
Read char #2 RC=1 (01) waited/max        8/5000000  uS 
Read char #3 RC=1 (00) waited/max        7/5000000  uS 
Read char #4 RC=1 (00) waited/max        7/5000000  uS 
Read char #5 RC=1 (32) waited/max        7/5000000  uS 
Read char #6 RC=1 (5a) waited/max        7/5000000  uS 
Read char #7 RC=1 (06) waited/max        7/5000000  uS 
Read char #8 RC=1 (84) waited/max        7/5000000  uS 
answer:  00 01 00 00 32 5a 06 84 
received 8 characters
CRC receive OK 8406
Transmission State Check: 0
szCvrtLong          12890 0x0000325a
value               12890

Elapsed time since last comm 59 us
Attempt 1
Clearing read buffer Success!
szSerBufferSave OK! 02 4e 03 00 00 00 00 00 00 00 
command: 02 4e 03 00 00 00 00 00 46 c5 
Flushing serial device buffer... Success!
Sending command... sent 10 characters
Draining serial device buffer... Success!
Cleared data buffer: 00 00 00 00 00 00 00 00 00 00 
Read char #1 RC=1 (00) waited/max    23634/5000000  uS 
Read char #2 RC=1 (01) waited/max        8/5000000  uS 
Read char #3 RC=1 (00) waited/max        7/5000000  uS 
Read char #4 RC=1 (01) waited/max        8/5000000  uS 
Read char #5 RC=1 (7c) waited/max        7/5000000  uS 
Read char #6 RC=1 (bf) waited/max        7/5000000  uS 
Read char #7 RC=1 (0f) waited/max        7/5000000  uS 
Read char #8 RC=1 (b2) waited/max        7/5000000  uS 
answer:  00 01 00 01 7c bf 0f b2 
received 8 characters
CRC receive OK b20f
Transmission State Check: 0
szCvrtLong          97471 0x00017cbf
value               97471

Elapsed time since last comm 60 us
Attempt 1
Clearing read buffer Success!
szSerBufferSave OK! 02 4e 04 00 00 00 00 00 00 00 
command: 02 4e 04 00 00 00 00 00 97 d9 
Flushing serial device buffer... Success!
Sending command... sent 10 characters
Draining serial device buffer... Success!
Cleared data buffer: 00 00 00 00 00 00 00 00 00 00 
Read char #1 RC=0 (00) 
answer:  Got -1 characters

Elapsed time since last comm 0 us
Attempt 2
Clearing read buffer Success!
szSerBufferSave OK! 02 4e 04 00 00 00 00 00 00 00 
command: 02 4e 04 00 00 00 00 00 97 d9 
Flushing serial device buffer... Success!
Sending command... sent 10 characters
Draining serial device buffer... Success!
Cleared data buffer: 00 00 00 00 00 00 00 00 00 00 
Read char #1 RC=0 (00) waited/max   507825/5000000  uS 
answer:  Got -1 characters

Elapsed time since last comm 0 us
Attempt 3
Clearing read buffer Success!
szSerBufferSave OK! 02 4e 04 00 00 00 00 00 00 00 
command: 02 4e 04 00 00 00 00 00 97 d9 
Flushing serial device buffer... Success!
Sending command... sent 10 characters
Draining serial device buffer... Success!
Cleared data buffer: 00 00 00 00 00 00 00 00 00 00 
Read char #1 RC=0 (00) 
answer:  Got -1 characters

Elapsed time since last comm 0 us
Attempt 4
Clearing read buffer Success!
szSerBufferSave OK! 02 4e 04 00 00 00 00 00 00 00 
command: 02 4e 04 00 00 00 00 00 97 d9 
Flushing serial device buffer... Success!
Sending command... sent 10 characters
Draining serial device buffer... Success!
Cleared data buffer: 00 00 00 00 00 00 00 00 00 00 
Read char #1 RC=0 (00) waited/max   508695/5000000  uS 
answer:  Got -1 characters

Elapsed time since last comm 0 us
Attempt 5
Clearing read buffer Success!
szSerBufferSave OK! 02 4e 04 00 00 00 00 00 00 00 
command: 02 4e 04 00 00 00 00 00 97 d9 
Flushing serial device buffer... Success!
Sending command... sent 10 characters
Draining serial device buffer... Success!
Cleared data buffer: 00 00 00 00 00 00 00 00 00 00 
Read char #1 RC=0 (00) waited/max   507125/5000000  uS 
answer:  Got -1 characters

Elapsed time since last comm 0 us
Attempt 6
Clearing read buffer Success!
szSerBufferSave OK! 02 4e 04 00 00 00 00 00 00 00 
command: 02 4e 04 00 00 00 00 00 97 d9 
Flushing serial device buffer... Success!
Sending command... sent 10 characters
Draining serial device buffer... Success!
Cleared data buffer: 00 00 00 00 00 00 00 00 00 00 
Read char #1 RC=0 (00) 
answer:  Got -1 characters
_ERROR_ (78 4)

Restoring Serial Port settings /dev/ttyUSB0... Success!
Flushing serial device buffer... Success!
Closing Serial Port /dev/ttyUSB0... Success!

devLCKfile: </var/lock/LCK..ttyUSB0>
devLCKfileNew: </var/lock/LCK..ttyUSB0.10157>
Clearing Serial Port Lock (10157)... done.

20200227-06:53:52: aurora: ERROR: Received bad return code (-1 78 4)

Complete 20200227-06:53:52

