
aurora -b -a 2 -c -T -d0 -e /dev/ttyUSB0 

szttyDevice: /dev/ttyUSB0
yDelay:     1
yTimeout    0 mS
yMaxRunTime ~
devLCKfile: </var/lock/LCK..ttyUSB0>
devLCKfileNew: </var/lock/LCK..ttyUSB0.30056>
Got Params

RunTime     20200225-09:50:02 v1.9.3 
Endian    : Little
tm_gmtoff : yes
PID       : 30056

Attempting to get lock on Serial Port /dev/ttyUSB0...
Checking for lock
PID: 30056 COMMAND: "aurora" LckPID: 30056 LckCOMMAND: "aurora" LckPIDcommand "aurora" = me
Appears we got the lock.

Opening Serial Port /dev/ttyUSB0...  Serial Port /dev/ttyUSB0 successfully opened.
Configuring serial device... Flushing unread data first...  Success!
Flushing serial device buffer... Success!

Comm Check: Let's see if the Aurora is listening... 
Elapsed time since last comm 0 us
Attempt 1
Clearing read buffer Success!
szSerBufferSave OK! 02 3a 00 00 00 00 00 00 00 00 
command: 02 3a 00 00 00 00 00 00 01 b7 
Flushing serial device buffer... Success!
Sending command... sent 10 characters
Draining serial device buffer... Success!
Cleared data buffer: 00 00 00 00 00 00 00 00 00 00 
Read char #1 RC=1 (00) waited/max    10717/1000000  uS 
Read char #2 RC=1 (06) waited/max        8/1000000  uS 
Read char #3 RC=1 (33) waited/max        7/1000000  uS 
Read char #4 RC=1 (55) waited/max        7/1000000  uS 
Read char #5 RC=1 (4e) waited/max        7/1000000  uS 
Read char #6 RC=1 (4e) waited/max        7/1000000  uS 
Read char #7 RC=1 (7a) waited/max        7/1000000  uS 
Read char #8 RC=1 (68) waited/max        7/1000000  uS 
answer:  00 06 33 55 4e 4e 7a 68 
received 8 characters
CRC receive OK 687a
Transmission State Check: 0
Model ID "3" qMultiplier -1.0000000 -- PVI-3.6-OUTD --
Comm Check: OK

Elapsed time since last comm 197 us
Attempt 1
Clearing read buffer Success!
szSerBufferSave OK! 02 3b 04 00 00 00 00 00 00 00 
command: 02 3b 04 00 00 00 00 00 78 38 
Flushing serial device buffer... Success!
Sending command... sent 10 characters
Draining serial device buffer... Success!
Cleared data buffer: 00 00 00 00 00 00 00 00 00 00 
Read char #1 RC=1 (00) waited/max    13205/1000000  uS 
Read char #2 RC=1 (06) waited/max        8/1000000  uS 
Read char #3 RC=1 (42) waited/max        7/1000000  uS 
Read char #4 RC=1 (47) waited/max        7/1000000  uS 
Read char #5 RC=1 (fb) waited/max        6/1000000  uS 
Read char #6 RC=1 (e8) waited/max        7/1000000  uS 
Read char #7 RC=1 (43) waited/max        6/1000000  uS 
Read char #8 RC=1 (9a) waited/max        7/1000000  uS 
answer:  00 06 42 47 fb e8 43 9a 
received 8 characters
CRC receive OK 9a43
Transmission State Check: 0
szCvrtFloat    49.996002 0x4247fbe8
value        49.996002

Elapsed time since last comm 77 us
Attempt 1
Clearing read buffer Success!
szSerBufferSave OK! 02 3b 01 00 00 00 00 00 00 00 
command: 02 3b 01 00 00 00 00 00 ff 2c 
Flushing serial device buffer... Success!
Sending command... sent 10 characters
Draining serial device buffer... Success!
Cleared data buffer: 00 00 00 00 00 00 00 00 00 00 
Read char #1 RC=1 (7b) waited/max    13682/1000000  uS 
Read char #2 RC=0 (00) waited/max   103679/1000000  uS 
answer:  Got -1 characters
_ERROR_ (59 1)

Restoring Serial Port settings /dev/ttyUSB0... Success!
Flushing serial device buffer... Success!
Closing Serial Port /dev/ttyUSB0... Success!

devLCKfile: </var/lock/LCK..ttyUSB0>
devLCKfileNew: </var/lock/LCK..ttyUSB0.30056>
Clearing Serial Port Lock (30056)... done.

20200225-09:50:02: aurora: ERROR: Received bad return code (-1 59 1)

Complete 20200225-09:50:02

